{"C:\\Users\\Windows 11\\tcc\\dist\\geometry_wasm.js": {"path":"C:\\Users\\Windows 11\\tcc\\dist\\geometry_wasm.js","all":false,"statementMap":{"0":{"start":{"line":1,"column":0},"end":{"line":1,"column":29}},"1":{"start":{"line":2,"column":0},"end":{"line":2,"column":93}},"2":{"start":{"line":3,"column":0},"end":{"line":3,"column":2}},"3":{"start":{"line":4,"column":0},"end":{"line":4,"column":10}},"4":{"start":{"line":5,"column":0},"end":{"line":5,"column":32}},"5":{"start":{"line":6,"column":0},"end":{"line":6,"column":16}},"6":{"start":{"line":7,"column":0},"end":{"line":7,"column":0}},"7":{"start":{"line":8,"column":0},"end":{"line":8,"column":6329}},"8":{"start":{"line":9,"column":0},"end":{"line":9,"column":0}},"9":{"start":{"line":10,"column":0},"end":{"line":10,"column":0}},"10":{"start":{"line":11,"column":0},"end":{"line":11,"column":19}},"11":{"start":{"line":12,"column":0},"end":{"line":12,"column":1}},"12":{"start":{"line":13,"column":0},"end":{"line":13,"column":2}},"13":{"start":{"line":14,"column":0},"end":{"line":14,"column":5}},"14":{"start":{"line":15,"column":0},"end":{"line":15,"column":64}},"15":{"start":{"line":16,"column":0},"end":{"line":16,"column":34}},"16":{"start":{"line":17,"column":0},"end":{"line":17,"column":73}},"17":{"start":{"line":18,"column":0},"end":{"line":18,"column":27}},"18":{"start":{"line":19,"column":0},"end":{"line":19,"column":42}},"19":{"start":{"line":20,"column":0},"end":{"line":20,"column":57}},"20":{"start":{"line":21,"column":0},"end":{"line":21,"column":35}}},"s":{"0":1,"1":1,"2":1,"3":1,"4":0,"5":0,"6":0,"7":0,"8":0,"9":0,"10":0,"11":0,"12":1,"13":1,"14":1,"15":1,"16":1,"17":1,"18":1,"19":1,"20":0},"branchMap":{"0":{"type":"branch","line":20,"loc":{"start":{"line":20,"column":1},"end":{"line":21,"column":35}},"locations":[{"start":{"line":20,"column":1},"end":{"line":21,"column":35}}]},"1":{"type":"branch","line":1,"loc":{"start":{"line":1,"column":22},"end":{"line":14,"column":3}},"locations":[{"start":{"line":1,"column":22},"end":{"line":14,"column":3}}]},"2":{"type":"branch","line":2,"loc":{"start":{"line":2,"column":50},"end":{"line":2,"column":80}},"locations":[{"start":{"line":2,"column":50},"end":{"line":2,"column":80}}]}},"b":{"0":[0],"1":[1],"2":[0]},"fnMap":{},"f":{}}
,"C:\\Users\\Windows 11\\tcc\\dist\\mesh-pilot.umd.js": {"path":"C:\\Users\\Windows 11\\tcc\\dist\\mesh-pilot.umd.js","all":false,"statementMap":{"0":{"start":{"line":1,"column":0},"end":{"line":1,"column":57035}}},"s":{"0":1},"branchMap":{"0":{"type":"branch","line":1,"loc":{"start":{"line":1,"column":1},"end":{"line":1,"column":205}},"locations":[{"start":{"line":1,"column":1},"end":{"line":1,"column":205}}]},"1":{"type":"branch","line":1,"loc":{"start":{"line":1,"column":83},"end":{"line":1,"column":197}},"locations":[{"start":{"line":1,"column":83},"end":{"line":1,"column":197}}]},"2":{"type":"branch","line":1,"loc":{"start":{"line":1,"column":205},"end":{"line":1,"column":57033}},"locations":[{"start":{"line":1,"column":205},"end":{"line":1,"column":57033}}]},"3":{"type":"branch","line":1,"loc":{"start":{"line":1,"column":210},"end":{"line":1,"column":57031}},"locations":[{"start":{"line":1,"column":210},"end":{"line":1,"column":57031}}]},"4":{"type":"branch","line":1,"loc":{"start":{"line":1,"column":40430},"end":{"line":1,"column":40512}},"locations":[{"start":{"line":1,"column":40430},"end":{"line":1,"column":40512}}]},"5":{"type":"branch","line":1,"loc":{"start":{"line":1,"column":237},"end":{"line":1,"column":333}},"locations":[{"start":{"line":1,"column":237},"end":{"line":1,"column":333}}]},"6":{"type":"branch","line":1,"loc":{"start":{"line":1,"column":260},"end":{"line":1,"column":333}},"locations":[{"start":{"line":1,"column":260},"end":{"line":1,"column":333}}]},"7":{"type":"branch","line":1,"loc":{"start":{"line":1,"column":336},"end":{"line":1,"column":384}},"locations":[{"start":{"line":1,"column":336},"end":{"line":1,"column":384}}]},"8":{"type":"branch","line":1,"loc":{"start":{"line":1,"column":387},"end":{"line":1,"column":549}},"locations":[{"start":{"line":1,"column":387},"end":{"line":1,"column":549}}]},"9":{"type":"branch","line":1,"loc":{"start":{"line":1,"column":556},"end":{"line":1,"column":786}},"locations":[{"start":{"line":1,"column":556},"end":{"line":1,"column":786}}]},"10":{"type":"branch","line":1,"loc":{"start":{"line":1,"column":667},"end":{"line":1,"column":780}},"locations":[{"start":{"line":1,"column":667},"end":{"line":1,"column":780}}]},"11":{"type":"branch","line":1,"loc":{"start":{"line":1,"column":639},"end":{"line":1,"column":667}},"locations":[{"start":{"line":1,"column":639},"end":{"line":1,"column":667}}]},"12":{"type":"branch","line":1,"loc":{"start":{"line":1,"column":786},"end":{"line":1,"column":955}},"locations":[{"start":{"line":1,"column":786},"end":{"line":1,"column":955}}]},"13":{"type":"branch","line":1,"loc":{"start":{"line":1,"column":829},"end":{"line":1,"column":954}},"locations":[{"start":{"line":1,"column":829},"end":{"line":1,"column":954}}]},"14":{"type":"branch","line":1,"loc":{"start":{"line":1,"column":955},"end":{"line":1,"column":1230}},"locations":[{"start":{"line":1,"column":955},"end":{"line":1,"column":1230}}]},"15":{"type":"branch","line":1,"loc":{"start":{"line":1,"column":1222},"end":{"line":1,"column":1224}},"locations":[{"start":{"line":1,"column":1222},"end":{"line":1,"column":1224}}]},"16":{"type":"branch","line":1,"loc":{"start":{"line":1,"column":975},"end":{"line":1,"column":1198}},"locations":[{"start":{"line":1,"column":975},"end":{"line":1,"column":1198}}]},"17":{"type":"branch","line":1,"loc":{"start":{"line":1,"column":1004},"end":{"line":1,"column":1008}},"locations":[{"start":{"line":1,"column":1004},"end":{"line":1,"column":1008}}]},"18":{"type":"branch","line":1,"loc":{"start":{"line":1,"column":1017},"end":{"line":1,"column":1198}},"locations":[{"start":{"line":1,"column":1017},"end":{"line":1,"column":1198}}]},"19":{"type":"branch","line":1,"loc":{"start":{"line":1,"column":1315},"end":{"line":1,"column":1321}},"locations":[{"start":{"line":1,"column":1315},"end":{"line":1,"column":1321}}]},"20":{"type":"branch","line":1,"loc":{"start":{"line":1,"column":1333},"end":{"line":1,"column":1339}},"locations":[{"start":{"line":1,"column":1333},"end":{"line":1,"column":1339}}]},"21":{"type":"branch","line":1,"loc":{"start":{"line":1,"column":1348},"end":{"line":1,"column":1353}},"locations":[{"start":{"line":1,"column":1348},"end":{"line":1,"column":1353}}]},"22":{"type":"branch","line":1,"loc":{"start":{"line":1,"column":1362},"end":{"line":1,"column":2305}},"locations":[{"start":{"line":1,"column":1362},"end":{"line":1,"column":2305}}]},"23":{"type":"branch","line":1,"loc":{"start":{"line":1,"column":2296},"end":{"line":1,"column":2305}},"locations":[{"start":{"line":1,"column":2296},"end":{"line":1,"column":2305}}]},"24":{"type":"branch","line":1,"loc":{"start":{"line":1,"column":1382},"end":{"line":1,"column":1548}},"locations":[{"start":{"line":1,"column":1382},"end":{"line":1,"column":1548}}]},"25":{"type":"branch","line":1,"loc":{"start":{"line":1,"column":1396},"end":{"line":1,"column":1488}},"locations":[{"start":{"line":1,"column":1396},"end":{"line":1,"column":1488}}]},"26":{"type":"branch","line":1,"loc":{"start":{"line":1,"column":1431},"end":{"line":1,"column":1488}},"locations":[{"start":{"line":1,"column":1431},"end":{"line":1,"column":1488}}]},"27":{"type":"branch","line":1,"loc":{"start":{"line":1,"column":1568},"end":{"line":1,"column":1658}},"locations":[{"start":{"line":1,"column":1568},"end":{"line":1,"column":1658}}]},"28":{"type":"branch","line":1,"loc":{"start":{"line":1,"column":1677},"end":{"line":1,"column":1742}},"locations":[{"start":{"line":1,"column":1677},"end":{"line":1,"column":1742}}]},"29":{"type":"branch","line":1,"loc":{"start":{"line":1,"column":1762},"end":{"line":1,"column":2067}},"locations":[{"start":{"line":1,"column":1762},"end":{"line":1,"column":2067}}]},"30":{"type":"branch","line":1,"loc":{"start":{"line":1,"column":1820},"end":{"line":1,"column":1822}},"locations":[{"start":{"line":1,"column":1820},"end":{"line":1,"column":1822}}]},"31":{"type":"branch","line":1,"loc":{"start":{"line":1,"column":1972},"end":{"line":1,"column":2066}},"locations":[{"start":{"line":1,"column":1972},"end":{"line":1,"column":2066}}]},"32":{"type":"branch","line":1,"loc":{"start":{"line":1,"column":2003},"end":{"line":1,"column":2065}},"locations":[{"start":{"line":1,"column":2003},"end":{"line":1,"column":2065}}]},"33":{"type":"branch","line":1,"loc":{"start":{"line":1,"column":2037},"end":{"line":1,"column":2063}},"locations":[{"start":{"line":1,"column":2037},"end":{"line":1,"column":2063}}]},"34":{"type":"branch","line":1,"loc":{"start":{"line":1,"column":2308},"end":{"line":1,"column":2538}},"locations":[{"start":{"line":1,"column":2308},"end":{"line":1,"column":2538}}]},"35":{"type":"branch","line":1,"loc":{"start":{"line":1,"column":2419},"end":{"line":1,"column":2532}},"locations":[{"start":{"line":1,"column":2419},"end":{"line":1,"column":2532}}]},"36":{"type":"branch","line":1,"loc":{"start":{"line":1,"column":2391},"end":{"line":1,"column":2419}},"locations":[{"start":{"line":1,"column":2391},"end":{"line":1,"column":2419}}]},"37":{"type":"branch","line":1,"loc":{"start":{"line":1,"column":2538},"end":{"line":1,"column":3449}},"locations":[{"start":{"line":1,"column":2538},"end":{"line":1,"column":3449}}]},"38":{"type":"branch","line":1,"loc":{"start":{"line":1,"column":2606},"end":{"line":1,"column":2623}},"locations":[{"start":{"line":1,"column":2606},"end":{"line":1,"column":2623}}]},"39":{"type":"branch","line":1,"loc":{"start":{"line":1,"column":2630},"end":{"line":1,"column":3258}},"locations":[{"start":{"line":1,"column":2630},"end":{"line":1,"column":3258}}]},"40":{"type":"branch","line":1,"loc":{"start":{"line":1,"column":3283},"end":{"line":1,"column":3306}},"locations":[{"start":{"line":1,"column":3283},"end":{"line":1,"column":3306}}]},"41":{"type":"branch","line":1,"loc":{"start":{"line":1,"column":3309},"end":{"line":1,"column":3353}},"locations":[{"start":{"line":1,"column":3309},"end":{"line":1,"column":3353}}]},"42":{"type":"branch","line":1,"loc":{"start":{"line":1,"column":3380},"end":{"line":1,"column":3447}},"locations":[{"start":{"line":1,"column":3380},"end":{"line":1,"column":3447}}]},"43":{"type":"branch","line":1,"loc":{"start":{"line":1,"column":3396},"end":{"line":1,"column":3412}},"locations":[{"start":{"line":1,"column":3396},"end":{"line":1,"column":3412}}]},"44":{"type":"branch","line":1,"loc":{"start":{"line":1,"column":3412},"end":{"line":1,"column":3424}},"locations":[{"start":{"line":1,"column":3412},"end":{"line":1,"column":3424}}]},"45":{"type":"branch","line":1,"loc":{"start":{"line":1,"column":3438},"end":{"line":1,"column":3446}},"locations":[{"start":{"line":1,"column":3438},"end":{"line":1,"column":3446}}]},"46":{"type":"branch","line":1,"loc":{"start":{"line":1,"column":3551},"end":{"line":1,"column":3720}},"locations":[{"start":{"line":1,"column":3551},"end":{"line":1,"column":3720}}]},"47":{"type":"branch","line":1,"loc":{"start":{"line":1,"column":3594},"end":{"line":1,"column":3719}},"locations":[{"start":{"line":1,"column":3594},"end":{"line":1,"column":3719}}]},"48":{"type":"branch","line":1,"loc":{"start":{"line":1,"column":3720},"end":{"line":1,"column":3995}},"locations":[{"start":{"line":1,"column":3720},"end":{"line":1,"column":3995}}]},"49":{"type":"branch","line":1,"loc":{"start":{"line":1,"column":3987},"end":{"line":1,"column":3989}},"locations":[{"start":{"line":1,"column":3987},"end":{"line":1,"column":3989}}]},"50":{"type":"branch","line":1,"loc":{"start":{"line":1,"column":3740},"end":{"line":1,"column":3963}},"locations":[{"start":{"line":1,"column":3740},"end":{"line":1,"column":3963}}]},"51":{"type":"branch","line":1,"loc":{"start":{"line":1,"column":3769},"end":{"line":1,"column":3773}},"locations":[{"start":{"line":1,"column":3769},"end":{"line":1,"column":3773}}]},"52":{"type":"branch","line":1,"loc":{"start":{"line":1,"column":3782},"end":{"line":1,"column":3963}},"locations":[{"start":{"line":1,"column":3782},"end":{"line":1,"column":3963}}]},"53":{"type":"branch","line":1,"loc":{"start":{"line":1,"column":4001},"end":{"line":1,"column":5982}},"locations":[{"start":{"line":1,"column":4001},"end":{"line":1,"column":5982}}]},"54":{"type":"branch","line":1,"loc":{"start":{"line":1,"column":5973},"end":{"line":1,"column":5982}},"locations":[{"start":{"line":1,"column":5973},"end":{"line":1,"column":5982}}]},"55":{"type":"branch","line":1,"loc":{"start":{"line":1,"column":4021},"end":{"line":1,"column":4479}},"locations":[{"start":{"line":1,"column":4021},"end":{"line":1,"column":4479}}]},"56":{"type":"branch","line":1,"loc":{"start":{"line":1,"column":4059},"end":{"line":1,"column":4082}},"locations":[{"start":{"line":1,"column":4059},"end":{"line":1,"column":4082}}]},"57":{"type":"branch","line":1,"loc":{"start":{"line":1,"column":4082},"end":{"line":1,"column":4095}},"locations":[{"start":{"line":1,"column":4082},"end":{"line":1,"column":4095}}]},"58":{"type":"branch","line":1,"loc":{"start":{"line":1,"column":4233},"end":{"line":1,"column":4288}},"locations":[{"start":{"line":1,"column":4233},"end":{"line":1,"column":4288}}]},"59":{"type":"branch","line":1,"loc":{"start":{"line":1,"column":4102},"end":{"line":1,"column":4194}},"locations":[{"start":{"line":1,"column":4102},"end":{"line":1,"column":4194}}]},"60":{"type":"branch","line":1,"loc":{"start":{"line":1,"column":4137},"end":{"line":1,"column":4194}},"locations":[{"start":{"line":1,"column":4137},"end":{"line":1,"column":4194}}]},"61":{"type":"branch","line":1,"loc":{"start":{"line":1,"column":4512},"end":{"line":1,"column":4838}},"locations":[{"start":{"line":1,"column":4512},"end":{"line":1,"column":4838}}]},"62":{"type":"branch","line":1,"loc":{"start":{"line":1,"column":4542},"end":{"line":1,"column":4565}},"locations":[{"start":{"line":1,"column":4542},"end":{"line":1,"column":4565}}]},"63":{"type":"branch","line":1,"loc":{"start":{"line":1,"column":4647},"end":{"line":1,"column":4738}},"locations":[{"start":{"line":1,"column":4647},"end":{"line":1,"column":4738}}]},"64":{"type":"branch","line":1,"loc":{"start":{"line":1,"column":4739},"end":{"line":1,"column":4755}},"locations":[{"start":{"line":1,"column":4739},"end":{"line":1,"column":4755}}]},"65":{"type":"branch","line":1,"loc":{"start":{"line":1,"column":4862},"end":{"line":1,"column":5062}},"locations":[{"start":{"line":1,"column":4862},"end":{"line":1,"column":5062}}]},"66":{"type":"branch","line":1,"loc":{"start":{"line":1,"column":4893},"end":{"line":1,"column":4980}},"locations":[{"start":{"line":1,"column":4893},"end":{"line":1,"column":4980}}]},"67":{"type":"branch","line":1,"loc":{"start":{"line":1,"column":4980},"end":{"line":1,"column":5038}},"locations":[{"start":{"line":1,"column":4980},"end":{"line":1,"column":5038}}]},"68":{"type":"branch","line":1,"loc":{"start":{"line":1,"column":5037},"end":{"line":1,"column":5062}},"locations":[{"start":{"line":1,"column":5037},"end":{"line":1,"column":5062}}]},"69":{"type":"branch","line":1,"loc":{"start":{"line":1,"column":5087},"end":{"line":1,"column":5360}},"locations":[{"start":{"line":1,"column":5087},"end":{"line":1,"column":5360}}]},"70":{"type":"branch","line":1,"loc":{"start":{"line":1,"column":5119},"end":{"line":1,"column":5144}},"locations":[{"start":{"line":1,"column":5119},"end":{"line":1,"column":5144}}]},"71":{"type":"branch","line":1,"loc":{"start":{"line":1,"column":5143},"end":{"line":1,"column":5208}},"locations":[{"start":{"line":1,"column":5143},"end":{"line":1,"column":5208}}]},"72":{"type":"branch","line":1,"loc":{"start":{"line":1,"column":5208},"end":{"line":1,"column":5245}},"locations":[{"start":{"line":1,"column":5208},"end":{"line":1,"column":5245}}]},"73":{"type":"branch","line":1,"loc":{"start":{"line":1,"column":5246},"end":{"line":1,"column":5262}},"locations":[{"start":{"line":1,"column":5246},"end":{"line":1,"column":5262}}]},"74":{"type":"branch","line":1,"loc":{"start":{"line":1,"column":5262},"end":{"line":1,"column":5360}},"locations":[{"start":{"line":1,"column":5262},"end":{"line":1,"column":5360}}]},"75":{"type":"branch","line":1,"loc":{"start":{"line":1,"column":5985},"end":{"line":1,"column":6215}},"locations":[{"start":{"line":1,"column":5985},"end":{"line":1,"column":6215}}]},"76":{"type":"branch","line":1,"loc":{"start":{"line":1,"column":6096},"end":{"line":1,"column":6209}},"locations":[{"start":{"line":1,"column":6096},"end":{"line":1,"column":6209}}]},"77":{"type":"branch","line":1,"loc":{"start":{"line":1,"column":6068},"end":{"line":1,"column":6096}},"locations":[{"start":{"line":1,"column":6068},"end":{"line":1,"column":6096}}]},"78":{"type":"branch","line":1,"loc":{"start":{"line":1,"column":7614},"end":{"line":1,"column":7836}},"locations":[{"start":{"line":1,"column":7614},"end":{"line":1,"column":7836}}]},"79":{"type":"branch","line":1,"loc":{"start":{"line":1,"column":7961},"end":{"line":1,"column":8055}},"locations":[{"start":{"line":1,"column":7961},"end":{"line":1,"column":8055}}]},"80":{"type":"branch","line":1,"loc":{"start":{"line":1,"column":7998},"end":{"line":1,"column":8055}},"locations":[{"start":{"line":1,"column":7998},"end":{"line":1,"column":8055}}]},"81":{"type":"branch","line":1,"loc":{"start":{"line":1,"column":8055},"end":{"line":1,"column":8224}},"locations":[{"start":{"line":1,"column":8055},"end":{"line":1,"column":8224}}]},"82":{"type":"branch","line":1,"loc":{"start":{"line":1,"column":8098},"end":{"line":1,"column":8223}},"locations":[{"start":{"line":1,"column":8098},"end":{"line":1,"column":8223}}]},"83":{"type":"branch","line":1,"loc":{"start":{"line":1,"column":8224},"end":{"line":1,"column":8332}},"locations":[{"start":{"line":1,"column":8224},"end":{"line":1,"column":8332}}]},"84":{"type":"branch","line":1,"loc":{"start":{"line":1,"column":8270},"end":{"line":1,"column":8278}},"locations":[{"start":{"line":1,"column":8270},"end":{"line":1,"column":8278}}]},"85":{"type":"branch","line":1,"loc":{"start":{"line":1,"column":8332},"end":{"line":1,"column":8607}},"locations":[{"start":{"line":1,"column":8332},"end":{"line":1,"column":8607}}]},"86":{"type":"branch","line":1,"loc":{"start":{"line":1,"column":8599},"end":{"line":1,"column":8601}},"locations":[{"start":{"line":1,"column":8599},"end":{"line":1,"column":8601}}]},"87":{"type":"branch","line":1,"loc":{"start":{"line":1,"column":8352},"end":{"line":1,"column":8575}},"locations":[{"start":{"line":1,"column":8352},"end":{"line":1,"column":8575}}]},"88":{"type":"branch","line":1,"loc":{"start":{"line":1,"column":8381},"end":{"line":1,"column":8385}},"locations":[{"start":{"line":1,"column":8381},"end":{"line":1,"column":8385}}]},"89":{"type":"branch","line":1,"loc":{"start":{"line":1,"column":8394},"end":{"line":1,"column":8575}},"locations":[{"start":{"line":1,"column":8394},"end":{"line":1,"column":8575}}]},"90":{"type":"branch","line":1,"loc":{"start":{"line":1,"column":8607},"end":{"line":1,"column":8752}},"locations":[{"start":{"line":1,"column":8607},"end":{"line":1,"column":8752}}]},"91":{"type":"branch","line":1,"loc":{"start":{"line":1,"column":8708},"end":{"line":1,"column":8718}},"locations":[{"start":{"line":1,"column":8708},"end":{"line":1,"column":8718}}]},"92":{"type":"branch","line":1,"loc":{"start":{"line":1,"column":8692},"end":{"line":1,"column":8705}},"locations":[{"start":{"line":1,"column":8692},"end":{"line":1,"column":8705}}]},"93":{"type":"branch","line":1,"loc":{"start":{"line":1,"column":8727},"end":{"line":1,"column":8748}},"locations":[{"start":{"line":1,"column":8727},"end":{"line":1,"column":8748}}]},"94":{"type":"branch","line":1,"loc":{"start":{"line":1,"column":8752},"end":{"line":1,"column":8889}},"locations":[{"start":{"line":1,"column":8752},"end":{"line":1,"column":8889}}]},"95":{"type":"branch","line":1,"loc":{"start":{"line":1,"column":8825},"end":{"line":1,"column":8883}},"locations":[{"start":{"line":1,"column":8825},"end":{"line":1,"column":8883}}]},"96":{"type":"branch","line":1,"loc":{"start":{"line":1,"column":8889},"end":{"line":1,"column":9010}},"locations":[{"start":{"line":1,"column":8889},"end":{"line":1,"column":9010}}]},"97":{"type":"branch","line":1,"loc":{"start":{"line":1,"column":8964},"end":{"line":1,"column":9002}},"locations":[{"start":{"line":1,"column":8964},"end":{"line":1,"column":9002}}]},"98":{"type":"branch","line":1,"loc":{"start":{"line":1,"column":9016},"end":{"line":1,"column":13853}},"locations":[{"start":{"line":1,"column":9016},"end":{"line":1,"column":13853}}]},"99":{"type":"branch","line":1,"loc":{"start":{"line":1,"column":9028},"end":{"line":1,"column":10075}},"locations":[{"start":{"line":1,"column":9028},"end":{"line":1,"column":10075}}]},"100":{"type":"branch","line":1,"loc":{"start":{"line":1,"column":9091},"end":{"line":1,"column":9104}},"locations":[{"start":{"line":1,"column":9091},"end":{"line":1,"column":9104}}]},"101":{"type":"branch","line":1,"loc":{"start":{"line":1,"column":9128},"end":{"line":1,"column":9517}},"locations":[{"start":{"line":1,"column":9128},"end":{"line":1,"column":9517}}]},"102":{"type":"branch","line":1,"loc":{"start":{"line":1,"column":9502},"end":{"line":1,"column":9515}},"locations":[{"start":{"line":1,"column":9502},"end":{"line":1,"column":9515}}]},"103":{"type":"branch","line":1,"loc":{"start":{"line":1,"column":9158},"end":{"line":1,"column":9452}},"locations":[{"start":{"line":1,"column":9158},"end":{"line":1,"column":9452}}]},"104":{"type":"branch","line":1,"loc":{"start":{"line":1,"column":9193},"end":{"line":1,"column":9215}},"locations":[{"start":{"line":1,"column":9193},"end":{"line":1,"column":9215}}]},"105":{"type":"branch","line":1,"loc":{"start":{"line":1,"column":9225},"end":{"line":1,"column":9452}},"locations":[{"start":{"line":1,"column":9225},"end":{"line":1,"column":9452}}]},"106":{"type":"branch","line":1,"loc":{"start":{"line":1,"column":9547},"end":{"line":1,"column":9898}},"locations":[{"start":{"line":1,"column":9547},"end":{"line":1,"column":9898}}]},"107":{"type":"branch","line":1,"loc":{"start":{"line":1,"column":9632},"end":{"line":1,"column":9635}},"locations":[{"start":{"line":1,"column":9632},"end":{"line":1,"column":9635}}]},"108":{"type":"branch","line":1,"loc":{"start":{"line":1,"column":9691},"end":{"line":1,"column":9888}},"locations":[{"start":{"line":1,"column":9691},"end":{"line":1,"column":9888}}]},"109":{"type":"branch","line":1,"loc":{"start":{"line":1,"column":10082},"end":{"line":1,"column":10359}},"locations":[{"start":{"line":1,"column":10082},"end":{"line":1,"column":10359}}]},"110":{"type":"branch","line":1,"loc":{"start":{"line":1,"column":10119},"end":{"line":1,"column":10129}},"locations":[{"start":{"line":1,"column":10119},"end":{"line":1,"column":10129}}]},"111":{"type":"branch","line":1,"loc":{"start":{"line":1,"column":10130},"end":{"line":1,"column":10204}},"locations":[{"start":{"line":1,"column":10130},"end":{"line":1,"column":10204}}]},"112":{"type":"branch","line":1,"loc":{"start":{"line":1,"column":10388},"end":{"line":1,"column":10425}},"locations":[{"start":{"line":1,"column":10388},"end":{"line":1,"column":10425}}]},"113":{"type":"branch","line":1,"loc":{"start":{"line":1,"column":10459},"end":{"line":1,"column":10739}},"locations":[{"start":{"line":1,"column":10459},"end":{"line":1,"column":10739}}]},"114":{"type":"branch","line":1,"loc":{"start":{"line":1,"column":10503},"end":{"line":1,"column":10738}},"locations":[{"start":{"line":1,"column":10503},"end":{"line":1,"column":10738}}]},"115":{"type":"branch","line":1,"loc":{"start":{"line":1,"column":10537},"end":{"line":1,"column":10628}},"locations":[{"start":{"line":1,"column":10537},"end":{"line":1,"column":10628}}]},"116":{"type":"branch","line":1,"loc":{"start":{"line":1,"column":10579},"end":{"line":1,"column":10625}},"locations":[{"start":{"line":1,"column":10579},"end":{"line":1,"column":10625}}]},"117":{"type":"branch","line":1,"loc":{"start":{"line":1,"column":10641},"end":{"line":1,"column":10705}},"locations":[{"start":{"line":1,"column":10641},"end":{"line":1,"column":10705}}]},"118":{"type":"branch","line":1,"loc":{"start":{"line":1,"column":13859},"end":{"line":1,"column":14952}},"locations":[{"start":{"line":1,"column":13859},"end":{"line":1,"column":14952}}]},"119":{"type":"branch","line":1,"loc":{"start":{"line":1,"column":13880},"end":{"line":1,"column":14002}},"locations":[{"start":{"line":1,"column":13880},"end":{"line":1,"column":14002}}]},"120":{"type":"branch","line":1,"loc":{"start":{"line":1,"column":13953},"end":{"line":1,"column":13957}},"locations":[{"start":{"line":1,"column":13953},"end":{"line":1,"column":13957}}]},"121":{"type":"branch","line":1,"loc":{"start":{"line":1,"column":14029},"end":{"line":1,"column":14220}},"locations":[{"start":{"line":1,"column":14029},"end":{"line":1,"column":14220}}]},"122":{"type":"branch","line":1,"loc":{"start":{"line":1,"column":14111},"end":{"line":1,"column":14218}},"locations":[{"start":{"line":1,"column":14111},"end":{"line":1,"column":14218}}]},"123":{"type":"branch","line":1,"loc":{"start":{"line":1,"column":14156},"end":{"line":1,"column":14179}},"locations":[{"start":{"line":1,"column":14156},"end":{"line":1,"column":14179}}]},"124":{"type":"branch","line":1,"loc":{"start":{"line":1,"column":14465},"end":{"line":1,"column":14617}},"locations":[{"start":{"line":1,"column":14465},"end":{"line":1,"column":14617}}]},"125":{"type":"branch","line":1,"loc":{"start":{"line":1,"column":14649},"end":{"line":1,"column":14875}},"locations":[{"start":{"line":1,"column":14649},"end":{"line":1,"column":14875}}]},"126":{"type":"branch","line":1,"loc":{"start":{"line":1,"column":14899},"end":{"line":1,"column":14948}},"locations":[{"start":{"line":1,"column":14899},"end":{"line":1,"column":14948}}]},"127":{"type":"branch","line":1,"loc":{"start":{"line":1,"column":14955},"end":{"line":1,"column":15185}},"locations":[{"start":{"line":1,"column":14955},"end":{"line":1,"column":15185}}]},"128":{"type":"branch","line":1,"loc":{"start":{"line":1,"column":15066},"end":{"line":1,"column":15179}},"locations":[{"start":{"line":1,"column":15066},"end":{"line":1,"column":15179}}]},"129":{"type":"branch","line":1,"loc":{"start":{"line":1,"column":15038},"end":{"line":1,"column":15066}},"locations":[{"start":{"line":1,"column":15038},"end":{"line":1,"column":15066}}]},"130":{"type":"branch","line":1,"loc":{"start":{"line":1,"column":15885},"end":{"line":1,"column":16538}},"locations":[{"start":{"line":1,"column":15885},"end":{"line":1,"column":16538}}]},"131":{"type":"branch","line":1,"loc":{"start":{"line":1,"column":15952},"end":{"line":1,"column":16353}},"locations":[{"start":{"line":1,"column":15952},"end":{"line":1,"column":16353}}]},"132":{"type":"branch","line":1,"loc":{"start":{"line":1,"column":16353},"end":{"line":1,"column":16361}},"locations":[{"start":{"line":1,"column":16353},"end":{"line":1,"column":16361}}]},"133":{"type":"branch","line":1,"loc":{"start":{"line":1,"column":16361},"end":{"line":1,"column":16537}},"locations":[{"start":{"line":1,"column":16361},"end":{"line":1,"column":16537}}]},"134":{"type":"branch","line":1,"loc":{"start":{"line":1,"column":15908},"end":{"line":1,"column":15949}},"locations":[{"start":{"line":1,"column":15908},"end":{"line":1,"column":15949}}]},"135":{"type":"branch","line":1,"loc":{"start":{"line":1,"column":16538},"end":{"line":1,"column":17180}},"locations":[{"start":{"line":1,"column":16538},"end":{"line":1,"column":17180}}]},"136":{"type":"branch","line":1,"loc":{"start":{"line":1,"column":16606},"end":{"line":1,"column":16623}},"locations":[{"start":{"line":1,"column":16606},"end":{"line":1,"column":16623}}]},"137":{"type":"branch","line":1,"loc":{"start":{"line":1,"column":16630},"end":{"line":1,"column":16989}},"locations":[{"start":{"line":1,"column":16630},"end":{"line":1,"column":16989}}]},"138":{"type":"branch","line":1,"loc":{"start":{"line":1,"column":17014},"end":{"line":1,"column":17037}},"locations":[{"start":{"line":1,"column":17014},"end":{"line":1,"column":17037}}]},"139":{"type":"branch","line":1,"loc":{"start":{"line":1,"column":17040},"end":{"line":1,"column":17084}},"locations":[{"start":{"line":1,"column":17040},"end":{"line":1,"column":17084}}]},"140":{"type":"branch","line":1,"loc":{"start":{"line":1,"column":17111},"end":{"line":1,"column":17178}},"locations":[{"start":{"line":1,"column":17111},"end":{"line":1,"column":17178}}]},"141":{"type":"branch","line":1,"loc":{"start":{"line":1,"column":17127},"end":{"line":1,"column":17143}},"locations":[{"start":{"line":1,"column":17127},"end":{"line":1,"column":17143}}]},"142":{"type":"branch","line":1,"loc":{"start":{"line":1,"column":17143},"end":{"line":1,"column":17155}},"locations":[{"start":{"line":1,"column":17143},"end":{"line":1,"column":17155}}]},"143":{"type":"branch","line":1,"loc":{"start":{"line":1,"column":17169},"end":{"line":1,"column":17177}},"locations":[{"start":{"line":1,"column":17169},"end":{"line":1,"column":17177}}]},"144":{"type":"branch","line":1,"loc":{"start":{"line":1,"column":17554},"end":{"line":1,"column":17723}},"locations":[{"start":{"line":1,"column":17554},"end":{"line":1,"column":17723}}]},"145":{"type":"branch","line":1,"loc":{"start":{"line":1,"column":17597},"end":{"line":1,"column":17722}},"locations":[{"start":{"line":1,"column":17597},"end":{"line":1,"column":17722}}]},"146":{"type":"branch","line":1,"loc":{"start":{"line":1,"column":17723},"end":{"line":1,"column":17998}},"locations":[{"start":{"line":1,"column":17723},"end":{"line":1,"column":17998}}]},"147":{"type":"branch","line":1,"loc":{"start":{"line":1,"column":17990},"end":{"line":1,"column":17992}},"locations":[{"start":{"line":1,"column":17990},"end":{"line":1,"column":17992}}]},"148":{"type":"branch","line":1,"loc":{"start":{"line":1,"column":17743},"end":{"line":1,"column":17966}},"locations":[{"start":{"line":1,"column":17743},"end":{"line":1,"column":17966}}]},"149":{"type":"branch","line":1,"loc":{"start":{"line":1,"column":17772},"end":{"line":1,"column":17776}},"locations":[{"start":{"line":1,"column":17772},"end":{"line":1,"column":17776}}]},"150":{"type":"branch","line":1,"loc":{"start":{"line":1,"column":17785},"end":{"line":1,"column":17966}},"locations":[{"start":{"line":1,"column":17785},"end":{"line":1,"column":17966}}]},"151":{"type":"branch","line":1,"loc":{"start":{"line":1,"column":17998},"end":{"line":1,"column":18143}},"locations":[{"start":{"line":1,"column":17998},"end":{"line":1,"column":18143}}]},"152":{"type":"branch","line":1,"loc":{"start":{"line":1,"column":18099},"end":{"line":1,"column":18109}},"locations":[{"start":{"line":1,"column":18099},"end":{"line":1,"column":18109}}]},"153":{"type":"branch","line":1,"loc":{"start":{"line":1,"column":18083},"end":{"line":1,"column":18096}},"locations":[{"start":{"line":1,"column":18083},"end":{"line":1,"column":18096}}]},"154":{"type":"branch","line":1,"loc":{"start":{"line":1,"column":18118},"end":{"line":1,"column":18139}},"locations":[{"start":{"line":1,"column":18118},"end":{"line":1,"column":18139}}]},"155":{"type":"branch","line":1,"loc":{"start":{"line":1,"column":18143},"end":{"line":1,"column":18280}},"locations":[{"start":{"line":1,"column":18143},"end":{"line":1,"column":18280}}]},"156":{"type":"branch","line":1,"loc":{"start":{"line":1,"column":18216},"end":{"line":1,"column":18274}},"locations":[{"start":{"line":1,"column":18216},"end":{"line":1,"column":18274}}]},"157":{"type":"branch","line":1,"loc":{"start":{"line":1,"column":18280},"end":{"line":1,"column":18401}},"locations":[{"start":{"line":1,"column":18280},"end":{"line":1,"column":18401}}]},"158":{"type":"branch","line":1,"loc":{"start":{"line":1,"column":18355},"end":{"line":1,"column":18393}},"locations":[{"start":{"line":1,"column":18355},"end":{"line":1,"column":18393}}]},"159":{"type":"branch","line":1,"loc":{"start":{"line":1,"column":18407},"end":{"line":1,"column":20311}},"locations":[{"start":{"line":1,"column":18407},"end":{"line":1,"column":20311}}]},"160":{"type":"branch","line":1,"loc":{"start":{"line":1,"column":20302},"end":{"line":1,"column":20311}},"locations":[{"start":{"line":1,"column":20302},"end":{"line":1,"column":20311}}]},"161":{"type":"branch","line":1,"loc":{"start":{"line":1,"column":18419},"end":{"line":1,"column":19362}},"locations":[{"start":{"line":1,"column":18419},"end":{"line":1,"column":19362}}]},"162":{"type":"branch","line":1,"loc":{"start":{"line":1,"column":18494},"end":{"line":1,"column":18497}},"locations":[{"start":{"line":1,"column":18494},"end":{"line":1,"column":18497}}]},"163":{"type":"branch","line":1,"loc":{"start":{"line":1,"column":18554},"end":{"line":1,"column":18557}},"locations":[{"start":{"line":1,"column":18554},"end":{"line":1,"column":18557}}]},"164":{"type":"branch","line":1,"loc":{"start":{"line":1,"column":19132},"end":{"line":1,"column":19170}},"locations":[{"start":{"line":1,"column":19132},"end":{"line":1,"column":19170}}]},"165":{"type":"branch","line":1,"loc":{"start":{"line":1,"column":19171},"end":{"line":1,"column":19187}},"locations":[{"start":{"line":1,"column":19171},"end":{"line":1,"column":19187}}]},"166":{"type":"branch","line":1,"loc":{"start":{"line":1,"column":19323},"end":{"line":1,"column":19339}},"locations":[{"start":{"line":1,"column":19323},"end":{"line":1,"column":19339}}]},"167":{"type":"branch","line":1,"loc":{"start":{"line":1,"column":18559},"end":{"line":1,"column":18651}},"locations":[{"start":{"line":1,"column":18559},"end":{"line":1,"column":18651}}]},"168":{"type":"branch","line":1,"loc":{"start":{"line":1,"column":18594},"end":{"line":1,"column":18651}},"locations":[{"start":{"line":1,"column":18594},"end":{"line":1,"column":18651}}]},"169":{"type":"branch","line":1,"loc":{"start":{"line":1,"column":18663},"end":{"line":1,"column":19052}},"locations":[{"start":{"line":1,"column":18663},"end":{"line":1,"column":19052}}]},"170":{"type":"branch","line":1,"loc":{"start":{"line":1,"column":19037},"end":{"line":1,"column":19050}},"locations":[{"start":{"line":1,"column":19037},"end":{"line":1,"column":19050}}]},"171":{"type":"branch","line":1,"loc":{"start":{"line":1,"column":18693},"end":{"line":1,"column":18987}},"locations":[{"start":{"line":1,"column":18693},"end":{"line":1,"column":18987}}]},"172":{"type":"branch","line":1,"loc":{"start":{"line":1,"column":18728},"end":{"line":1,"column":18750}},"locations":[{"start":{"line":1,"column":18728},"end":{"line":1,"column":18750}}]},"173":{"type":"branch","line":1,"loc":{"start":{"line":1,"column":18760},"end":{"line":1,"column":18987}},"locations":[{"start":{"line":1,"column":18760},"end":{"line":1,"column":18987}}]},"174":{"type":"branch","line":1,"loc":{"start":{"line":1,"column":19369},"end":{"line":1,"column":19646}},"locations":[{"start":{"line":1,"column":19369},"end":{"line":1,"column":19646}}]},"175":{"type":"branch","line":1,"loc":{"start":{"line":1,"column":19406},"end":{"line":1,"column":19416}},"locations":[{"start":{"line":1,"column":19406},"end":{"line":1,"column":19416}}]},"176":{"type":"branch","line":1,"loc":{"start":{"line":1,"column":19417},"end":{"line":1,"column":19491}},"locations":[{"start":{"line":1,"column":19417},"end":{"line":1,"column":19491}}]},"177":{"type":"branch","line":1,"loc":{"start":{"line":1,"column":19681},"end":{"line":1,"column":19846}},"locations":[{"start":{"line":1,"column":19681},"end":{"line":1,"column":19846}}]},"178":{"type":"branch","line":1,"loc":{"start":{"line":1,"column":19755},"end":{"line":1,"column":19757}},"locations":[{"start":{"line":1,"column":19755},"end":{"line":1,"column":19757}}]},"179":{"type":"branch","line":1,"loc":{"start":{"line":1,"column":19777},"end":{"line":1,"column":19801}},"locations":[{"start":{"line":1,"column":19777},"end":{"line":1,"column":19801}}]},"180":{"type":"branch","line":1,"loc":{"start":{"line":1,"column":19876},"end":{"line":1,"column":19919}},"locations":[{"start":{"line":1,"column":19876},"end":{"line":1,"column":19919}}]},"181":{"type":"branch","line":1,"loc":{"start":{"line":1,"column":19914},"end":{"line":1,"column":19918}},"locations":[{"start":{"line":1,"column":19914},"end":{"line":1,"column":19918}}]},"182":{"type":"branch","line":1,"loc":{"start":{"line":1,"column":19942},"end":{"line":1,"column":20009}},"locations":[{"start":{"line":1,"column":19942},"end":{"line":1,"column":20009}}]},"183":{"type":"branch","line":1,"loc":{"start":{"line":1,"column":19978},"end":{"line":1,"column":20007}},"locations":[{"start":{"line":1,"column":19978},"end":{"line":1,"column":20007}}]},"184":{"type":"branch","line":1,"loc":{"start":{"line":1,"column":20315},"end":{"line":1,"column":20545}},"locations":[{"start":{"line":1,"column":20315},"end":{"line":1,"column":20545}}]},"185":{"type":"branch","line":1,"loc":{"start":{"line":1,"column":20426},"end":{"line":1,"column":20539}},"locations":[{"start":{"line":1,"column":20426},"end":{"line":1,"column":20539}}]},"186":{"type":"branch","line":1,"loc":{"start":{"line":1,"column":20398},"end":{"line":1,"column":20426}},"locations":[{"start":{"line":1,"column":20398},"end":{"line":1,"column":20426}}]},"187":{"type":"branch","line":1,"loc":{"start":{"line":1,"column":20545},"end":{"line":1,"column":21456}},"locations":[{"start":{"line":1,"column":20545},"end":{"line":1,"column":21456}}]},"188":{"type":"branch","line":1,"loc":{"start":{"line":1,"column":20613},"end":{"line":1,"column":20630}},"locations":[{"start":{"line":1,"column":20613},"end":{"line":1,"column":20630}}]},"189":{"type":"branch","line":1,"loc":{"start":{"line":1,"column":20637},"end":{"line":1,"column":21265}},"locations":[{"start":{"line":1,"column":20637},"end":{"line":1,"column":21265}}]},"190":{"type":"branch","line":1,"loc":{"start":{"line":1,"column":21290},"end":{"line":1,"column":21313}},"locations":[{"start":{"line":1,"column":21290},"end":{"line":1,"column":21313}}]},"191":{"type":"branch","line":1,"loc":{"start":{"line":1,"column":21316},"end":{"line":1,"column":21360}},"locations":[{"start":{"line":1,"column":21316},"end":{"line":1,"column":21360}}]},"192":{"type":"branch","line":1,"loc":{"start":{"line":1,"column":21387},"end":{"line":1,"column":21454}},"locations":[{"start":{"line":1,"column":21387},"end":{"line":1,"column":21454}}]},"193":{"type":"branch","line":1,"loc":{"start":{"line":1,"column":21403},"end":{"line":1,"column":21419}},"locations":[{"start":{"line":1,"column":21403},"end":{"line":1,"column":21419}}]},"194":{"type":"branch","line":1,"loc":{"start":{"line":1,"column":21419},"end":{"line":1,"column":21431}},"locations":[{"start":{"line":1,"column":21419},"end":{"line":1,"column":21431}}]},"195":{"type":"branch","line":1,"loc":{"start":{"line":1,"column":21445},"end":{"line":1,"column":21453}},"locations":[{"start":{"line":1,"column":21445},"end":{"line":1,"column":21453}}]},"196":{"type":"branch","line":1,"loc":{"start":{"line":1,"column":21558},"end":{"line":1,"column":21780}},"locations":[{"start":{"line":1,"column":21558},"end":{"line":1,"column":21780}}]},"197":{"type":"branch","line":1,"loc":{"start":{"line":1,"column":21780},"end":{"line":1,"column":22133}},"locations":[{"start":{"line":1,"column":21780},"end":{"line":1,"column":22133}}]},"198":{"type":"branch","line":1,"loc":{"start":{"line":1,"column":21867},"end":{"line":1,"column":21870}},"locations":[{"start":{"line":1,"column":21867},"end":{"line":1,"column":21870}}]},"199":{"type":"branch","line":1,"loc":{"start":{"line":1,"column":21926},"end":{"line":1,"column":22123}},"locations":[{"start":{"line":1,"column":21926},"end":{"line":1,"column":22123}}]},"200":{"type":"branch","line":1,"loc":{"start":{"line":1,"column":21900},"end":{"line":1,"column":21925}},"locations":[{"start":{"line":1,"column":21900},"end":{"line":1,"column":21925}}]},"201":{"type":"branch","line":1,"loc":{"start":{"line":1,"column":22133},"end":{"line":1,"column":22227}},"locations":[{"start":{"line":1,"column":22133},"end":{"line":1,"column":22227}}]},"202":{"type":"branch","line":1,"loc":{"start":{"line":1,"column":22170},"end":{"line":1,"column":22227}},"locations":[{"start":{"line":1,"column":22170},"end":{"line":1,"column":22227}}]},"203":{"type":"branch","line":1,"loc":{"start":{"line":1,"column":22227},"end":{"line":1,"column":22397}},"locations":[{"start":{"line":1,"column":22227},"end":{"line":1,"column":22397}}]},"204":{"type":"branch","line":1,"loc":{"start":{"line":1,"column":22270},"end":{"line":1,"column":22396}},"locations":[{"start":{"line":1,"column":22270},"end":{"line":1,"column":22396}}]},"205":{"type":"branch","line":1,"loc":{"start":{"line":1,"column":22397},"end":{"line":1,"column":22505}},"locations":[{"start":{"line":1,"column":22397},"end":{"line":1,"column":22505}}]},"206":{"type":"branch","line":1,"loc":{"start":{"line":1,"column":22423},"end":{"line":1,"column":22441}},"locations":[{"start":{"line":1,"column":22423},"end":{"line":1,"column":22441}}]},"207":{"type":"branch","line":1,"loc":{"start":{"line":1,"column":22443},"end":{"line":1,"column":22451}},"locations":[{"start":{"line":1,"column":22443},"end":{"line":1,"column":22451}}]},"208":{"type":"branch","line":1,"loc":{"start":{"line":1,"column":22505},"end":{"line":1,"column":22631}},"locations":[{"start":{"line":1,"column":22505},"end":{"line":1,"column":22631}}]},"209":{"type":"branch","line":1,"loc":{"start":{"line":1,"column":22542},"end":{"line":1,"column":22621}},"locations":[{"start":{"line":1,"column":22542},"end":{"line":1,"column":22621}}]},"210":{"type":"branch","line":1,"loc":{"start":{"line":1,"column":22631},"end":{"line":1,"column":22907}},"locations":[{"start":{"line":1,"column":22631},"end":{"line":1,"column":22907}}]},"211":{"type":"branch","line":1,"loc":{"start":{"line":1,"column":22899},"end":{"line":1,"column":22901}},"locations":[{"start":{"line":1,"column":22899},"end":{"line":1,"column":22901}}]},"212":{"type":"branch","line":1,"loc":{"start":{"line":1,"column":22652},"end":{"line":1,"column":22875}},"locations":[{"start":{"line":1,"column":22652},"end":{"line":1,"column":22875}}]},"213":{"type":"branch","line":1,"loc":{"start":{"line":1,"column":22681},"end":{"line":1,"column":22685}},"locations":[{"start":{"line":1,"column":22681},"end":{"line":1,"column":22685}}]},"214":{"type":"branch","line":1,"loc":{"start":{"line":1,"column":22694},"end":{"line":1,"column":22875}},"locations":[{"start":{"line":1,"column":22694},"end":{"line":1,"column":22875}}]},"215":{"type":"branch","line":1,"loc":{"start":{"line":1,"column":22914},"end":{"line":1,"column":27365}},"locations":[{"start":{"line":1,"column":22914},"end":{"line":1,"column":27365}}]},"216":{"type":"branch","line":1,"loc":{"start":{"line":1,"column":23096},"end":{"line":1,"column":23914}},"locations":[{"start":{"line":1,"column":23096},"end":{"line":1,"column":23914}}]},"217":{"type":"branch","line":1,"loc":{"start":{"line":1,"column":23603},"end":{"line":1,"column":23648}},"locations":[{"start":{"line":1,"column":23603},"end":{"line":1,"column":23648}}]},"218":{"type":"branch","line":1,"loc":{"start":{"line":1,"column":23648},"end":{"line":1,"column":23683}},"locations":[{"start":{"line":1,"column":23648},"end":{"line":1,"column":23683}}]},"219":{"type":"branch","line":1,"loc":{"start":{"line":1,"column":23683},"end":{"line":1,"column":23718}},"locations":[{"start":{"line":1,"column":23683},"end":{"line":1,"column":23718}}]},"220":{"type":"branch","line":1,"loc":{"start":{"line":1,"column":23718},"end":{"line":1,"column":23787}},"locations":[{"start":{"line":1,"column":23718},"end":{"line":1,"column":23787}}]},"221":{"type":"branch","line":1,"loc":{"start":{"line":1,"column":23832},"end":{"line":1,"column":23886}},"locations":[{"start":{"line":1,"column":23832},"end":{"line":1,"column":23886}}]},"222":{"type":"branch","line":1,"loc":{"start":{"line":1,"column":23200},"end":{"line":1,"column":23249}},"locations":[{"start":{"line":1,"column":23200},"end":{"line":1,"column":23249}}]},"223":{"type":"branch","line":1,"loc":{"start":{"line":1,"column":23263},"end":{"line":1,"column":23289}},"locations":[{"start":{"line":1,"column":23263},"end":{"line":1,"column":23289}}]},"224":{"type":"branch","line":1,"loc":{"start":{"line":1,"column":23387},"end":{"line":1,"column":23407}},"locations":[{"start":{"line":1,"column":23387},"end":{"line":1,"column":23407}}]},"225":{"type":"branch","line":1,"loc":{"start":{"line":1,"column":23936},"end":{"line":1,"column":24674}},"locations":[{"start":{"line":1,"column":23936},"end":{"line":1,"column":24674}}]},"226":{"type":"branch","line":1,"loc":{"start":{"line":1,"column":24128},"end":{"line":1,"column":24149}},"locations":[{"start":{"line":1,"column":24128},"end":{"line":1,"column":24149}}]},"227":{"type":"branch","line":1,"loc":{"start":{"line":1,"column":24151},"end":{"line":1,"column":24623}},"locations":[{"start":{"line":1,"column":24151},"end":{"line":1,"column":24623}}]},"228":{"type":"branch","line":1,"loc":{"start":{"line":1,"column":24178},"end":{"line":1,"column":24591}},"locations":[{"start":{"line":1,"column":24178},"end":{"line":1,"column":24591}}]},"229":{"type":"branch","line":1,"loc":{"start":{"line":1,"column":24452},"end":{"line":1,"column":24454}},"locations":[{"start":{"line":1,"column":24452},"end":{"line":1,"column":24454}}]},"230":{"type":"branch","line":1,"loc":{"start":{"line":1,"column":24592},"end":{"line":1,"column":24608}},"locations":[{"start":{"line":1,"column":24592},"end":{"line":1,"column":24608}}]},"231":{"type":"branch","line":1,"loc":{"start":{"line":1,"column":24608},"end":{"line":1,"column":24622}},"locations":[{"start":{"line":1,"column":24608},"end":{"line":1,"column":24622}}]},"232":{"type":"branch","line":1,"loc":{"start":{"line":1,"column":24622},"end":{"line":1,"column":24670}},"locations":[{"start":{"line":1,"column":24622},"end":{"line":1,"column":24670}}]},"233":{"type":"branch","line":1,"loc":{"start":{"line":1,"column":24670},"end":{"line":1,"column":24673}},"locations":[{"start":{"line":1,"column":24670},"end":{"line":1,"column":24673}}]},"234":{"type":"branch","line":1,"loc":{"start":{"line":1,"column":26229},"end":{"line":1,"column":26456}},"locations":[{"start":{"line":1,"column":26229},"end":{"line":1,"column":26456}}]},"235":{"type":"branch","line":1,"loc":{"start":{"line":1,"column":26375},"end":{"line":1,"column":26426}},"locations":[{"start":{"line":1,"column":26375},"end":{"line":1,"column":26426}}]},"236":{"type":"branch","line":1,"loc":{"start":{"line":1,"column":26254},"end":{"line":1,"column":26340}},"locations":[{"start":{"line":1,"column":26254},"end":{"line":1,"column":26340}}]},"237":{"type":"branch","line":1,"loc":{"start":{"line":1,"column":26309},"end":{"line":1,"column":26339}},"locations":[{"start":{"line":1,"column":26309},"end":{"line":1,"column":26339}}]},"238":{"type":"branch","line":1,"loc":{"start":{"line":1,"column":26721},"end":{"line":1,"column":26794}},"locations":[{"start":{"line":1,"column":26721},"end":{"line":1,"column":26794}}]},"239":{"type":"branch","line":1,"loc":{"start":{"line":1,"column":26761},"end":{"line":1,"column":26785}},"locations":[{"start":{"line":1,"column":26761},"end":{"line":1,"column":26785}}]},"240":{"type":"branch","line":1,"loc":{"start":{"line":1,"column":26826},"end":{"line":1,"column":27219}},"locations":[{"start":{"line":1,"column":26826},"end":{"line":1,"column":27219}}]},"241":{"type":"branch","line":1,"loc":{"start":{"line":1,"column":26889},"end":{"line":1,"column":26943}},"locations":[{"start":{"line":1,"column":26889},"end":{"line":1,"column":26943}}]},"242":{"type":"branch","line":1,"loc":{"start":{"line":1,"column":26927},"end":{"line":1,"column":26933}},"locations":[{"start":{"line":1,"column":26927},"end":{"line":1,"column":26933}}]},"243":{"type":"branch","line":1,"loc":{"start":{"line":1,"column":26944},"end":{"line":1,"column":26960}},"locations":[{"start":{"line":1,"column":26944},"end":{"line":1,"column":26960}}]},"244":{"type":"branch","line":1,"loc":{"start":{"line":1,"column":26987},"end":{"line":1,"column":27026}},"locations":[{"start":{"line":1,"column":26987},"end":{"line":1,"column":27026}}]},"245":{"type":"branch","line":1,"loc":{"start":{"line":1,"column":27037},"end":{"line":1,"column":27079}},"locations":[{"start":{"line":1,"column":27037},"end":{"line":1,"column":27079}}]},"246":{"type":"branch","line":1,"loc":{"start":{"line":1,"column":27257},"end":{"line":1,"column":27361}},"locations":[{"start":{"line":1,"column":27257},"end":{"line":1,"column":27361}}]},"247":{"type":"branch","line":1,"loc":{"start":{"line":1,"column":27450},"end":{"line":1,"column":27898}},"locations":[{"start":{"line":1,"column":27450},"end":{"line":1,"column":27898}}]},"248":{"type":"branch","line":1,"loc":{"start":{"line":1,"column":27471},"end":{"line":1,"column":27511}},"locations":[{"start":{"line":1,"column":27471},"end":{"line":1,"column":27511}}]},"249":{"type":"branch","line":1,"loc":{"start":{"line":1,"column":27535},"end":{"line":1,"column":27658}},"locations":[{"start":{"line":1,"column":27535},"end":{"line":1,"column":27658}}]},"250":{"type":"branch","line":1,"loc":{"start":{"line":1,"column":27681},"end":{"line":1,"column":27729}},"locations":[{"start":{"line":1,"column":27681},"end":{"line":1,"column":27729}}]},"251":{"type":"branch","line":1,"loc":{"start":{"line":1,"column":27752},"end":{"line":1,"column":27795}},"locations":[{"start":{"line":1,"column":27752},"end":{"line":1,"column":27795}}]},"252":{"type":"branch","line":1,"loc":{"start":{"line":1,"column":27819},"end":{"line":1,"column":27894}},"locations":[{"start":{"line":1,"column":27819},"end":{"line":1,"column":27894}}]},"253":{"type":"branch","line":1,"loc":{"start":{"line":1,"column":27904},"end":{"line":1,"column":28126}},"locations":[{"start":{"line":1,"column":27904},"end":{"line":1,"column":28126}}]},"254":{"type":"branch","line":1,"loc":{"start":{"line":1,"column":28165},"end":{"line":1,"column":28398}},"locations":[{"start":{"line":1,"column":28165},"end":{"line":1,"column":28398}}]},"255":{"type":"branch","line":1,"loc":{"start":{"line":1,"column":28278},"end":{"line":1,"column":28391}},"locations":[{"start":{"line":1,"column":28278},"end":{"line":1,"column":28391}}]},"256":{"type":"branch","line":1,"loc":{"start":{"line":1,"column":28250},"end":{"line":1,"column":28278}},"locations":[{"start":{"line":1,"column":28250},"end":{"line":1,"column":28278}}]},"257":{"type":"branch","line":1,"loc":{"start":{"line":1,"column":29844},"end":{"line":1,"column":29939}},"locations":[{"start":{"line":1,"column":29844},"end":{"line":1,"column":29939}}]},"258":{"type":"branch","line":1,"loc":{"start":{"line":1,"column":29882},"end":{"line":1,"column":29939}},"locations":[{"start":{"line":1,"column":29882},"end":{"line":1,"column":29939}}]},"259":{"type":"branch","line":1,"loc":{"start":{"line":1,"column":29939},"end":{"line":1,"column":30110}},"locations":[{"start":{"line":1,"column":29939},"end":{"line":1,"column":30110}}]},"260":{"type":"branch","line":1,"loc":{"start":{"line":1,"column":29983},"end":{"line":1,"column":30109}},"locations":[{"start":{"line":1,"column":29983},"end":{"line":1,"column":30109}}]},"261":{"type":"branch","line":1,"loc":{"start":{"line":1,"column":30110},"end":{"line":1,"column":30221}},"locations":[{"start":{"line":1,"column":30110},"end":{"line":1,"column":30221}}]},"262":{"type":"branch","line":1,"loc":{"start":{"line":1,"column":30158},"end":{"line":1,"column":30167}},"locations":[{"start":{"line":1,"column":30158},"end":{"line":1,"column":30167}}]},"263":{"type":"branch","line":1,"loc":{"start":{"line":1,"column":30221},"end":{"line":1,"column":30500}},"locations":[{"start":{"line":1,"column":30221},"end":{"line":1,"column":30500}}]},"264":{"type":"branch","line":1,"loc":{"start":{"line":1,"column":30492},"end":{"line":1,"column":30494}},"locations":[{"start":{"line":1,"column":30492},"end":{"line":1,"column":30494}}]},"265":{"type":"branch","line":1,"loc":{"start":{"line":1,"column":30242},"end":{"line":1,"column":30467}},"locations":[{"start":{"line":1,"column":30242},"end":{"line":1,"column":30467}}]},"266":{"type":"branch","line":1,"loc":{"start":{"line":1,"column":30272},"end":{"line":1,"column":30276}},"locations":[{"start":{"line":1,"column":30272},"end":{"line":1,"column":30276}}]},"267":{"type":"branch","line":1,"loc":{"start":{"line":1,"column":30285},"end":{"line":1,"column":30467}},"locations":[{"start":{"line":1,"column":30285},"end":{"line":1,"column":30467}}]},"268":{"type":"branch","line":1,"loc":{"start":{"line":1,"column":30500},"end":{"line":1,"column":30647}},"locations":[{"start":{"line":1,"column":30500},"end":{"line":1,"column":30647}}]},"269":{"type":"branch","line":1,"loc":{"start":{"line":1,"column":30602},"end":{"line":1,"column":30612}},"locations":[{"start":{"line":1,"column":30602},"end":{"line":1,"column":30612}}]},"270":{"type":"branch","line":1,"loc":{"start":{"line":1,"column":30586},"end":{"line":1,"column":30599}},"locations":[{"start":{"line":1,"column":30586},"end":{"line":1,"column":30599}}]},"271":{"type":"branch","line":1,"loc":{"start":{"line":1,"column":30622},"end":{"line":1,"column":30643}},"locations":[{"start":{"line":1,"column":30622},"end":{"line":1,"column":30643}}]},"272":{"type":"branch","line":1,"loc":{"start":{"line":1,"column":30647},"end":{"line":1,"column":30787}},"locations":[{"start":{"line":1,"column":30647},"end":{"line":1,"column":30787}}]},"273":{"type":"branch","line":1,"loc":{"start":{"line":1,"column":30722},"end":{"line":1,"column":30780}},"locations":[{"start":{"line":1,"column":30722},"end":{"line":1,"column":30780}}]},"274":{"type":"branch","line":1,"loc":{"start":{"line":1,"column":30787},"end":{"line":1,"column":30911}},"locations":[{"start":{"line":1,"column":30787},"end":{"line":1,"column":30911}}]},"275":{"type":"branch","line":1,"loc":{"start":{"line":1,"column":30864},"end":{"line":1,"column":30902}},"locations":[{"start":{"line":1,"column":30864},"end":{"line":1,"column":30902}}]},"276":{"type":"branch","line":1,"loc":{"start":{"line":1,"column":30918},"end":{"line":1,"column":34591}},"locations":[{"start":{"line":1,"column":30918},"end":{"line":1,"column":34591}}]},"277":{"type":"branch","line":1,"loc":{"start":{"line":1,"column":30930},"end":{"line":1,"column":31798}},"locations":[{"start":{"line":1,"column":30930},"end":{"line":1,"column":31798}}]},"278":{"type":"branch","line":1,"loc":{"start":{"line":1,"column":30971},"end":{"line":1,"column":31364}},"locations":[{"start":{"line":1,"column":30971},"end":{"line":1,"column":31364}}]},"279":{"type":"branch","line":1,"loc":{"start":{"line":1,"column":31349},"end":{"line":1,"column":31362}},"locations":[{"start":{"line":1,"column":31349},"end":{"line":1,"column":31362}}]},"280":{"type":"branch","line":1,"loc":{"start":{"line":1,"column":31002},"end":{"line":1,"column":31297}},"locations":[{"start":{"line":1,"column":31002},"end":{"line":1,"column":31297}}]},"281":{"type":"branch","line":1,"loc":{"start":{"line":1,"column":31038},"end":{"line":1,"column":31060}},"locations":[{"start":{"line":1,"column":31038},"end":{"line":1,"column":31060}}]},"282":{"type":"branch","line":1,"loc":{"start":{"line":1,"column":31070},"end":{"line":1,"column":31297}},"locations":[{"start":{"line":1,"column":31070},"end":{"line":1,"column":31297}}]},"283":{"type":"branch","line":1,"loc":{"start":{"line":1,"column":31805},"end":{"line":1,"column":32083}},"locations":[{"start":{"line":1,"column":31805},"end":{"line":1,"column":32083}}]},"284":{"type":"branch","line":1,"loc":{"start":{"line":1,"column":31842},"end":{"line":1,"column":31852}},"locations":[{"start":{"line":1,"column":31842},"end":{"line":1,"column":31852}}]},"285":{"type":"branch","line":1,"loc":{"start":{"line":1,"column":31853},"end":{"line":1,"column":31927}},"locations":[{"start":{"line":1,"column":31853},"end":{"line":1,"column":31927}}]},"286":{"type":"branch","line":1,"loc":{"start":{"line":1,"column":34598},"end":{"line":1,"column":35283}},"locations":[{"start":{"line":1,"column":34598},"end":{"line":1,"column":35283}}]},"287":{"type":"branch","line":1,"loc":{"start":{"line":1,"column":35286},"end":{"line":1,"column":35519}},"locations":[{"start":{"line":1,"column":35286},"end":{"line":1,"column":35519}}]},"288":{"type":"branch","line":1,"loc":{"start":{"line":1,"column":35399},"end":{"line":1,"column":35512}},"locations":[{"start":{"line":1,"column":35399},"end":{"line":1,"column":35512}}]},"289":{"type":"branch","line":1,"loc":{"start":{"line":1,"column":35371},"end":{"line":1,"column":35399}},"locations":[{"start":{"line":1,"column":35371},"end":{"line":1,"column":35399}}]},"290":{"type":"branch","line":1,"loc":{"start":{"line":1,"column":35519},"end":{"line":1,"column":35690}},"locations":[{"start":{"line":1,"column":35519},"end":{"line":1,"column":35690}}]},"291":{"type":"branch","line":1,"loc":{"start":{"line":1,"column":35563},"end":{"line":1,"column":35689}},"locations":[{"start":{"line":1,"column":35563},"end":{"line":1,"column":35689}}]},"292":{"type":"branch","line":1,"loc":{"start":{"line":1,"column":35690},"end":{"line":1,"column":35969}},"locations":[{"start":{"line":1,"column":35690},"end":{"line":1,"column":35969}}]},"293":{"type":"branch","line":1,"loc":{"start":{"line":1,"column":35961},"end":{"line":1,"column":35963}},"locations":[{"start":{"line":1,"column":35961},"end":{"line":1,"column":35963}}]},"294":{"type":"branch","line":1,"loc":{"start":{"line":1,"column":35711},"end":{"line":1,"column":35936}},"locations":[{"start":{"line":1,"column":35711},"end":{"line":1,"column":35936}}]},"295":{"type":"branch","line":1,"loc":{"start":{"line":1,"column":35741},"end":{"line":1,"column":35745}},"locations":[{"start":{"line":1,"column":35741},"end":{"line":1,"column":35745}}]},"296":{"type":"branch","line":1,"loc":{"start":{"line":1,"column":35754},"end":{"line":1,"column":35936}},"locations":[{"start":{"line":1,"column":35754},"end":{"line":1,"column":35936}}]},"297":{"type":"branch","line":1,"loc":{"start":{"line":1,"column":35985},"end":{"line":1,"column":37863}},"locations":[{"start":{"line":1,"column":35985},"end":{"line":1,"column":37863}}]},"298":{"type":"branch","line":1,"loc":{"start":{"line":1,"column":37854},"end":{"line":1,"column":37863}},"locations":[{"start":{"line":1,"column":37854},"end":{"line":1,"column":37863}}]},"299":{"type":"branch","line":1,"loc":{"start":{"line":1,"column":35996},"end":{"line":1,"column":36209}},"locations":[{"start":{"line":1,"column":35996},"end":{"line":1,"column":36209}}]},"300":{"type":"branch","line":1,"loc":{"start":{"line":1,"column":36011},"end":{"line":1,"column":36103}},"locations":[{"start":{"line":1,"column":36011},"end":{"line":1,"column":36103}}]},"301":{"type":"branch","line":1,"loc":{"start":{"line":1,"column":36046},"end":{"line":1,"column":36103}},"locations":[{"start":{"line":1,"column":36046},"end":{"line":1,"column":36103}}]},"302":{"type":"branch","line":1,"loc":{"start":{"line":1,"column":36255},"end":{"line":1,"column":36330}},"locations":[{"start":{"line":1,"column":36255},"end":{"line":1,"column":36330}}]},"303":{"type":"branch","line":1,"loc":{"start":{"line":1,"column":36359},"end":{"line":1,"column":36668}},"locations":[{"start":{"line":1,"column":36359},"end":{"line":1,"column":36668}}]},"304":{"type":"branch","line":1,"loc":{"start":{"line":1,"column":36405},"end":{"line":1,"column":36459}},"locations":[{"start":{"line":1,"column":36405},"end":{"line":1,"column":36459}}]},"305":{"type":"branch","line":1,"loc":{"start":{"line":1,"column":36526},"end":{"line":1,"column":36537}},"locations":[{"start":{"line":1,"column":36526},"end":{"line":1,"column":36537}}]},"306":{"type":"branch","line":1,"loc":{"start":{"line":1,"column":36567},"end":{"line":1,"column":36570}},"locations":[{"start":{"line":1,"column":36567},"end":{"line":1,"column":36570}}]},"307":{"type":"branch","line":1,"loc":{"start":{"line":1,"column":37866},"end":{"line":1,"column":38099}},"locations":[{"start":{"line":1,"column":37866},"end":{"line":1,"column":38099}}]},"308":{"type":"branch","line":1,"loc":{"start":{"line":1,"column":37979},"end":{"line":1,"column":38092}},"locations":[{"start":{"line":1,"column":37979},"end":{"line":1,"column":38092}}]},"309":{"type":"branch","line":1,"loc":{"start":{"line":1,"column":37951},"end":{"line":1,"column":37979}},"locations":[{"start":{"line":1,"column":37951},"end":{"line":1,"column":37979}}]},"310":{"type":"branch","line":1,"loc":{"start":{"line":1,"column":38449},"end":{"line":1,"column":39363}},"locations":[{"start":{"line":1,"column":38449},"end":{"line":1,"column":39363}}]},"311":{"type":"branch","line":1,"loc":{"start":{"line":1,"column":38518},"end":{"line":1,"column":38535}},"locations":[{"start":{"line":1,"column":38518},"end":{"line":1,"column":38535}}]},"312":{"type":"branch","line":1,"loc":{"start":{"line":1,"column":38542},"end":{"line":1,"column":39172}},"locations":[{"start":{"line":1,"column":38542},"end":{"line":1,"column":39172}}]},"313":{"type":"branch","line":1,"loc":{"start":{"line":1,"column":39197},"end":{"line":1,"column":39220}},"locations":[{"start":{"line":1,"column":39197},"end":{"line":1,"column":39220}}]},"314":{"type":"branch","line":1,"loc":{"start":{"line":1,"column":39223},"end":{"line":1,"column":39267}},"locations":[{"start":{"line":1,"column":39223},"end":{"line":1,"column":39267}}]},"315":{"type":"branch","line":1,"loc":{"start":{"line":1,"column":39294},"end":{"line":1,"column":39361}},"locations":[{"start":{"line":1,"column":39294},"end":{"line":1,"column":39361}}]},"316":{"type":"branch","line":1,"loc":{"start":{"line":1,"column":39326},"end":{"line":1,"column":39338}},"locations":[{"start":{"line":1,"column":39326},"end":{"line":1,"column":39338}}]},"317":{"type":"branch","line":1,"loc":{"start":{"line":1,"column":39352},"end":{"line":1,"column":39360}},"locations":[{"start":{"line":1,"column":39352},"end":{"line":1,"column":39360}}]},"318":{"type":"branch","line":1,"loc":{"start":{"line":1,"column":39466},"end":{"line":1,"column":39637}},"locations":[{"start":{"line":1,"column":39466},"end":{"line":1,"column":39637}}]},"319":{"type":"branch","line":1,"loc":{"start":{"line":1,"column":39510},"end":{"line":1,"column":39636}},"locations":[{"start":{"line":1,"column":39510},"end":{"line":1,"column":39636}}]},"320":{"type":"branch","line":1,"loc":{"start":{"line":1,"column":39581},"end":{"line":1,"column":39598}},"locations":[{"start":{"line":1,"column":39581},"end":{"line":1,"column":39598}}]},"321":{"type":"branch","line":1,"loc":{"start":{"line":1,"column":39637},"end":{"line":1,"column":39916}},"locations":[{"start":{"line":1,"column":39637},"end":{"line":1,"column":39916}}]},"322":{"type":"branch","line":1,"loc":{"start":{"line":1,"column":39908},"end":{"line":1,"column":39910}},"locations":[{"start":{"line":1,"column":39908},"end":{"line":1,"column":39910}}]},"323":{"type":"branch","line":1,"loc":{"start":{"line":1,"column":39658},"end":{"line":1,"column":39883}},"locations":[{"start":{"line":1,"column":39658},"end":{"line":1,"column":39883}}]},"324":{"type":"branch","line":1,"loc":{"start":{"line":1,"column":39688},"end":{"line":1,"column":39692}},"locations":[{"start":{"line":1,"column":39688},"end":{"line":1,"column":39692}}]},"325":{"type":"branch","line":1,"loc":{"start":{"line":1,"column":39701},"end":{"line":1,"column":39883}},"locations":[{"start":{"line":1,"column":39701},"end":{"line":1,"column":39883}}]},"326":{"type":"branch","line":1,"loc":{"start":{"line":1,"column":39916},"end":{"line":1,"column":40063}},"locations":[{"start":{"line":1,"column":39916},"end":{"line":1,"column":40063}}]},"327":{"type":"branch","line":1,"loc":{"start":{"line":1,"column":40018},"end":{"line":1,"column":40028}},"locations":[{"start":{"line":1,"column":40018},"end":{"line":1,"column":40028}}]},"328":{"type":"branch","line":1,"loc":{"start":{"line":1,"column":40002},"end":{"line":1,"column":40015}},"locations":[{"start":{"line":1,"column":40002},"end":{"line":1,"column":40015}}]},"329":{"type":"branch","line":1,"loc":{"start":{"line":1,"column":40038},"end":{"line":1,"column":40059}},"locations":[{"start":{"line":1,"column":40038},"end":{"line":1,"column":40059}}]},"330":{"type":"branch","line":1,"loc":{"start":{"line":1,"column":40063},"end":{"line":1,"column":40203}},"locations":[{"start":{"line":1,"column":40063},"end":{"line":1,"column":40203}}]},"331":{"type":"branch","line":1,"loc":{"start":{"line":1,"column":40138},"end":{"line":1,"column":40196}},"locations":[{"start":{"line":1,"column":40138},"end":{"line":1,"column":40196}}]},"332":{"type":"branch","line":1,"loc":{"start":{"line":1,"column":40203},"end":{"line":1,"column":40327}},"locations":[{"start":{"line":1,"column":40203},"end":{"line":1,"column":40327}}]},"333":{"type":"branch","line":1,"loc":{"start":{"line":1,"column":40280},"end":{"line":1,"column":40318}},"locations":[{"start":{"line":1,"column":40280},"end":{"line":1,"column":40318}}]},"334":{"type":"branch","line":1,"loc":{"start":{"line":1,"column":40530},"end":{"line":1,"column":46612}},"locations":[{"start":{"line":1,"column":40530},"end":{"line":1,"column":46612}}]},"335":{"type":"branch","line":1,"loc":{"start":{"line":1,"column":40542},"end":{"line":1,"column":41254}},"locations":[{"start":{"line":1,"column":40542},"end":{"line":1,"column":41254}}]},"336":{"type":"branch","line":1,"loc":{"start":{"line":1,"column":40581},"end":{"line":1,"column":40604}},"locations":[{"start":{"line":1,"column":40581},"end":{"line":1,"column":40604}}]},"337":{"type":"branch","line":1,"loc":{"start":{"line":1,"column":40604},"end":{"line":1,"column":40618}},"locations":[{"start":{"line":1,"column":40604},"end":{"line":1,"column":40618}}]},"338":{"type":"branch","line":1,"loc":{"start":{"line":1,"column":40626},"end":{"line":1,"column":40718}},"locations":[{"start":{"line":1,"column":40626},"end":{"line":1,"column":40718}}]},"339":{"type":"branch","line":1,"loc":{"start":{"line":1,"column":40661},"end":{"line":1,"column":40718}},"locations":[{"start":{"line":1,"column":40661},"end":{"line":1,"column":40718}}]},"340":{"type":"branch","line":1,"loc":{"start":{"line":1,"column":40730},"end":{"line":1,"column":41123}},"locations":[{"start":{"line":1,"column":40730},"end":{"line":1,"column":41123}}]},"341":{"type":"branch","line":1,"loc":{"start":{"line":1,"column":41108},"end":{"line":1,"column":41121}},"locations":[{"start":{"line":1,"column":41108},"end":{"line":1,"column":41121}}]},"342":{"type":"branch","line":1,"loc":{"start":{"line":1,"column":40761},"end":{"line":1,"column":41056}},"locations":[{"start":{"line":1,"column":40761},"end":{"line":1,"column":41056}}]},"343":{"type":"branch","line":1,"loc":{"start":{"line":1,"column":40797},"end":{"line":1,"column":40819}},"locations":[{"start":{"line":1,"column":40797},"end":{"line":1,"column":40819}}]},"344":{"type":"branch","line":1,"loc":{"start":{"line":1,"column":40829},"end":{"line":1,"column":41056}},"locations":[{"start":{"line":1,"column":40829},"end":{"line":1,"column":41056}}]},"345":{"type":"branch","line":1,"loc":{"start":{"line":1,"column":41261},"end":{"line":1,"column":41539}},"locations":[{"start":{"line":1,"column":41261},"end":{"line":1,"column":41539}}]},"346":{"type":"branch","line":1,"loc":{"start":{"line":1,"column":41298},"end":{"line":1,"column":41308}},"locations":[{"start":{"line":1,"column":41298},"end":{"line":1,"column":41308}}]},"347":{"type":"branch","line":1,"loc":{"start":{"line":1,"column":41309},"end":{"line":1,"column":41383}},"locations":[{"start":{"line":1,"column":41309},"end":{"line":1,"column":41383}}]},"348":{"type":"branch","line":1,"loc":{"start":{"line":1,"column":41545},"end":{"line":1,"column":41640}},"locations":[{"start":{"line":1,"column":41545},"end":{"line":1,"column":41640}}]},"349":{"type":"branch","line":1,"loc":{"start":{"line":1,"column":41668},"end":{"line":1,"column":42092}},"locations":[{"start":{"line":1,"column":41668},"end":{"line":1,"column":42092}}]},"350":{"type":"branch","line":1,"loc":{"start":{"line":1,"column":41705},"end":{"line":1,"column":41769}},"locations":[{"start":{"line":1,"column":41705},"end":{"line":1,"column":41769}}]},"351":{"type":"branch","line":1,"loc":{"start":{"line":1,"column":41820},"end":{"line":1,"column":41881}},"locations":[{"start":{"line":1,"column":41820},"end":{"line":1,"column":41881}}]},"352":{"type":"branch","line":1,"loc":{"start":{"line":1,"column":41918},"end":{"line":1,"column":41964}},"locations":[{"start":{"line":1,"column":41918},"end":{"line":1,"column":41964}}]},"353":{"type":"branch","line":1,"loc":{"start":{"line":1,"column":42030},"end":{"line":1,"column":42091}},"locations":[{"start":{"line":1,"column":42030},"end":{"line":1,"column":42091}}]},"354":{"type":"branch","line":1,"loc":{"start":{"line":1,"column":42118},"end":{"line":1,"column":42732}},"locations":[{"start":{"line":1,"column":42118},"end":{"line":1,"column":42732}}]},"355":{"type":"branch","line":1,"loc":{"start":{"line":1,"column":42148},"end":{"line":1,"column":42205}},"locations":[{"start":{"line":1,"column":42148},"end":{"line":1,"column":42205}}]},"356":{"type":"branch","line":1,"loc":{"start":{"line":1,"column":42299},"end":{"line":1,"column":42465}},"locations":[{"start":{"line":1,"column":42299},"end":{"line":1,"column":42465}}]},"357":{"type":"branch","line":1,"loc":{"start":{"line":1,"column":42328},"end":{"line":1,"column":42465}},"locations":[{"start":{"line":1,"column":42328},"end":{"line":1,"column":42465}}]},"358":{"type":"branch","line":1,"loc":{"start":{"line":1,"column":42503},"end":{"line":1,"column":42583}},"locations":[{"start":{"line":1,"column":42503},"end":{"line":1,"column":42583}}]},"359":{"type":"branch","line":1,"loc":{"start":{"line":1,"column":42670},"end":{"line":1,"column":42731}},"locations":[{"start":{"line":1,"column":42670},"end":{"line":1,"column":42731}}]},"360":{"type":"branch","line":1,"loc":{"start":{"line":1,"column":42235},"end":{"line":1,"column":42273}},"locations":[{"start":{"line":1,"column":42235},"end":{"line":1,"column":42273}}]},"361":{"type":"branch","line":1,"loc":{"start":{"line":1,"column":43610},"end":{"line":1,"column":43989}},"locations":[{"start":{"line":1,"column":43610},"end":{"line":1,"column":43989}}]},"362":{"type":"branch","line":1,"loc":{"start":{"line":1,"column":43697},"end":{"line":1,"column":43706}},"locations":[{"start":{"line":1,"column":43697},"end":{"line":1,"column":43706}}]},"363":{"type":"branch","line":1,"loc":{"start":{"line":1,"column":43918},"end":{"line":1,"column":43941}},"locations":[{"start":{"line":1,"column":43918},"end":{"line":1,"column":43941}}]},"364":{"type":"branch","line":1,"loc":{"start":{"line":1,"column":43950},"end":{"line":1,"column":43973}},"locations":[{"start":{"line":1,"column":43950},"end":{"line":1,"column":43973}}]},"365":{"type":"branch","line":1,"loc":{"start":{"line":1,"column":43979},"end":{"line":1,"column":43989}},"locations":[{"start":{"line":1,"column":43979},"end":{"line":1,"column":43989}}]},"366":{"type":"branch","line":1,"loc":{"start":{"line":1,"column":44017},"end":{"line":1,"column":44099}},"locations":[{"start":{"line":1,"column":44017},"end":{"line":1,"column":44099}}]},"367":{"type":"branch","line":1,"loc":{"start":{"line":1,"column":44133},"end":{"line":1,"column":44731}},"locations":[{"start":{"line":1,"column":44133},"end":{"line":1,"column":44731}}]},"368":{"type":"branch","line":1,"loc":{"start":{"line":1,"column":44165},"end":{"line":1,"column":44224}},"locations":[{"start":{"line":1,"column":44165},"end":{"line":1,"column":44224}}]},"369":{"type":"branch","line":1,"loc":{"start":{"line":1,"column":44225},"end":{"line":1,"column":44721}},"locations":[{"start":{"line":1,"column":44225},"end":{"line":1,"column":44721}}]},"370":{"type":"branch","line":1,"loc":{"start":{"line":1,"column":44538},"end":{"line":1,"column":44544}},"locations":[{"start":{"line":1,"column":44538},"end":{"line":1,"column":44544}}]},"371":{"type":"branch","line":1,"loc":{"start":{"line":1,"column":44550},"end":{"line":1,"column":44555}},"locations":[{"start":{"line":1,"column":44550},"end":{"line":1,"column":44555}}]},"372":{"type":"branch","line":1,"loc":{"start":{"line":1,"column":44555},"end":{"line":1,"column":44580}},"locations":[{"start":{"line":1,"column":44555},"end":{"line":1,"column":44580}}]},"373":{"type":"branch","line":1,"loc":{"start":{"line":1,"column":44615},"end":{"line":1,"column":44650}},"locations":[{"start":{"line":1,"column":44615},"end":{"line":1,"column":44650}}]},"374":{"type":"branch","line":1,"loc":{"start":{"line":1,"column":44650},"end":{"line":1,"column":44685}},"locations":[{"start":{"line":1,"column":44650},"end":{"line":1,"column":44685}}]},"375":{"type":"branch","line":1,"loc":{"start":{"line":1,"column":44685},"end":{"line":1,"column":44720}},"locations":[{"start":{"line":1,"column":44685},"end":{"line":1,"column":44720}}]},"376":{"type":"branch","line":1,"loc":{"start":{"line":1,"column":44297},"end":{"line":1,"column":44349}},"locations":[{"start":{"line":1,"column":44297},"end":{"line":1,"column":44349}}]},"377":{"type":"branch","line":1,"loc":{"start":{"line":1,"column":44352},"end":{"line":1,"column":44452}},"locations":[{"start":{"line":1,"column":44352},"end":{"line":1,"column":44452}}]},"378":{"type":"branch","line":1,"loc":{"start":{"line":1,"column":45042},"end":{"line":1,"column":45138}},"locations":[{"start":{"line":1,"column":45042},"end":{"line":1,"column":45138}}]},"379":{"type":"branch","line":1,"loc":{"start":{"line":1,"column":45638},"end":{"line":1,"column":45729}},"locations":[{"start":{"line":1,"column":45638},"end":{"line":1,"column":45729}}]},"380":{"type":"branch","line":1,"loc":{"start":{"line":1,"column":46306},"end":{"line":1,"column":46336}},"locations":[{"start":{"line":1,"column":46306},"end":{"line":1,"column":46336}}]},"381":{"type":"branch","line":1,"loc":{"start":{"line":1,"column":46358},"end":{"line":1,"column":46391}},"locations":[{"start":{"line":1,"column":46358},"end":{"line":1,"column":46391}}]},"382":{"type":"branch","line":1,"loc":{"start":{"line":1,"column":46616},"end":{"line":1,"column":46849}},"locations":[{"start":{"line":1,"column":46616},"end":{"line":1,"column":46849}}]},"383":{"type":"branch","line":1,"loc":{"start":{"line":1,"column":46729},"end":{"line":1,"column":46842}},"locations":[{"start":{"line":1,"column":46729},"end":{"line":1,"column":46842}}]},"384":{"type":"branch","line":1,"loc":{"start":{"line":1,"column":46701},"end":{"line":1,"column":46729}},"locations":[{"start":{"line":1,"column":46701},"end":{"line":1,"column":46729}}]},"385":{"type":"branch","line":1,"loc":{"start":{"line":1,"column":47659},"end":{"line":1,"column":47830}},"locations":[{"start":{"line":1,"column":47659},"end":{"line":1,"column":47830}}]},"386":{"type":"branch","line":1,"loc":{"start":{"line":1,"column":47703},"end":{"line":1,"column":47829}},"locations":[{"start":{"line":1,"column":47703},"end":{"line":1,"column":47829}}]},"387":{"type":"branch","line":1,"loc":{"start":{"line":1,"column":47830},"end":{"line":1,"column":48109}},"locations":[{"start":{"line":1,"column":47830},"end":{"line":1,"column":48109}}]},"388":{"type":"branch","line":1,"loc":{"start":{"line":1,"column":48101},"end":{"line":1,"column":48103}},"locations":[{"start":{"line":1,"column":48101},"end":{"line":1,"column":48103}}]},"389":{"type":"branch","line":1,"loc":{"start":{"line":1,"column":47851},"end":{"line":1,"column":48076}},"locations":[{"start":{"line":1,"column":47851},"end":{"line":1,"column":48076}}]},"390":{"type":"branch","line":1,"loc":{"start":{"line":1,"column":47881},"end":{"line":1,"column":47885}},"locations":[{"start":{"line":1,"column":47881},"end":{"line":1,"column":47885}}]},"391":{"type":"branch","line":1,"loc":{"start":{"line":1,"column":47894},"end":{"line":1,"column":48076}},"locations":[{"start":{"line":1,"column":47894},"end":{"line":1,"column":48076}}]},"392":{"type":"branch","line":1,"loc":{"start":{"line":1,"column":48116},"end":{"line":1,"column":57017}},"locations":[{"start":{"line":1,"column":48116},"end":{"line":1,"column":57017}}]},"393":{"type":"branch","line":1,"loc":{"start":{"line":1,"column":48134},"end":{"line":1,"column":48229}},"locations":[{"start":{"line":1,"column":48134},"end":{"line":1,"column":48229}}]}},"b":{"0":[1],"1":[0],"2":[1],"3":[1],"4":[0],"5":[1],"6":[6],"7":[12],"8":[1],"9":[1],"10":[0],"11":[10],"12":[1],"13":[5],"14":[5],"15":[0],"16":[5],"17":[0],"18":[0],"19":[1],"20":[1],"21":[1],"22":[1],"23":[0],"24":[5],"25":[5],"26":[0],"27":[2],"28":[1],"29":[6],"30":[0],"31":[1],"32":[1],"33":[0],"34":[1],"35":[0],"36":[14],"37":[4],"38":[0],"39":[0],"40":[4],"41":[16],"42":[4],"43":[0],"44":[0],"45":[0],"46":[1],"47":[7],"48":[7],"49":[0],"50":[7],"51":[0],"52":[0],"53":[1],"54":[0],"55":[2],"56":[0],"57":[0],"58":[0],"59":[2],"60":[0],"61":[2],"62":[0],"63":[6],"64":[0],"65":[4],"66":[2],"67":[6],"68":[2],"69":[8],"70":[6],"71":[2],"72":[6],"73":[0],"74":[2],"75":[1],"76":[0],"77":[31],"78":[1],"79":[2],"80":[0],"81":[2],"82":[15],"83":[2],"84":[0],"85":[15],"86":[0],"87":[15],"88":[0],"89":[0],"90":[1],"91":[0],"92":[0],"93":[1],"94":[1],"95":[0],"96":[1],"97":[0],"98":[1],"99":[1],"100":[0],"101":[1],"102":[0],"103":[1],"104":[0],"105":[0],"106":[1],"107":[0],"108":[0],"109":[1],"110":[0],"111":[0],"112":[1],"113":[2],"114":[1],"115":[2],"116":[6],"117":[1],"118":[1],"119":[1],"120":[0],"121":[6],"122":[6],"123":[1],"124":[6],"125":[6],"126":[6],"127":[1],"128":[0],"129":[9],"130":[1],"131":[0],"132":[0],"133":[0],"134":[1],"135":[2],"136":[0],"137":[0],"138":[2],"139":[5],"140":[2],"141":[0],"142":[0],"143":[0],"144":[1],"145":[4],"146":[4],"147":[0],"148":[4],"149":[0],"150":[0],"151":[1],"152":[0],"153":[0],"154":[1],"155":[1],"156":[0],"157":[1],"158":[0],"159":[1],"160":[0],"161":[1],"162":[0],"163":[0],"164":[2],"165":[0],"166":[0],"167":[1],"168":[0],"169":[1],"170":[0],"171":[1],"172":[0],"173":[0],"174":[1],"175":[0],"176":[0],"177":[2],"178":[0],"179":[0],"180":[1],"181":[0],"182":[8],"183":[12],"184":[1],"185":[0],"186":[64],"187":[2],"188":[0],"189":[0],"190":[2],"191":[5],"192":[2],"193":[0],"194":[0],"195":[0],"196":[2],"197":[2],"198":[0],"199":[0],"200":[12],"201":[1],"202":[0],"203":[3],"204":[18],"205":[3],"206":[1],"207":[2],"208":[14],"209":[0],"210":[32],"211":[0],"212":[32],"213":[0],"214":[0],"215":[1],"216":[1],"217":[0],"218":[0],"219":[0],"220":[0],"221":[0],"222":[2],"223":[1],"224":[1],"225":[1],"226":[2],"227":[2],"228":[1],"229":[0],"230":[0],"231":[1],"232":[0],"233":[0],"234":[1],"235":[0],"236":[2],"237":[0],"238":[1],"239":[2],"240":[1],"241":[2],"242":[0],"243":[0],"244":[2],"245":[2],"246":[1],"247":[1],"248":[1],"249":[2],"250":[2],"251":[2],"252":[1],"253":[1],"254":[1],"255":[0],"256":[23],"257":[1],"258":[0],"259":[2],"260":[11],"261":[2],"262":[0],"263":[11],"264":[0],"265":[11],"266":[0],"267":[0],"268":[1],"269":[0],"270":[0],"271":[1],"272":[1],"273":[0],"274":[1],"275":[0],"276":[1],"277":[1],"278":[1],"279":[0],"280":[1],"281":[0],"282":[0],"283":[1],"284":[0],"285":[0],"286":[1],"287":[1],"288":[0],"289":[14],"290":[1],"291":[6],"292":[7],"293":[0],"294":[7],"295":[0],"296":[0],"297":[1],"298":[0],"299":[1],"300":[1],"301":[0],"302":[1],"303":[1],"304":[0],"305":[0],"306":[0],"307":[1],"308":[0],"309":[39],"310":[2],"311":[0],"312":[0],"313":[2],"314":[2],"315":[2],"316":[0],"317":[0],"318":[1],"319":[19],"320":[15],"321":[19],"322":[0],"323":[19],"324":[0],"325":[0],"326":[1],"327":[0],"328":[0],"329":[1],"330":[1],"331":[0],"332":[1],"333":[0],"334":[1],"335":[1],"336":[0],"337":[0],"338":[1],"339":[0],"340":[1],"341":[0],"342":[1],"343":[0],"344":[0],"345":[1],"346":[0],"347":[0],"348":[1],"349":[2],"350":[0],"351":[0],"352":[0],"353":[0],"354":[1],"355":[0],"356":[2],"357":[1],"358":[0],"359":[0],"360":[2],"361":[1],"362":[0],"363":[0],"364":[0],"365":[0],"366":[1],"367":[1],"368":[0],"
[...]
art":{"line":1,"column":36966},"end":{"line":1,"column":37156}},"line":1},"198":{"name":"value","decl":{"start":{"line":1,"column":37188},"end":{"line":1,"column":37536}},"loc":{"start":{"line":1,"column":37188},"end":{"line":1,"column":37536}},"line":1},"199":{"name":"value","decl":{"start":{"line":1,"column":37569},"end":{"line":1,"column":37778}},"loc":{"start":{"line":1,"column":37569},"end":{"line":1,"column":37778}},"line":1},"200":{"name":"Me","decl":{"start":{"line":1,"column":37866},"end":{"line":1,"column":38099}},"loc":{"start":{"line":1,"column":37866},"end":{"line":1,"column":38099}},"line":1},"201":{"name":"Me.Me","decl":{"start":{"line":1,"column":37951},"end":{"line":1,"column":37979}},"loc":{"start":{"line":1,"column":37951},"end":{"line":1,"column":37979}},"line":1},"202":{"name":"Me.Me","decl":{"start":{"line":1,"column":37980},"end":{"line":1,"column":38092}},"loc":{"start":{"line":1,"column":37980},"end":{"line":1,"column":38092}},"line":1},"203":{"name":"Ee","decl":{"start":{"line":1,"column":38099},"end":{"line":1,"column":38322}},"loc":{"start":{"line":1,"column":38099},"end":{"line":1,"column":38322}},"line":1},"204":{"name":"ke","decl":{"start":{"line":1,"column":38322},"end":{"line":1,"column":38449}},"loc":{"start":{"line":1,"column":38322},"end":{"line":1,"column":38449}},"line":1},"205":{"name":"Ae","decl":{"start":{"line":1,"column":38449},"end":{"line":1,"column":39363}},"loc":{"start":{"line":1,"column":38449},"end":{"line":1,"column":39363}},"line":1},"206":{"name":"o","decl":{"start":{"line":1,"column":38897},"end":{"line":1,"column":38909}},"loc":{"start":{"line":1,"column":38897},"end":{"line":1,"column":38909}},"line":1},"207":{"name":"n","decl":{"start":{"line":1,"column":38923},"end":{"line":1,"column":38986}},"loc":{"start":{"line":1,"column":38923},"end":{"line":1,"column":38986}},"line":1},"208":{"name":"e","decl":{"start":{"line":1,"column":38989},"end":{"line":1,"column":39009}},"loc":{"start":{"line":1,"column":38989},"end":{"line":1,"column":39009}},"line":1},"209":{"name":"s","decl":{"start":{"line":1,"column":39197},"end":{"line":1,"column":39220}},"loc":{"start":{"line":1,"column":39197},"end":{"line":1,"column":39220}},"line":1},"210":{"name":"n","decl":{"start":{"line":1,"column":39223},"end":{"line":1,"column":39267}},"loc":{"start":{"line":1,"column":39223},"end":{"line":1,"column":39267}},"line":1},"211":{"name":"e","decl":{"start":{"line":1,"column":39270},"end":{"line":1,"column":39291}},"loc":{"start":{"line":1,"column":39270},"end":{"line":1,"column":39291}},"line":1},"212":{"name":"f","decl":{"start":{"line":1,"column":39294},"end":{"line":1,"column":39361}},"loc":{"start":{"line":1,"column":39294},"end":{"line":1,"column":39361}},"line":1},"213":{"name":"Ce","decl":{"start":{"line":1,"column":39363},"end":{"line":1,"column":39466}},"loc":{"start":{"line":1,"column":39363},"end":{"line":1,"column":39466}},"line":1},"214":{"name":"Ie","decl":{"start":{"line":1,"column":39466},"end":{"line":1,"column":39637}},"loc":{"start":{"line":1,"column":39466},"end":{"line":1,"column":39637}},"line":1},"215":{"name":"Le","decl":{"start":{"line":1,"column":39637},"end":{"line":1,"column":39916}},"loc":{"start":{"line":1,"column":39637},"end":{"line":1,"column":39916}},"line":1},"216":{"name":"Te","decl":{"start":{"line":1,"column":39916},"end":{"line":1,"column":40063}},"loc":{"start":{"line":1,"column":39916},"end":{"line":1,"column":40063}},"line":1},"217":{"name":"Te","decl":{"start":{"line":1,"column":40038},"end":{"line":1,"column":40059}},"loc":{"start":{"line":1,"column":40038},"end":{"line":1,"column":40059}},"line":1},"218":{"name":"De","decl":{"start":{"line":1,"column":40063},"end":{"line":1,"column":40203}},"loc":{"start":{"line":1,"column":40063},"end":{"line":1,"column":40203}},"line":1},"219":{"name":"De.De","decl":{"start":{"line":1,"column":40139},"end":{"line":1,"column":40196}},"loc":{"start":{"line":1,"column":40139},"end":{"line":1,"column":40196}},"line":1},"220":{"name":"Ne","decl":{"start":{"line":1,"column":40203},"end":{"line":1,"column":40327}},"loc":{"start":{"line":1,"column":40203},"end":{"line":1,"column":40327}},"line":1},"221":{"name":"Ne.Ne","decl":{"start":{"line":1,"column":40281},"end":{"line":1,"column":40318}},"loc":{"start":{"line":1,"column":40281},"end":{"line":1,"column":40318}},"line":1},"222":{"name":"t","decl":{"start":{"line":1,"column":40542},"end":{"line":1,"column":41254}},"loc":{"start":{"line":1,"column":40542},"end":{"line":1,"column":41254}},"line":1},"223":{"name":"Re.key","decl":{"start":{"line":1,"column":41545},"end":{"line":1,"column":41640}},"loc":{"start":{"line":1,"column":41545},"end":{"line":1,"column":41640}},"line":1},"224":{"name":"value","decl":{"start":{"line":1,"column":41668},"end":{"line":1,"column":42092}},"loc":{"start":{"line":1,"column":41668},"end":{"line":1,"column":42092}},"line":1},"225":{"name":"value","decl":{"start":{"line":1,"column":42118},"end":{"line":1,"column":42732}},"loc":{"start":{"line":1,"column":42118},"end":{"line":1,"column":42732}},"line":1},"226":{"name":"value","decl":{"start":{"line":1,"column":42778},"end":{"line":1,"column":43580}},"loc":{"start":{"line":1,"column":42778},"end":{"line":1,"column":43580}},"line":1},"227":{"name":"value","decl":{"start":{"line":1,"column":43610},"end":{"line":1,"column":43989}},"loc":{"start":{"line":1,"column":43610},"end":{"line":1,"column":43989}},"line":1},"228":{"name":"value","decl":{"start":{"line":1,"column":44017},"end":{"line":1,"column":44099}},"loc":{"start":{"line":1,"column":44017},"end":{"line":1,"column":44099}},"line":1},"229":{"name":"value","decl":{"start":{"line":1,"column":44133},"end":{"line":1,"column":44731}},"loc":{"start":{"line":1,"column":44133},"end":{"line":1,"column":44731}},"line":1},"230":{"name":"h","decl":{"start":{"line":1,"column":44297},"end":{"line":1,"column":44349}},"loc":{"start":{"line":1,"column":44297},"end":{"line":1,"column":44349}},"line":1},"231":{"name":"y","decl":{"start":{"line":1,"column":44352},"end":{"line":1,"column":44452}},"loc":{"start":{"line":1,"column":44352},"end":{"line":1,"column":44452}},"line":1},"232":{"name":"value","decl":{"start":{"line":1,"column":44757},"end":{"line":1,"column":44819}},"loc":{"start":{"line":1,"column":44757},"end":{"line":1,"column":44819}},"line":1},"233":{"name":"value","decl":{"start":{"line":1,"column":44845},"end":{"line":1,"column":45011}},"loc":{"start":{"line":1,"column":44845},"end":{"line":1,"column":45011}},"line":1},"234":{"name":"value","decl":{"start":{"line":1,"column":45042},"end":{"line":1,"column":45138}},"loc":{"start":{"line":1,"column":45042},"end":{"line":1,"column":45138}},"line":1},"235":{"name":"value","decl":{"start":{"line":1,"column":45176},"end":{"line":1,"column":45339}},"loc":{"start":{"line":1,"column":45176},"end":{"line":1,"column":45339}},"line":1},"236":{"name":"value","decl":{"start":{"line":1,"column":45377},"end":{"line":1,"column":45600}},"loc":{"start":{"line":1,"column":45377},"end":{"line":1,"column":45600}},"line":1},"237":{"name":"value","decl":{"start":{"line":1,"column":45638},"end":{"line":1,"column":45729}},"loc":{"start":{"line":1,"column":45638},"end":{"line":1,"column":45729}},"line":1},"238":{"name":"value","decl":{"start":{"line":1,"column":45759},"end":{"line":1,"column":45789}},"loc":{"start":{"line":1,"column":45759},"end":{"line":1,"column":45789}},"line":1},"239":{"name":"value","decl":{"start":{"line":1,"column":45815},"end":{"line":1,"column":46287}},"loc":{"start":{"line":1,"column":45815},"end":{"line":1,"column":46287}},"line":1},"240":{"name":"get","decl":{"start":{"line":1,"column":46306},"end":{"line":1,"column":46336}},"loc":{"start":{"line":1,"column":46306},"end":{"line":1,"column":46336}},"line":1},"241":{"name":"get","decl":{"start":{"line":1,"column":46358},"end":{"line":1,"column":46391}},"loc":{"start":{"line":1,"column":46358},"end":{"line":1,"column":46391}},"line":1},"242":{"name":"get","decl":{"start":{"line":1,"column":46427},"end":{"line":1,"column":46474}},"loc":{"start":{"line":1,"column":46427},"end":{"line":1,"column":46474}},"line":1},"243":{"name":"value","decl":{"start":{"line":1,"column":46508},"end":{"line":1,"column":46545}},"loc":{"start":{"line":1,"column":46508},"end":{"line":1,"column":46545}},"line":1},"244":{"name":"get","decl":{"start":{"line":1,"column":46571},"end":{"line":1,"column":46608}},"loc":{"start":{"line":1,"column":46571},"end":{"line":1,"column":46608}},"line":1},"245":{"name":"Ge","decl":{"start":{"line":1,"column":46616},"end":{"line":1,"column":46849}},"loc":{"start":{"line":1,"column":46616},"end":{"line":1,"column":46849}},"line":1},"246":{"name":"Ge.Ge","decl":{"start":{"line":1,"column":46701},"end":{"line":1,"column":46729}},"loc":{"start":{"line":1,"column":46701},"end":{"line":1,"column":46729}},"line":1},"247":{"name":"Ge.Ge","decl":{"start":{"line":1,"column":46730},"end":{"line":1,"column":46842}},"loc":{"start":{"line":1,"column":46730},"end":{"line":1,"column":46842}},"line":1},"248":{"name":"Be","decl":{"start":{"line":1,"column":46849},"end":{"line":1,"column":46952}},"loc":{"start":{"line":1,"column":46849},"end":{"line":1,"column":46952}},"line":1},"249":{"name":"Fe","decl":{"start":{"line":1,"column":46952},"end":{"line":1,"column":47175}},"loc":{"start":{"line":1,"column":46952},"end":{"line":1,"column":47175}},"line":1},"250":{"name":"qe","decl":{"start":{"line":1,"column":47175},"end":{"line":1,"column":47532}},"loc":{"start":{"line":1,"column":47175},"end":{"line":1,"column":47532}},"line":1},"251":{"name":"ze","decl":{"start":{"line":1,"column":47532},"end":{"line":1,"column":47659}},"loc":{"start":{"line":1,"column":47532},"end":{"line":1,"column":47659}},"line":1},"252":{"name":"Ue","decl":{"start":{"line":1,"column":47659},"end":{"line":1,"column":47830}},"loc":{"start":{"line":1,"column":47659},"end":{"line":1,"column":47830}},"line":1},"253":{"name":"Ve","decl":{"start":{"line":1,"column":47830},"end":{"line":1,"column":48109}},"loc":{"start":{"line":1,"column":47830},"end":{"line":1,"column":48109}},"line":1},"254":{"name":"We.key","decl":{"start":{"line":1,"column":48134},"end":{"line":1,"column":48229}},"loc":{"start":{"line":1,"column":48134},"end":{"line":1,"column":48229}},"line":1},"255":{"name":"e","decl":{"start":{"line":1,"column":48231},"end":{"line":1,"column":48906}},"loc":{"start":{"line":1,"column":48231},"end":{"line":1,"column":48906}},"line":1},"256":{"name":"value","decl":{"start":{"line":1,"column":48943},"end":{"line":1,"column":51061}},"loc":{"start":{"line":1,"column":48943},"end":{"line":1,"column":51061}},"line":1},"257":{"name":"value","decl":{"start":{"line":1,"column":51089},"end":{"line":1,"column":51160}},"loc":{"start":{"line":1,"column":51089},"end":{"line":1,"column":51160}},"line":1},"258":{"name":"value","decl":{"start":{"line":1,"column":51190},"end":{"line":1,"column":51234}},"loc":{"start":{"line":1,"column":51190},"end":{"line":1,"column":51234}},"line":1},"259":{"name":"value","decl":{"start":{"line":1,"column":51254},"end":{"line":1,"column":51598}},"loc":{"start":{"line":1,"column":51254},"end":{"line":1,"column":51598}},"line":1},"260":{"name":"value","decl":{"start":{"line":1,"column":51626},"end":{"line":1,"column":51706}},"loc":{"start":{"line":1,"column":51626},"end":{"line":1,"column":51706}},"line":1},"261":{"name":"value","decl":{"start":{"line":1,"column":51735},"end":{"line":1,"column":51977}},"loc":{"start":{"line":1,"column":51735},"end":{"line":1,"column":51977}},"line":1},"262":{"name":"value","decl":{"start":{"line":1,"column":52003},"end":{"line":1,"column":52374}},"loc":{"start":{"line":1,"column":52003},"end":{"line":1,"column":52374}},"line":1},"263":{"name":"value","decl":{"start":{"line":1,"column":52404},"end":{"line":1,"column":52652}},"loc":{"start":{"line":1,"column":52404},"end":{"line":1,"column":52652}},"line":1},"264":{"name":"value","decl":{"start":{"line":1,"column":52677},"end":{"line":1,"column":53070}},"loc":{"start":{"line":1,"column":52677},"end":{"line":1,"column":53070}},"line":1},"265":{"name":"value","decl":{"start":{"line":1,"column":53096},"end":{"line":1,"column":53300}},"loc":{"start":{"line":1,"column":53096},"end":{"line":1,"column":53300}},"line":1},"266":{"name":"value","decl":{"start":{"line":1,"column":53332},"end":{"line":1,"column":54597}},"loc":{"start":{"line":1,"column":53332},"end":{"line":1,"column":54597}},"line":1},"267":{"name":"value","decl":{"start":{"line":1,"column":54624},"end":{"line":1,"column":55117}},"loc":{"start":{"line":1,"column":54624},"end":{"line":1,"column":55117}},"line":1},"268":{"name":"value","decl":{"start":{"line":1,"column":55139},"end":{"line":1,"column":55355}},"loc":{"start":{"line":1,"column":55139},"end":{"line":1,"column":55355}},"line":1},"269":{"name":"value","decl":{"start":{"line":1,"column":55387},"end":{"line":1,"column":55970}},"loc":{"start":{"line":1,"column":55387},"end":{"line":1,"column":55970}},"line":1},"270":{"name":"value","decl":{"start":{"line":1,"column":56010},"end":{"line":1,"column":56363}},"loc":{"start":{"line":1,"column":56010},"end":{"line":1,"column":56363}},"line":1},"271":{"name":"value","decl":{"start":{"line":1,"column":56396},"end":{"line":1,"column":56703}},"loc":{"start":{"line":1,"column":56396},"end":{"line":1,"column":56703}},"line":1},"272":{"name":"value","decl":{"start":{"line":1,"column":56734},"end":{"line":1,"column":57013}},"loc":{"start":{"line":1,"column":56734},"end":{"line":1,"column":57013}},"line":1}},"f":{"0":1,"1":12,"2":1,"3":1,"4":10,"5":0,"6":1,"7":5,"8":0,"9":0,"10":0,"11":1,"12":1,"13":1,"14":5,"15":2,"16":1,"17":6,"18":0,"19":0,"20":1,"21":14,"22":0,"23":4,"24":0,"25":0,"26":0,"27":4,"28":16,"29":0,"30":4,"31":0,"32":1,"33":7,"34":2,"35":2,"36":4,"37":8,"38":0,"39":0,"40":0,"41":0,"42":1,"43":31,"44":0,"45":0,"46":0,"47":0,"48":0,"49":0,"50":0,"51":0,"52":1,"53":0,"54":2,"55":2,"56":2,"57":15,"58":1,"59":1,"60":1,"61":0,"62":1,"63":0,"64":1,"65":1,"66":1,"67":2,"68":1,"69":0,"70":0,"71":0,"72":0,"73":0,"74":0,"75":0,"76":0,"77":1,"78":6,"79":0,"80":6,"81":6,"82":6,"83":1,"84":9,"85":0,"86":0,"87":0,"88":0,"89":1,"90":2,"91":0,"92":0,"93":0,"94":2,"95":5,"96":0,"97":2,"98":0,"99":0,"100":1,"101":4,"102":1,"103":1,"104":1,"105":0,"106":1,"107":0,"108":1,"109":2,"110":1,"111":8,"112":0,"113":1,"114":64,"115":0,"116":2,"117":0,"118":0,"119":0,"120":2,"121":5,"122":0,"123":2,"124":0,"125":2,"126":2,"127":1,"128":3,"129":3,"130":14,"131":32,"132":0,"133":0,"134":0,"135":1,"136":2,"137":1,"138":1,"139":1,"140":0,"141":0,"142":0,"143":1,"144":2,"145":0,"146":1,"147":1,"148":1,"149":1,"150":2,"151":2,"152":2,"153":1,"154":0,"155":0,"156":0,"157":1,"158":23,"159":0,"160":0,"161":0,"162":0,"163":0,"164":0,"165":1,"166":2,"167":2,"168":11,"169":1,"170":1,"171":1,"172":0,"173":1,"174":0,"175":1,"176":0,"177":0,"178":0,"179":0,"180":0,"181":0,"182":0,"183":0,"184":0,"185":0,"186":0,"187":0,"188":1,"189":14,"190":0,"191":1,"192":7,"193":1,"194":1,"195":1,"196":0,"197":0,"198":0,"199":0,"200":1,"201":39,"202":0,"203":0,"204":0,"205":2,"206":0,"207":0,"208":0,"209":2,"210":2,"211":0,"212":2,"213":0,"214":1,"215":19,"216":1,"217":1,"218":1,"219":0,"220":1,"221":0,"222":1,"223":1,"224":2,"225":1,"226":0,"227":1,"228":1,"229":1,"230":4,"231":1,"232":0,"233":0,"234":1,"235":0,"236":0,"237":1,"238":0,"239":0,"240":6,"241":9,"242":0,"243":0,"244":0,"245":1,"246":34,"247":0,"248":0,"249":0,"250":0,"251":0,"252":1,"253":17,"254":1,"255":0,"256":0,"257":0,"258":0,"259":0,"260":0,"261":0,"262":0,"263":0,"264":0,"265":0,"266":0,"267":0,"268":0,"269":0,"270":0,"271":0,"272":0}}
,"C:\\Users\\Windows 11\\tcc\\example\\smoke-test\\node-smoke.js": {"path":"C:\\Users\\Windows 11\\tcc\\example\\smoke-test\\node-smoke.js","all":false,"statementMap":{"0":{"start":{"line":1,"column":0},"end":{"line":1,"column":35}},"1":{"start":{"line":2,"column":0},"end":{"line":2,"column":25}},"2":{"start":{"line":3,"column":0},"end":{"line":3,"column":29}},"3":{"start":{"line":4,"column":0},"end":{"line":4,"column":41}},"4":{"start":{"line":5,"column":0},"end":{"line":5,"column":0}},"5":{"start":{"line":6,"column":0},"end":{"line":6,"column":44}},"6":{"start":{"line":7,"column":0},"end":{"line":7,"column":80}},"7":{"start":{"line":8,"column":0},"end":{"line":8,"column":45}},"8":{"start":{"line":9,"column":0},"end":{"line":9,"column":0}},"9":{"start":{"line":10,"column":0},"end":{"line":10,"column":55}},"10":{"start":{"line":11,"column":0},"end":{"line":11,"column":17}},"11":{"start":{"line":12,"column":0},"end":{"line":12,"column":13}},"12":{"start":{"line":13,"column":0},"end":{"line":13,"column":24}},"13":{"start":{"line":14,"column":0},"end":{"line":14,"column":61}},"14":{"start":{"line":15,"column":0},"end":{"line":15,"column":37}},"15":{"start":{"line":16,"column":0},"end":{"line":16,"column":58}},"16":{"start":{"line":17,"column":0},"end":{"line":17,"column":5}},"17":{"start":{"line":18,"column":0},"end":{"line":18,"column":37}},"18":{"start":{"line":19,"column":0},"end":{"line":19,"column":4}},"19":{"start":{"line":20,"column":0},"end":{"line":20,"column":2}},"20":{"start":{"line":21,"column":0},"end":{"line":21,"column":0}},"21":{"start":{"line":22,"column":0},"end":{"line":22,"column":34}},"22":{"start":{"line":23,"column":0},"end":{"line":23,"column":7}},"23":{"start":{"line":24,"column":0},"end":{"line":24,"column":10}},"24":{"start":{"line":25,"column":0},"end":{"line":25,"column":10}},"25":{"start":{"line":26,"column":0},"end":{"line":26,"column":13}},"26":{"start":{"line":27,"column":0},"end":{"line":27,"column":44}},"27":{"start":{"line":28,"column":0},"end":{"line":28,"column":0}},"28":{"start":{"line":29,"column":0},"end":{"line":29,"column":77}},"29":{"start":{"line":30,"column":0},"end":{"line":30,"column":15}},"30":{"start":{"line":31,"column":0},"end":{"line":31,"column":9}},"31":{"start":{"line":32,"column":0},"end":{"line":32,"column":10}},"32":{"start":{"line":33,"column":0},"end":{"line":33,"column":11}},"33":{"start":{"line":34,"column":0},"end":{"line":34,"column":10}},"34":{"start":{"line":35,"column":0},"end":{"line":35,"column":2}},"35":{"start":{"line":36,"column":0},"end":{"line":36,"column":15}},"36":{"start":{"line":37,"column":0},"end":{"line":37,"column":61}},"37":{"start":{"line":38,"column":0},"end":{"line":38,"column":74}},"38":{"start":{"line":39,"column":0},"end":{"line":39,"column":2}},"39":{"start":{"line":40,"column":0},"end":{"line":40,"column":26}},"40":{"start":{"line":41,"column":0},"end":{"line":41,"column":40}},"41":{"start":{"line":42,"column":0},"end":{"line":42,"column":17}},"42":{"start":{"line":43,"column":0},"end":{"line":43,"column":0}},"43":{"start":{"line":44,"column":0},"end":{"line":44,"column":72}},"44":{"start":{"line":45,"column":0},"end":{"line":45,"column":40}},"45":{"start":{"line":46,"column":0},"end":{"line":46,"column":42}}},"s":{"0":1,"1":1,"2":1,"3":1,"4":1,"5":1,"6":1,"7":1,"8":1,"9":1,"10":1,"11":1,"12":1,"13":0,"14":0,"15":0,"16":0,"17":0,"18":0,"19":1,"20":1,"21":1,"22":1,"23":1,"24":1,"25":1,"26":1,"27":1,"28":1,"29":1,"30":1,"31":1,"32":1,"33":1,"34":1,"35":1,"36":1,"37":1,"38":1,"39":1,"40":1,"41":1,"42":1,"43":1,"44":1,"45":1},"branchMap":{"0":{"type":"branch","line":37,"loc":{"start":{"line":37,"column":36},"end":{"line":37,"column":58}},"locations":[{"start":{"line":37,"column":36},"end":{"line":37,"column":58}}]},"1":{"type":"branch","line":38,"loc":{"start":{"line":38,"column":49},"end":{"line":38,"column":71}},"locations":[{"start":{"line":38,"column":49},"end":{"line":38,"column":71}}]},"2":{"type":"branch","line":41,"loc":{"start":{"line":41,"column":15},"end":{"line":41,"column":38}},"locations":[{"start":{"line":41,"column":15},"end":{"line":41,"column":38}}]}},"b":{"0":[3],"1":[3],"2":[2]},"fnMap":{"0":{"name":"locateFile","decl":{"start":{"line":13,"column":2},"end":{"line":19,"column":4}},"loc":{"start":{"line":13,"column":2},"end":{"line":19,"column":4}},"line":13}},"f":{"0":0}}
}
