{"C:\\Users\\Windows 11\\tcc\\src\\geometryLoader.js": {"path":"C:\\Users\\Windows 11\\tcc\\src\\geometryLoader.js","statementMap":{"0":{"start":{"line":4,"column":11},"end":{"line":4,"column":22}},"1":{"start":{"line":4,"column":17},"end":{"line":4,"column":22}},"2":{"start":{"line":6,"column":29},"end":{"line":6,"column":67}},"3":{"start":{"line":6,"column":49},"end":{"line":6,"column":65}},"4":{"start":{"line":10,"column":2},"end":{"line":10,"column":22}},"5":{"start":{"line":11,"column":2},"end":{"line":11,"column":71}},"6":{"start":{"line":14,"column":0},"end":{"line":31,"column":5}},"7":{"start":{"line":16,"column":2},"end":{"line":20,"column":3}},"8":{"start":{"line":17,"column":15},"end":{"line":17,"column":56}},"9":{"start":{"line":18,"column":4},"end":{"line":18,"column":66}},"10":{"start":{"line":19,"column":4},"end":{"line":19,"column":26}},"11":{"start":{"line":21,"column":2},"end":{"line":30,"column":3}},"12":{"start":{"line":22,"column":20},"end":{"line":22,"column":70}},"13":{"start":{"line":23,"column":16},"end":{"line":23,"column":31}},"14":{"start":{"line":24,"column":4},"end":{"line":24,"column":68}},"15":{"start":{"line":26,"column":15},"end":{"line":26,"column":56}},"16":{"start":{"line":27,"column":4},"end":{"line":27,"column":66}},"17":{"start":{"line":29,"column":4},"end":{"line":29,"column":19}},"18":{"start":{"line":34,"column":2},"end":{"line":34,"column":23}}},"fnMap":{"0":{"name":"(anonymous_0)","decl":{"start":{"line":4,"column":11},"end":{"line":4,"column":12}},"loc":{"start":{"line":4,"column":17},"end":{"line":4,"column":22}},"line":4},"1":{"name":"(anonymous_1)","decl":{"start":{"line":6,"column":41},"end":{"line":6,"column":42}},"loc":{"start":{"line":6,"column":49},"end":{"line":6,"column":65}},"line":6},"2":{"name":"createGeometry","decl":{"start":{"line":8,"column":30},"end":{"line":8,"column":44}},"loc":{"start":{"line":8,"column":47},"end":{"line":12,"column":1}},"line":8},"3":{"name":"(anonymous_3)","decl":{"start":{"line":14,"column":1},"end":{"line":14,"column":2}},"loc":{"start":{"line":14,"column":13},"end":{"line":31,"column":1}},"line":14},"4":{"name":"segmentsIntersect","decl":{"start":{"line":33,"column":16},"end":{"line":33,"column":33}},"loc":{"start":{"line":33,"column":43},"end":{"line":35,"column":1}},"line":33}},"branchMap":{"0":{"loc":{"start":{"line":16,"column":2},"end":{"line":20,"column":3}},"type":"if","locations":[{"start":{"line":16,"column":2},"end":{"line":20,"column":3}},{"start":{},"end":{}}],"line":16},"1":{"loc":{"start":{"line":18,"column":11},"end":{"line":18,"column":65}},"type":"binary-expr","locations":[{"start":{"line":18,"column":11},"end":{"line":18,"column":31}},{"start":{"line":18,"column":35},"end":{"line":18,"column":57}},{"start":{"line":18,"column":61},"end":{"line":18,"column":65}}],"line":18},"2":{"loc":{"start":{"line":24,"column":11},"end":{"line":24,"column":67}},"type":"binary-expr","locations":[{"start":{"line":24,"column":11},"end":{"line":24,"column":32}},{"start":{"line":24,"column":36},"end":{"line":24,"column":59}},{"start":{"line":24,"column":63},"end":{"line":24,"column":67}}],"line":24},"3":{"loc":{"start":{"line":27,"column":11},"end":{"line":27,"column":65}},"type":"binary-expr","locations":[{"start":{"line":27,"column":11},"end":{"line":27,"column":31}},{"start":{"line":27,"column":35},"end":{"line":27,"column":57}},{"start":{"line":27,"column":61},"end":{"line":27,"column":65}}],"line":27}},"s":{"0":4,"1":0,"2":4,"3":4,"4":1,"5":1,"6":4,"7":4,"8":4,"9":4,"10":4,"11":0,"12":0,"13":0,"14":0,"15":0,"16":0,"17":0,"18":0},"f":{"0":0,"1":4,"2":1,"3":4,"4":0},"b":{"0":[4,0],"1":[4,0,0],"2":[0,0,0],"3":[0,0,0]},"_coverageSchema":"1a1c01bbd47fc00a2c39e90264f33305004495a9","hash":"ee294d3465d5158a8aca93feb14ed7b2e02e2e0b"}
,"C:\\Users\\Windows 11\\tcc\\src\\geometry_js_fallback.js": {"path":"C:\\Users\\Windows 11\\tcc\\src\\geometry_js_fallback.js","statementMap":{"0":{"start":{"line":3,"column":14},"end":{"line":3,"column":43}},"1":{"start":{"line":3,"column":30},"end":{"line":3,"column":43}},"2":{"start":{"line":4,"column":12},"end":{"line":4,"column":51}},"3":{"start":{"line":5,"column":2},"end":{"line":5,"column":23}},"4":{"start":{"line":5,"column":10},"end":{"line":5,"column":23}},"5":{"start":{"line":6,"column":12},"end":{"line":6,"column":55}},"6":{"start":{"line":7,"column":12},"end":{"line":7,"column":55}},"7":{"start":{"line":8,"column":2},"end":{"line":8,"column":46}}},"fnMap":{"0":{"name":"segmentsIntersect","decl":{"start":{"line":2,"column":16},"end":{"line":2,"column":33}},"loc":{"start":{"line":2,"column":66},"end":{"line":9,"column":1}},"line":2},"1":{"name":"(anonymous_1)","decl":{"start":{"line":3,"column":14},"end":{"line":3,"column":15}},"loc":{"start":{"line":3,"column":30},"end":{"line":3,"column":43}},"line":3}},"branchMap":{"0":{"loc":{"start":{"line":5,"column":2},"end":{"line":5,"column":23}},"type":"if","locations":[{"start":{"line":5,"column":2},"end":{"line":5,"column":23}},{"start":{},"end":{}}],"line":5},"1":{"loc":{"start":{"line":8,"column":9},"end":{"line":8,"column":45}},"type":"binary-expr","locations":[{"start":{"line":8,"column":9},"end":{"line":8,"column":15}},{"start":{"line":8,"column":19},"end":{"line":8,"column":25}},{"start":{"line":8,"column":29},"end":{"line":8,"column":35}},{"start":{"line":8,"column":39},"end":{"line":8,"column":45}}],"line":8}},"s":{"0":0,"1":0,"2":0,"3":0,"4":0,"5":0,"6":0,"7":0},"f":{"0":0,"1":0},"b":{"0":[0,0],"1":[0,0,0,0]},"_coverageSchema":"1a1c01bbd47fc00a2c39e90264f33305004495a9","hash":"ea497351e20d700947d40bd6783596d1c3bbe547"}
,"C:\\Users\\Windows 11\\tcc\\src\\index.js": {"path":"C:\\Users\\Windows 11\\tcc\\src\\index.js","statementMap":{},"fnMap":{},"branchMap":{},"s":{},"f":{},"b":{},"_coverageSchema":"1a1c01bbd47fc00a2c39e90264f33305004495a9","hash":"c5da53736b81669f2e7b4a9d4e51eed7e632353c"}
,"C:\\Users\\Windows 11\\tcc\\src\\navmesh\\DynamicObstacleManager.js": {"path":"C:\\Users\\Windows 11\\tcc\\src\\navmesh\\DynamicObstacleManager.js","statementMap":{"0":{"start":{"line":18,"column":4},"end":{"line":18,"column":12}},"1":{"start":{"line":19,"column":4},"end":{"line":19,"column":27}},"2":{"start":{"line":20,"column":4},"end":{"line":25,"column":6}},"3":{"start":{"line":26,"column":4},"end":{"line":26,"column":31}},"4":{"start":{"line":27,"column":4},"end":{"line":27,"column":62}},"5":{"start":{"line":28,"column":4},"end":{"line":28,"column":34}},"6":{"start":{"line":29,"column":4},"end":{"line":29,"column":37}},"7":{"start":{"line":30,"column":4},"end":{"line":30,"column":16}},"8":{"start":{"line":37,"column":4},"end":{"line":37,"column":30}},"9":{"start":{"line":46,"column":4},"end":{"line":53,"column":5}},"10":{"start":{"line":47,"column":22},"end":{"line":50,"column":7}},"11":{"start":{"line":48,"column":8},"end":{"line":48,"column":48}},"12":{"start":{"line":49,"column":8},"end":{"line":49,"column":34}},"13":{"start":{"line":51,"column":6},"end":{"line":51,"column":45}},"14":{"start":{"line":52,"column":6},"end":{"line":52,"column":13}},"15":{"start":{"line":54,"column":4},"end":{"line":58,"column":7}},"16":{"start":{"line":55,"column":6},"end":{"line":57,"column":9}},"17":{"start":{"line":56,"column":8},"end":{"line":56,"column":51}},"18":{"start":{"line":67,"column":4},"end":{"line":93,"column":5}},"19":{"start":{"line":68,"column":17},"end":{"line":68,"column":36}},"20":{"start":{"line":69,"column":6},"end":{"line":69,"column":39}},"21":{"start":{"line":71,"column":22},"end":{"line":71,"column":54}},"22":{"start":{"line":72,"column":6},"end":{"line":72,"column":70}},"23":{"start":{"line":74,"column":6},"end":{"line":79,"column":9}},"24":{"start":{"line":75,"column":8},"end":{"line":77,"column":9}},"25":{"start":{"line":76,"column":10},"end":{"line":76,"column":54}},"26":{"start":{"line":78,"column":8},"end":{"line":78,"column":49}},"27":{"start":{"line":81,"column":6},"end":{"line":83,"column":7}},"28":{"start":{"line":82,"column":8},"end":{"line":82,"column":35}},"29":{"start":{"line":84,"column":6},"end":{"line":88,"column":9}},"30":{"start":{"line":89,"column":6},"end":{"line":89,"column":77}},"31":{"start":{"line":90,"column":6},"end":{"line":90,"column":16}},"32":{"start":{"line":92,"column":6},"end":{"line":92,"column":62}},"33":{"start":{"line":101,"column":4},"end":{"line":128,"column":5}},"34":{"start":{"line":102,"column":6},"end":{"line":102,"column":50}},"35":{"start":{"line":102,"column":43},"end":{"line":102,"column":50}},"36":{"start":{"line":104,"column":24},"end":{"line":104,"column":26}},"37":{"start":{"line":105,"column":6},"end":{"line":113,"column":9}},"38":{"start":{"line":106,"column":8},"end":{"line":112,"column":9}},"39":{"start":{"line":107,"column":10},"end":{"line":107,"column":39}},"40":{"start":{"line":108,"column":10},"end":{"line":111,"column":11}},"41":{"start":{"line":109,"column":12},"end":{"line":109,"column":35}},"42":{"start":{"line":110,"column":12},"end":{"line":110,"column":48}},"43":{"start":{"line":115,"column":6},"end":{"line":115,"column":40}},"44":{"start":{"line":116,"column":6},"end":{"line":116,"column":70}},"45":{"start":{"line":116,"column":36},"end":{"line":116,"column":68}},"46":{"start":{"line":118,"column":6},"end":{"line":120,"column":7}},"47":{"start":{"line":119,"column":8},"end":{"line":119,"column":35}},"48":{"start":{"line":121,"column":6},"end":{"line":124,"column":9}},"49":{"start":{"line":125,"column":6},"end":{"line":125,"column":80}},"50":{"start":{"line":127,"column":6},"end":{"line":127,"column":65}},"51":{"start":{"line":137,"column":4},"end":{"line":137,"column":36}},"52":{"start":{"line":138,"column":4},"end":{"line":138,"column":34}},"53":{"start":{"line":148,"column":25},"end":{"line":148,"column":34}},"54":{"start":{"line":149,"column":20},"end":{"line":149,"column":45}},"55":{"start":{"line":152,"column":24},"end":{"line":152,"column":55}},"56":{"start":{"line":154,"column":4},"end":{"line":159,"column":7}},"57":{"start":{"line":155,"column":22},"end":{"line":155,"column":64}},"58":{"start":{"line":156,"column":6},"end":{"line":158,"column":7}},"59":{"start":{"line":157,"column":8},"end":{"line":157,"column":56}},"60":{"start":{"line":161,"column":4},"end":{"line":161,"column":24}},"61":{"start":{"line":173,"column":4},"end":{"line":173,"column":79}},"62":{"start":{"line":184,"column":4},"end":{"line":184,"column":83}},"63":{"start":{"line":192,"column":25},"end":{"line":192,"column":51}},"64":{"start":{"line":194,"column":4},"end":{"line":218,"column":7}},"65":{"start":{"line":196,"column":34},"end":{"line":196,"column":51}},"66":{"start":{"line":197,"column":27},"end":{"line":200,"column":8}},"67":{"start":{"line":198,"column":23},"end":{"line":198,"column":47}},"68":{"start":{"line":199,"column":8},"end":{"line":199,"column":24}},"69":{"start":{"line":203,"column":6},"end":{"line":206,"column":8}},"70":{"start":{"line":205,"column":58},"end":{"line":205,"column":93}},"71":{"start":{"line":209,"column":23},"end":{"line":209,"column":60}},"72":{"start":{"line":210,"column":27},"end":{"line":210,"column":84}},"73":{"start":{"line":210,"column":51},"end":{"line":210,"column":83}},"74":{"start":{"line":211,"column":6},"end":{"line":217,"column":7}},"75":{"start":{"line":212,"column":27},"end":{"line":212,"column":47}},"76":{"start":{"line":213,"column":8},"end":{"line":216,"column":10}},"77":{"start":{"line":215,"column":63},"end":{"line":215,"column":92}},"78":{"start":{"line":220,"column":4},"end":{"line":220,"column":38}},"79":{"start":{"line":232,"column":4},"end":{"line":237,"column":6}},"80":{"start":{"line":251,"column":4},"end":{"line":251,"column":29}},"81":{"start":{"line":252,"column":4},"end":{"line":252,"column":26}},"82":{"start":{"line":261,"column":17},"end":{"line":261,"column":40}},"83":{"start":{"line":262,"column":18},"end":{"line":262,"column":45}},"84":{"start":{"line":264,"column":4},"end":{"line":270,"column":7}},"85":{"start":{"line":265,"column":18},"end":{"line":265,"column":37}},"86":{"start":{"line":266,"column":6},"end":{"line":268,"column":7}},"87":{"start":{"line":267,"column":8},"end":{"line":267,"column":38}},"88":{"start":{"line":269,"column":6},"end":{"line":269,"column":47}},"89":{"start":{"line":279,"column":18},"end":{"line":279,"column":45}},"90":{"start":{"line":280,"column":20},"end":{"line":280,"column":29}},"91":{"start":{"line":282,"column":4},"end":{"line":287,"column":7}},"92":{"start":{"line":283,"column":18},"end":{"line":283,"column":37}},"93":{"start":{"line":284,"column":6},"end":{"line":286,"column":7}},"94":{"start":{"line":285,"column":8},"end":{"line":285,"column":66}},"95":{"start":{"line":285,"column":46},"end":{"line":285,"column":64}},"96":{"start":{"line":289,"column":4},"end":{"line":289,"column":31}},"97":{"start":{"line":299,"column":4},"end":{"line":304,"column":6}},"98":{"start":{"line":314,"column":18},"end":{"line":314,"column":20}},"99":{"start":{"line":315,"column":21},"end":{"line":315,"column":58}},"100":{"start":{"line":316,"column":21},"end":{"line":316,"column":58}},"101":{"start":{"line":317,"column":21},"end":{"line":317,"column":58}},"102":{"start":{"line":318,"column":21},"end":{"line":318,"column":58}},"103":{"start":{"line":320,"column":4},"end":{"line":324,"column":5}},"104":{"start":{"line":320,"column":17},"end":{"line":320,"column":25}},"105":{"start":{"line":321,"column":6},"end":{"line":323,"column":7}},"106":{"start":{"line":321,"column":19},"end":{"line":321,"column":27}},"107":{"start":{"line":322,"column":8},"end":{"line":322,"column":29}},"108":{"start":{"line":325,"column":4},"end":{"line":325,"column":17}},"109":{"start":{"line":335,"column":4},"end":{"line":335,"column":33}}},"fnMap":{"0":{"name":"(anonymous_0)","decl":{"start":{"line":17,"column":2},"end":{"line":17,"column":3}},"loc":{"start":{"line":17,"column":37},"end":{"line":31,"column":3}},"line":17},"1":{"name":"(anonymous_1)","decl":{"start":{"line":36,"column":2},"end":{"line":36,"column":3}},"loc":{"start":{"line":36,"column":9},"end":{"line":38,"column":3}},"line":36},"2":{"name":"(anonymous_2)","decl":{"start":{"line":45,"column":2},"end":{"line":45,"column":3}},"loc":{"start":{"line":45,"column":23},"end":{"line":59,"column":3}},"line":45},"3":{"name":"(anonymous_3)","decl":{"start":{"line":47,"column":22},"end":{"line":47,"column":23}},"loc":{"start":{"line":47,"column":28},"end":{"line":50,"column":7}},"line":47},"4":{"name":"(anonymous_4)","decl":{"start":{"line":54,"column":37},"end":{"line":54,"column":38}},"loc":{"start":{"line":54,"column":47},"end":{"line":58,"column":5}},"line":54},"5":{"name":"(anonymous_5)","decl":{"start":{"line":55,"column":38},"end":{"line":55,"column":39}},"loc":{"start":{"line":55,"column":48},"end":{"line":57,"column":7}},"line":55},"6":{"name":"(anonymous_6)","decl":{"start":{"line":66,"column":2},"end":{"line":66,"column":3}},"loc":{"start":{"line":66,"column":24},"end":{"line":94,"column":3}},"line":66},"7":{"name":"(anonymous_7)","decl":{"start":{"line":74,"column":22},"end":{"line":74,"column":23}},"loc":{"start":{"line":74,"column":34},"end":{"line":79,"column":7}},"line":74},"8":{"name":"(anonymous_8)","decl":{"start":{"line":100,"column":2},"end":{"line":100,"column":3}},"loc":{"start":{"line":100,"column":29},"end":{"line":129,"column":3}},"line":100},"9":{"name":"(anonymous_9)","decl":{"start":{"line":105,"column":35},"end":{"line":105,"column":36}},"loc":{"start":{"line":105,"column":58},"end":{"line":113,"column":7}},"line":105},"10":{"name":"(anonymous_10)","decl":{"start":{"line":116,"column":24},"end":{"line":116,"column":25}},"loc":{"start":{"line":116,"column":36},"end":{"line":116,"column":68}},"line":116},"11":{"name":"(anonymous_11)","decl":{"start":{"line":136,"column":2},"end":{"line":136,"column":3}},"loc":{"start":{"line":136,"column":42},"end":{"line":139,"column":3}},"line":136},"12":{"name":"(anonymous_12)","decl":{"start":{"line":147,"column":2},"end":{"line":147,"column":3}},"loc":{"start":{"line":147,"column":30},"end":{"line":162,"column":3}},"line":147},"13":{"name":"(anonymous_13)","decl":{"start":{"line":154,"column":24},"end":{"line":154,"column":25}},"loc":{"start":{"line":154,"column":46},"end":{"line":159,"column":5}},"line":154},"14":{"name":"(anonymous_14)","decl":{"start":{"line":172,"column":2},"end":{"line":172,"column":3}},"loc":{"start":{"line":172,"column":51},"end":{"line":174,"column":3}},"line":172},"15":{"name":"(anonymous_15)","decl":{"start":{"line":183,"column":2},"end":{"line":183,"column":3}},"loc":{"start":{"line":183,"column":27},"end":{"line":185,"column":3}},"line":183},"16":{"name":"(anonymous_16)","decl":{"start":{"line":191,"column":2},"end":{"line":191,"column":3}},"loc":{"start":{"line":191,"column":24},"end":{"line":221,"column":3}},"line":191},"17":{"name":"(anonymous_17)","decl":{"start":{"line":194,"column":30},"end":{"line":194,"column":31}},"loc":{"start":{"line":194,"column":42},"end":{"line":218,"column":5}},"line":194},"18":{"name":"(anonymous_18)","decl":{"start":{"line":197,"column":38},"end":{"line":197,"column":39}},"loc":{"start":{"line":197,"column":45},"end":{"line":200,"column":7}},"line":197},"19":{"name":"(anonymous_19)","decl":{"start":{"line":205,"column":48},"end":{"line":205,"column":49}},"loc":{"start":{"line":205,"column":58},"end":{"line":205,"column":93}},"line":205},"20":{"name":"(anonymous_20)","decl":{"start":{"line":210,"column":43},"end":{"line":210,"column":44}},"loc":{"start":{"line":210,"column":51},"end":{"line":210,"column":83}},"line":210},"21":{"name":"(anonymous_21)","decl":{"start":{"line":215,"column":54},"end":{"line":215,"column":55}},"loc":{"start":{"line":215,"column":63},"end":{"line":215,"column":92}},"line":215},"22":{"name":"(anonymous_22)","decl":{"start":{"line":231,"column":2},"end":{"line":231,"column":3}},"loc":{"start":{"line":231,"column":32},"end":{"line":238,"column":3}},"line":231},"23":{"name":"(anonymous_23)","decl":{"start":{"line":250,"column":2},"end":{"line":250,"column":3}},"loc":{"start":{"line":250,"column":30},"end":{"line":253,"column":3}},"line":250},"24":{"name":"(anonymous_24)","decl":{"start":{"line":260,"column":2},"end":{"line":260,"column":3}},"loc":{"start":{"line":260,"column":27},"end":{"line":271,"column":3}},"line":260},"25":{"name":"(anonymous_25)","decl":{"start":{"line":264,"column":18},"end":{"line":264,"column":19}},"loc":{"start":{"line":264,"column":28},"end":{"line":270,"column":5}},"line":264},"26":{"name":"(anonymous_26)","decl":{"start":{"line":278,"column":2},"end":{"line":278,"column":3}},"loc":{"start":{"line":278,"column":14},"end":{"line":290,"column":3}},"line":278},"27":{"name":"(anonymous_27)","decl":{"start":{"line":282,"column":18},"end":{"line":282,"column":19}},"loc":{"start":{"line":282,"column":28},"end":{"line":287,"column":5}},"line":282},"28":{"name":"(anonymous_28)","decl":{"start":{"line":285,"column":35},"end":{"line":285,"column":36}},"loc":{"start":{"line":285,"column":46},"end":{"line":285,"column":64}},"line":285},"29":{"name":"(anonymous_29)","decl":{"start":{"line":298,"column":2},"end":{"line":298,"column":3}},"loc":{"start":{"line":298,"column":21},"end":{"line":305,"column":3}},"line":298},"30":{"name":"(anonymous_30)","decl":{"start":{"line":313,"column":2},"end":{"line":313,"column":3}},"loc":{"start":{"line":313,"column":25},"end":{"line":326,"column":3}},"line":313},"31":{"name":"(anonymous_31)","decl":{"start":{"line":334,"column":2},"end":{"line":334,"column":3}},"loc":{"start":{"line":334,"column":17},"end":{"line":336,"column":3}},"line":334}},"branchMap":{"0":{"loc":{"start":{"line":17,"column":23},"end":{"line":17,"column":35}},"type":"default-arg","locations":[{"start":{"line":17,"column":33},"end":{"line":17,"column":35}}],"line":17},"1":{"loc":{"start":{"line":46,"column":4},"end":{"line":53,"column":5}},"type":"if","locations":[{"start":{"line":46,"column":4},"end":{"line":53,"column":5}},{"start":{},"end":{}}],"line":46},"2":{"loc":{"start":{"line":75,"column":8},"end":{"line":77,"column":9}},"type":"if","locations":[{"start":{"line":75,"column":8},"end":{"line":77,"column":9}},{"start":{},"end":{}}],"line":75},"3":{"loc":{"start":{"line":81,"column":6},"end":{"line":83,"column":7}},"type":"if","locations":[{"start":{"line":81,"column":6},"end":{"line":83,"column":7}},{"start":{},"end":{}}],"line":81},"4":{"loc":{"start":{"line":102,"column":6},"end":{"line":102,"column":50}},"type":"if","locations":[{"start":{"line":102,"column":6},"end":{"line":102,"column":50}},{"start":{},"end":{}}],"line":102},"5":{"loc":{"start":{"line":106,"column":8},"end":{"line":112,"column":9}},"type":"if","locations":[{"start":{"line":106,"column":8},"end":{"line":112,"column":9}},{"start":{},"end":{}}],"line":106},"6":{"loc":{"start":{"line":108,"column":10},"end":{"line":111,"column":11}},"type":"if","locations":[{"start":{"line":108,"column":10},"end":{"line":111,"column":11}},{"start":{},"end":{}}],"line":108},"7":{"loc":{"start":{"line":118,"column":6},"end":{"line":120,"column":7}},"type":"if","locations":[{"start":{"line":118,"column":6},"end":{"line":120,"column":7}},{"start":{},"end":{}}],"line":118},"8":{"loc":{"start":{"line":156,"column":6},"end":{"line":158,"column":7}},"type":"if","locations":[{"start":{"line":156,"column":6},"end":{"line":158,"column":7}},{"start":{},"end":{}}],"line":156},"9":{"loc":{"start":{"line":233,"column":6},"end":{"line":236,"column":26}},"type":"binary-expr","locations":[{"start":{"line":233,"column":6},"end":{"line":233,"column":30}},{"start":{"line":234,"column":6},"end":{"line":234,"column":30}},{"start":{"line":235,"column":6},"end":{"line":235,"column":26}},{"start":{"line":236,"column":6},"end":{"line":236,"column":26}}],"line":233},"10":{"loc":{"start":{"line":250,"column":14},"end":{"line":250,"column":28}},"type":"default-arg","locations":[{"start":{"line":250,"column":25},"end":{"line":250,"column":28}}],"line":250},"11":{"loc":{"start":{"line":266,"column":6},"end":{"line":268,"column":7}},"type":"if","locations":[{"start":{"line":266,"column":6},"end":{"line":268,"column":7}},{"start":{},"end":{}}],"line":266},"12":{"loc":{"start":{"line":284,"column":6},"end":{"line":286,"column":7}},"type":"if","locations":[{"start":{"line":284,"column":6},"end":{"line":286,"column":7}},{"start":{},"end":{}}],"line":284}},"s":{"0":2,"1":2,"2":2,"3":2,"4":2,"5":2,"6":2,"7":2,"8":2,"9":4,"10":2,"11":2,"12":2,"13":2,"14":2,"15":2,"16":5,"17":15,"18":0,"19":0,"20":0,"21":0,"22":0,"23":0,"24":0,"25":0,"26":0,"27":0,"28":0,"29":0,"30":0,"31":0,"32":0,"33":0,"34":0,"35":0,"36":0,"37":0,"38":0,"39":0,"40":0,"41":0,"42":0,"43":0,"44":0,"45":0,"46":0,"47":0,"48":0,"49":0,"50":0,"51":0,"52":0,"53":0,"54":0,"55":0,"56":0,"57":0,"58":0,"59":0,"60":0,"61":0,"62":0,"63":0,"64":0,"65":0,"66":0,"67":0,"68":0,"69":0,"70":0,"71":0,"72":0,"73":0,"74":0,"75":0,"76":0,"77":0,"78":0,"79":0,"80":2,"81":2,"82":15,"83":15,"84":15,"85":15,"86":15,"87":2,"88":15,"89":0,"90":0,"91":0,"92":0,"93":0,"94":0,"95":0,"96":0,"97":15,"98":15,"99":15,"100":15,"101":15,"102":15,"103":15,"104":15,"105":15,"106":15,"107":15,"108":15,"109":15},"f":{"0":2,"1":2,"2":4,"3":2,"4":5,"5":15,"6":0,"7":0,"8":0,"9":0,"10":0,"11":0,"12":0,"13":0,"14":0,"15":0,"16":0,"17":0,"18":0,"19":0,"20":0,"21":0,"22":0,"23":2,"24":15,"25":15,"26":0,"27":0,"28":0,"29":15,"30":15,"31":15},"b":{"0":[2],"1":[2,2],"2":[0,0],"3":[0,0],"4":[0,0],"5":[0,0],"6":[0,0],"7":[0,0],"8":[0,0],"9":[0,0,0,0],"10":[0],"11":[2,13],"12":[0,0]},"_coverageSchema":"1a1c01bbd47fc00a2c39e90264f33305004495a9","hash":"15777e658f8eb3148da5daf3c540c29b649f0776"}
,"C:\\Users\\Windows 11\\tcc\\src\\navmesh\\EventEmitter.js": {"path":"C:\\Users\\Windows 11\\tcc\\src\\navmesh\\EventEmitter.js","statementMap":{"0":{"start":{"line":8,"column":4},"end":{"line":8,"column":29}},"1":{"start":{"line":9,"column":4},"end":{"line":9,"column":38}},"2":{"start":{"line":18,"column":4},"end":{"line":20,"column":5}},"3":{"start":{"line":19,"column":6},"end":{"line":19,"column":41}},"4":{"start":{"line":21,"column":4},"end":{"line":21,"column":42}},"5":{"start":{"line":30,"column":4},"end":{"line":32,"column":5}},"6":{"start":{"line":31,"column":6},"end":{"line":31,"column":47}},"7":{"start":{"line":42,"column":4},"end":{"line":48,"column":7}},"8":{"start":{"line":43,"column":6},"end":{"line":47,"column":7}},"9":{"start":{"line":44,"column":8},"end":{"line":44,"column":40}},"10":{"start":{"line":46,"column":8},"end":{"line":46,"column":25}},"11":{"start":{"line":51,"column":4},"end":{"line":59,"column":5}},"12":{"start":{"line":52,"column":6},"end":{"line":58,"column":9}},"13":{"start":{"line":53,"column":8},"end":{"line":57,"column":9}},"14":{"start":{"line":54,"column":10},"end":{"line":54,"column":28}},"15":{"start":{"line":56,"column":10},"end":{"line":56,"column":27}},"16":{"start":{"line":67,"column":4},"end":{"line":67,"column":40}},"17":{"start":{"line":75,"column":4},"end":{"line":75,"column":43}}},"fnMap":{"0":{"name":"(anonymous_0)","decl":{"start":{"line":7,"column":2},"end":{"line":7,"column":3}},"loc":{"start":{"line":7,"column":16},"end":{"line":10,"column":3}},"line":7},"1":{"name":"(anonymous_1)","decl":{"start":{"line":17,"column":2},"end":{"line":17,"column":3}},"loc":{"start":{"line":17,"column":22},"end":{"line":22,"column":3}},"line":17},"2":{"name":"(anonymous_2)","decl":{"start":{"line":29,"column":2},"end":{"line":29,"column":3}},"loc":{"start":{"line":29,"column":23},"end":{"line":33,"column":3}},"line":29},"3":{"name":"(anonymous_3)","decl":{"start":{"line":40,"column":2},"end":{"line":40,"column":3}},"loc":{"start":{"line":40,"column":23},"end":{"line":60,"column":3}},"line":40},"4":{"name":"(anonymous_4)","decl":{"start":{"line":42,"column":34},"end":{"line":42,"column":35}},"loc":{"start":{"line":42,"column":48},"end":{"line":48,"column":5}},"line":42},"5":{"name":"(anonymous_5)","decl":{"start":{"line":52,"column":38},"end":{"line":52,"column":39}},"loc":{"start":{"line":52,"column":52},"end":{"line":58,"column":7}},"line":52},"6":{"name":"(anonymous_6)","decl":{"start":{"line":66,"column":2},"end":{"line":66,"column":3}},"loc":{"start":{"line":66,"column":30},"end":{"line":68,"column":3}},"line":66},"7":{"name":"(anonymous_7)","decl":{"start":{"line":74,"column":2},"end":{"line":74,"column":3}},"loc":{"start":{"line":74,"column":33},"end":{"line":76,"column":3}},"line":74}},"branchMap":{"0":{"loc":{"start":{"line":18,"column":4},"end":{"line":20,"column":5}},"type":"if","locations":[{"start":{"line":18,"column":4},"end":{"line":20,"column":5}},{"start":{},"end":{}}],"line":18},"1":{"loc":{"start":{"line":30,"column":4},"end":{"line":32,"column":5}},"type":"if","locations":[{"start":{"line":30,"column":4},"end":{"line":32,"column":5}},{"start":{},"end":{}}],"line":30},"2":{"loc":{"start":{"line":51,"column":4},"end":{"line":59,"column":5}},"type":"if","locations":[{"start":{"line":51,"column":4},"end":{"line":59,"column":5}},{"start":{},"end":{}}],"line":51}},"s":{"0":12,"1":12,"2":4,"3":4,"4":4,"5":2,"6":2,"7":11,"8":0,"9":0,"10":0,"11":11,"12":2,"13":2,"14":2,"15":0,"16":0,"17":0},"f":{"0":12,"1":4,"2":2,"3":11,"4":0,"5":2,"6":0,"7":0},"b":{"0":[4,0],"1":[2,0],"2":[2,9]},"_coverageSchema":"1a1c01bbd47fc00a2c39e90264f33305004495a9","hash":"0af56505ac786225cf002418baccf3ae5a46f60c"}
,"C:\\Users\\Windows 11\\tcc\\src\\navmesh\\LayerSystem.js": {"path":"C:\\Users\\Windows 11\\tcc\\src\\navmesh\\LayerSystem.js","statementMap":{"0":{"start":{"line":13,"column":24},"end":{"line":17,"column":3}},"1":{"start":{"line":24,"column":4},"end":{"line":24,"column":27}},"2":{"start":{"line":25,"column":4},"end":{"line":25,"column":38}},"3":{"start":{"line":26,"column":4},"end":{"line":26,"column":34}},"4":{"start":{"line":27,"column":4},"end":{"line":27,"column":30}},"5":{"start":{"line":35,"column":4},"end":{"line":38,"column":7}},"6":{"start":{"line":49,"column":4},"end":{"line":51,"column":5}},"7":{"start":{"line":50,"column":6},"end":{"line":50,"column":54}},"8":{"start":{"line":52,"column":4},"end":{"line":52,"column":36}},"9":{"start":{"line":54,"column":4},"end":{"line":59,"column":7}},"10":{"start":{"line":60,"column":4},"end":{"line":60,"column":59}},"11":{"start":{"line":71,"column":4},"end":{"line":73,"column":5}},"12":{"start":{"line":72,"column":6},"end":{"line":72,"column":56}},"13":{"start":{"line":74,"column":19},"end":{"line":78,"column":5}},"14":{"start":{"line":79,"column":4},"end":{"line":79,"column":59}},"15":{"start":{"line":80,"column":4},"end":{"line":80,"column":56}},"16":{"start":{"line":90,"column":4},"end":{"line":93,"column":7}},"17":{"start":{"line":91,"column":26},"end":{"line":91,"column":67}},"18":{"start":{"line":92,"column":6},"end":{"line":92,"column":63}},"19":{"start":{"line":105,"column":17},"end":{"line":105,"column":21}},"20":{"start":{"line":106,"column":4},"end":{"line":120,"column":7}},"21":{"start":{"line":107,"column":6},"end":{"line":119,"column":7}},"22":{"start":{"line":109,"column":10},"end":{"line":109,"column":80}},"23":{"start":{"line":110,"column":10},"end":{"line":110,"column":16}},"24":{"start":{"line":112,"column":10},"end":{"line":112,"column":81}},"25":{"start":{"line":113,"column":10},"end":{"line":113,"column":16}},"26":{"start":{"line":115,"column":10},"end":{"line":117,"column":31}},"27":{"start":{"line":118,"column":10},"end":{"line":118,"column":16}},"28":{"start":{"line":121,"column":4},"end":{"line":121,"column":18}},"29":{"start":{"line":132,"column":18},"end":{"line":132,"column":52}},"30":{"start":{"line":133,"column":18},"end":{"line":133,"column":52}},"31":{"start":{"line":134,"column":18},"end":{"line":134,"column":74}},"32":{"start":{"line":135,"column":18},"end":{"line":135,"column":74}},"33":{"start":{"line":136,"column":4},"end":{"line":136,"column":45}}},"fnMap":{"0":{"name":"(anonymous_0)","decl":{"start":{"line":23,"column":2},"end":{"line":23,"column":3}},"loc":{"start":{"line":23,"column":23},"end":{"line":28,"column":3}},"line":23},"1":{"name":"(anonymous_1)","decl":{"start":{"line":34,"column":2},"end":{"line":34,"column":3}},"loc":{"start":{"line":34,"column":23},"end":{"line":39,"column":3}},"line":34},"2":{"name":"(anonymous_2)","decl":{"start":{"line":48,"column":2},"end":{"line":48,"column":3}},"loc":{"start":{"line":48,"column":30},"end":{"line":61,"column":3}},"line":48},"3":{"name":"(anonymous_3)","decl":{"start":{"line":70,"column":2},"end":{"line":70,"column":3}},"loc":{"start":{"line":70,"column":43},"end":{"line":81,"column":3}},"line":70},"4":{"name":"(anonymous_4)","decl":{"start":{"line":89,"column":2},"end":{"line":89,"column":3}},"loc":{"start":{"line":89,"column":36},"end":{"line":94,"column":3}},"line":89},"5":{"name":"(anonymous_5)","decl":{"start":{"line":90,"column":24},"end":{"line":90,"column":25}},"loc":{"start":{"line":90,"column":34},"end":{"line":93,"column":5}},"line":90},"6":{"name":"(anonymous_6)","decl":{"start":{"line":104,"column":2},"end":{"line":104,"column":3}},"loc":{"start":{"line":104,"column":47},"end":{"line":122,"column":3}},"line":104},"7":{"name":"(anonymous_7)","decl":{"start":{"line":106,"column":32},"end":{"line":106,"column":33}},"loc":{"start":{"line":106,"column":50},"end":{"line":120,"column":5}},"line":106},"8":{"name":"(anonymous_8)","decl":{"start":{"line":131,"column":2},"end":{"line":131,"column":3}},"loc":{"start":{"line":131,"column":35},"end":{"line":137,"column":3}},"line":131}},"branchMap":{"0":{"loc":{"start":{"line":49,"column":4},"end":{"line":51,"column":5}},"type":"if","locations":[{"start":{"line":49,"column":4},"end":{"line":51,"column":5}},{"start":{},"end":{}}],"line":49},"1":{"loc":{"start":{"line":55,"column":13},"end":{"line":55,"column":38}},"type":"binary-expr","locations":[{"start":{"line":55,"column":13},"end":{"line":55,"column":25}},{"start":{"line":55,"column":29},"end":{"line":55,"column":38}}],"line":55},"2":{"loc":{"start":{"line":56,"column":21},"end":{"line":56,"column":48}},"type":"binary-expr","locations":[{"start":{"line":56,"column":21},"end":{"line":56,"column":41}},{"start":{"line":56,"column":45},"end":{"line":56,"column":48}}],"line":56},"3":{"loc":{"start":{"line":57,"column":15},"end":{"line":57,"column":37}},"type":"binary-expr","locations":[{"start":{"line":57,"column":15},"end":{"line":57,"column":29}},{"start":{"line":57,"column":33},"end":{"line":57,"column":37}}],"line":57},"4":{"loc":{"start":{"line":71,"column":4},"end":{"line":73,"column":5}},"type":"if","locations":[{"start":{"line":71,"column":4},"end":{"line":73,"column":5}},{"start":{},"end":{}}],"line":71},"5":{"loc":{"start":{"line":77,"column":13},"end":{"line":77,"column":34}},"type":"binary-expr","locations":[{"start":{"line":77,"column":13},"end":{"line":77,"column":18}},{"start":{"line":77,"column":22},"end":{"line":77,"column":34}}],"line":77},"6":{"loc":{"start":{"line":89,"column":22},"end":{"line":89,"column":34}},"type":"default-arg","locations":[{"start":{"line":89,"column":32},"end":{"line":89,"column":34}}],"line":89},"7":{"loc":{"start":{"line":107,"column":6},"end":{"line":119,"column":7}},"type":"switch","locations":[{"start":{"line":108,"column":8},"end":{"line":110,"column":16}},{"start":{"line":111,"column":8},"end":{"line":113,"column":16}},{"start":{"line":114,"column":8},"end":{"line":118,"column":16}}],"line":107},"8":{"loc":{"start":{"line":109,"column":19},"end":{"line":109,"column":79}},"type":"binary-expr","locations":[{"start":{"line":109,"column":19},"end":{"line":109,"column":25}},{"start":{"line":109,"column":29},"end":{"line":109,"column":79}}],"line":109},"9":{"loc":{"start":{"line":112,"column":19},"end":{"line":112,"column":80}},"type":"binary-expr","locations":[{"start":{"line":112,"column":19},"end":{"line":112,"column":25}},{"start":{"line":112,"column":29},"end":{"line":112,"column":80}}],"line":112},"10":{"loc":{"start":{"line":115,"column":32},"end":{"line":117,"column":30}},"type":"cond-expr","locations":[{"start":{"line":116,"column":14},"end":{"line":116,"column":64}},{"start":{"line":117,"column":14},"end":{"line":117,"column":30}}],"line":115}},"s":{"0":3,"1":2,"2":2,"3":2,"4":2,"5":2,"6":2,"7":0,"8":2,"9":2,"10":2,"11":0,"12":0,"13":0,"14":0,"15":0,"16":0,"17":0,"18":0,"19":0,"20":0,"21":0,"22":0,"23":0,"24":0,"25":0,"26":0,"27":0,"28":0,"29":0,"30":0,"31":0,"32":0,"33":0},"f":{"0":2,"1":2,"2":2,"3":0,"4":0,"5":0,"6":0,"7":0,"8":0},"b":{"0":[0,2],"1":[2,0],"2":[2,0],"3":[2,2],"4":[0,0],"5":[0,0],"6":[0],"7":[0,0,0],"8":[0,0],"9":[0,0],"10":[0,0]},"_coverageSchema":"1a1c01bbd47fc00a2c39e90264f33305004495a9","hash":"f36de069bc7c05a3ca2474b26e85bd333d5e352e"}
,"C:\\Users\\Windows 11\\tcc\\src\\navmesh\\NavMesh.js": {"path":"C:\\Users\\Windows 11\\tcc\\src\\navmesh\\NavMesh.js","statementMap":{"0":{"start":{"line":21,"column":4},"end":{"line":21,"column":12}},"1":{"start":{"line":22,"column":4},"end":{"line":22,"column":24}},"2":{"start":{"line":23,"column":4},"end":{"line":23,"column":23}},"3":{"start":{"line":24,"column":4},"end":{"line":24,"column":33}},"4":{"start":{"line":25,"column":4},"end":{"line":25,"column":45}},"5":{"start":{"line":27,"column":4},"end":{"line":27,"column":34}},"6":{"start":{"line":29,"column":4},"end":{"line":29,"column":48}},"7":{"start":{"line":37,"column":4},"end":{"line":49,"column":5}},"8":{"start":{"line":38,"column":6},"end":{"line":40,"column":7}},"9":{"start":{"line":39,"column":8},"end":{"line":39,"column":72}},"10":{"start":{"line":41,"column":6},"end":{"line":43,"column":7}},"11":{"start":{"line":42,"column":8},"end":{"line":42,"column":63}},"12":{"start":{"line":44,"column":6},"end":{"line":44,"column":31}},"13":{"start":{"line":45,"column":6},"end":{"line":45,"column":72}},"14":{"start":{"line":45,"column":27},"end":{"line":45,"column":72}},"15":{"start":{"line":46,"column":6},"end":{"line":46,"column":80}},"16":{"start":{"line":48,"column":6},"end":{"line":48,"column":61}},"17":{"start":{"line":57,"column":4},"end":{"line":85,"column":5}},"18":{"start":{"line":58,"column":6},"end":{"line":59,"column":64}},"19":{"start":{"line":59,"column":8},"end":{"line":59,"column":64}},"20":{"start":{"line":60,"column":20},"end":{"line":60,"column":78}},"21":{"start":{"line":60,"column":52},"end":{"line":60,"column":76}},"22":{"start":{"line":61,"column":20},"end":{"line":61,"column":22}},"23":{"start":{"line":63,"column":6},"end":{"line":73,"column":7}},"24":{"start":{"line":63,"column":19},"end":{"line":63,"column":20}},"25":{"start":{"line":64,"column":8},"end":{"line":72,"column":9}},"26":{"start":{"line":64,"column":21},"end":{"line":64,"column":26}},"27":{"start":{"line":65,"column":10},"end":{"line":71,"column":11}},"28":{"start":{"line":66,"column":25},"end":{"line":69,"column":13}},"29":{"start":{"line":70,"column":12},"end":{"line":70,"column":37}},"30":{"start":{"line":74,"column":6},"end":{"line":74,"column":44}},"31":{"start":{"line":75,"column":6},"end":{"line":78,"column":10}},"32":{"start":{"line":76,"column":8},"end":{"line":78,"column":10}},"33":{"start":{"line":79,"column":6},"end":{"line":82,"column":9}},"34":{"start":{"line":84,"column":6},"end":{"line":84,"column":61}},"35":{"start":{"line":94,"column":4},"end":{"line":98,"column":5}},"36":{"start":{"line":95,"column":6},"end":{"line":97,"column":8}},"37":{"start":{"line":99,"column":18},"end":{"line":99,"column":76}},"38":{"start":{"line":99,"column":50},"end":{"line":99,"column":74}},"39":{"start":{"line":100,"column":18},"end":{"line":100,"column":20}},"40":{"start":{"line":101,"column":4},"end":{"line":117,"column":5}},"41":{"start":{"line":101,"column":17},"end":{"line":101,"column":18}},"42":{"start":{"line":102,"column":6},"end":{"line":116,"column":7}},"43":{"start":{"line":102,"column":19},"end":{"line":102,"column":24}},"44":{"start":{"line":104,"column":8},"end":{"line":104,"column":79}},"45":{"start":{"line":104,"column":70},"end":{"line":104,"column":79}},"46":{"start":{"line":106,"column":24},"end":{"line":106,"column":52}},"47":{"start":{"line":107,"column":24},"end":{"line":107,"column":52}},"48":{"start":{"line":108,"column":8},"end":{"line":115,"column":9}},"49":{"start":{"line":109,"column":23},"end":{"line":109,"column":79}},"50":{"start":{"line":110,"column":10},"end":{"line":110,"column":35}},"51":{"start":{"line":112,"column":10},"end":{"line":114,"column":11}},"52":{"start":{"line":113,"column":12},"end":{"line":113,"column":79}},"53":{"start":{"line":118,"column":4},"end":{"line":118,"column":42}},"54":{"start":{"line":119,"column":4},"end":{"line":122,"column":8}},"55":{"start":{"line":120,"column":6},"end":{"line":122,"column":8}},"56":{"start":{"line":138,"column":17},"end":{"line":138,"column":36}},"57":{"start":{"line":139,"column":17},"end":{"line":139,"column":36}},"58":{"start":{"line":140,"column":4},"end":{"line":140,"column":53}},"59":{"start":{"line":140,"column":40},"end":{"line":140,"column":53}},"60":{"start":{"line":142,"column":19},"end":{"line":142,"column":32}},"61":{"start":{"line":143,"column":19},"end":{"line":143,"column":32}},"62":{"start":{"line":144,"column":4},"end":{"line":150,"column":5}},"63":{"start":{"line":145,"column":6},"end":{"line":149,"column":7}},"64":{"start":{"line":146,"column":8},"end":{"line":148,"column":9}},"65":{"start":{"line":147,"column":10},"end":{"line":147,"column":22}},"66":{"start":{"line":151,"column":4},"end":{"line":151,"column":17}},"67":{"start":{"line":162,"column":4},"end":{"line":162,"column":38}},"68":{"start":{"line":162,"column":25},"end":{"line":162,"column":38}},"69":{"start":{"line":163,"column":4},"end":{"line":163,"column":38}},"70":{"start":{"line":163,"column":25},"end":{"line":163,"column":38}},"71":{"start":{"line":164,"column":4},"end":{"line":164,"column":38}},"72":{"start":{"line":164,"column":25},"end":{"line":164,"column":38}},"73":{"start":{"line":165,"column":4},"end":{"line":165,"column":38}},"74":{"start":{"line":165,"column":25},"end":{"line":165,"column":38}},"75":{"start":{"line":166,"column":4},"end":{"line":166,"column":16}},"76":{"start":{"line":179,"column":4},"end":{"line":214,"column":27}},"77":{"start":{"line":192,"column":22},"end":{"line":193,"column":57}},"78":{"start":{"line":193,"column":12},"end":{"line":193,"column":57}},"79":{"start":{"line":194,"column":21},"end":{"line":198,"column":34}},"80":{"start":{"line":195,"column":12},"end":{"line":198,"column":34}},"81":{"start":{"line":199,"column":22},"end":{"line":199,"column":26}},"82":{"start":{"line":200,"column":17},"end":{"line":200,"column":38}},"83":{"start":{"line":201,"column":17},"end":{"line":201,"column":38}},"84":{"start":{"line":202,"column":17},"end":{"line":202,"column":38}},"85":{"start":{"line":203,"column":17},"end":{"line":203,"column":38}},"86":{"start":{"line":204,"column":10},"end":{"line":208,"column":24}},"87":{"start":{"line":208,"column":12},"end":{"line":208,"column":24}},"88":{"start":{"line":209,"column":10},"end":{"line":209,"column":70}},"89":{"start":{"line":209,"column":58},"end":{"line":209,"column":70}},"90":{"start":{"line":210,"column":10},"end":{"line":210,"column":70}},"91":{"start":{"line":210,"column":58},"end":{"line":210,"column":70}},"92":{"start":{"line":211,"column":10},"end":{"line":211,"column":70}},"93":{"start":{"line":211,"column":58},"end":{"line":211,"column":70}},"94":{"start":{"line":212,"column":10},"end":{"line":212,"column":70}},"95":{"start":{"line":212,"column":58},"end":{"line":212,"column":70}},"96":{"start":{"line":213,"column":10},"end":{"line":213,"column":23}},"97":{"start":{"line":226,"column":4},"end":{"line":226,"column":73}},"98":{"start":{"line":238,"column":25},"end":{"line":238,"column":69}},"99":{"start":{"line":239,"column":25},"end":{"line":239,"column":69}},"100":{"start":{"line":240,"column":4},"end":{"line":240,"column":72}},"101":{"start":{"line":251,"column":15},"end":{"line":251,"column":28}},"102":{"start":{"line":252,"column":15},"end":{"line":252,"column":28}},"103":{"start":{"line":253,"column":15},"end":{"line":253,"column":26}},"104":{"start":{"line":254,"column":11},"end":{"line":254,"column":22}},"105":{"start":{"line":255,"column":4},"end":{"line":255,"column":40}},"106":{"start":{"line":267,"column":4},"end":{"line":271,"column":5}},"107":{"start":{"line":268,"column":6},"end":{"line":270,"column":7}},"108":{"start":{"line":269,"column":8},"end":{"line":269,"column":20}},"109":{"start":{"line":272,"column":4},"end":{"line":272,"column":17}},"110":{"start":{"line":285,"column":18},"end":{"line":285,"column":33}},"111":{"start":{"line":286,"column":4},"end":{"line":290,"column":5}},"112":{"start":{"line":287,"column":6},"end":{"line":289,"column":7}},"113":{"start":{"line":288,"column":8},"end":{"line":288,"column":20}},"114":{"start":{"line":291,"column":4},"end":{"line":293,"column":5}},"115":{"start":{"line":292,"column":6},"end":{"line":292,"column":18}},"116":{"start":{"line":294,"column":4},"end":{"line":294,"column":17}},"117":{"start":{"line":303,"column":4},"end":{"line":303,"column":77}},"118":{"start":{"line":304,"column":4},"end":{"line":304,"column":40}},"119":{"start":{"line":312,"column":4},"end":{"line":312,"column":23}},"120":{"start":{"line":320,"column":4},"end":{"line":323,"column":6}},"121":{"start":{"line":321,"column":36},"end":{"line":321,"column":44}},"122":{"start":{"line":328,"column":4},"end":{"line":328,"column":23}},"123":{"start":{"line":332,"column":4},"end":{"line":332,"column":26}},"124":{"start":{"line":336,"column":4},"end":{"line":336,"column":40}},"125":{"start":{"line":344,"column":4},"end":{"line":344,"column":30}},"126":{"start":{"line":348,"column":4},"end":{"line":348,"column":30}}},"fnMap":{"0":{"name":"(anonymous_0)","decl":{"start":{"line":20,"column":2},"end":{"line":20,"column":3}},"loc":{"start":{"line":20,"column":34},"end":{"line":30,"column":3}},"line":20},"1":{"name":"(anonymous_1)","decl":{"start":{"line":36,"column":2},"end":{"line":36,"column":3}},"loc":{"start":{"line":36,"column":19},"end":{"line":50,"column":3}},"line":36},"2":{"name":"(anonymous_2)","decl":{"start":{"line":56,"column":2},"end":{"line":56,"column":3}},"loc":{"start":{"line":56,"column":15},"end":{"line":86,"column":3}},"line":56},"3":{"name":"(anonymous_3)","decl":{"start":{"line":60,"column":38},"end":{"line":60,"column":39}},"loc":{"start":{"line":60,"column":52},"end":{"line":60,"column":76}},"line":60},"4":{"name":"(anonymous_4)","decl":{"start":{"line":93,"column":2},"end":{"line":93,"column":3}},"loc":{"start":{"line":93,"column":49},"end":{"line":123,"column":3}},"line":93},"5":{"name":"(anonymous_5)","decl":{"start":{"line":99,"column":36},"end":{"line":99,"column":37}},"loc":{"start":{"line":99,"column":50},"end":{"line":99,"column":74}},"line":99},"6":{"name":"(anonymous_6)","decl":{"start":{"line":137,"column":2},"end":{"line":137,"column":3}},"loc":{"start":{"line":137,"column":25},"end":{"line":152,"column":3}},"line":137},"7":{"name":"(anonymous_7)","decl":{"start":{"line":161,"column":2},"end":{"line":161,"column":3}},"loc":{"start":{"line":161,"column":21},"end":{"line":167,"column":3}},"line":161},"8":{"name":"(anonymous_8)","decl":{"start":{"line":178,"column":2},"end":{"line":178,"column":3}},"loc":{"start":{"line":178,"column":37},"end":{"line":215,"column":3}},"line":178},"9":{"name":"(anonymous_9)","decl":{"start":{"line":191,"column":9},"end":{"line":191,"column":10}},"loc":{"start":{"line":191,"column":77},"end":{"line":214,"column":9}},"line":191},"10":{"name":"(anonymous_10)","decl":{"start":{"line":192,"column":22},"end":{"line":192,"column":23}},"loc":{"start":{"line":193,"column":12},"end":{"line":193,"column":57}},"line":193},"11":{"name":"(anonymous_11)","decl":{"start":{"line":194,"column":21},"end":{"line":194,"column":22}},"loc":{"start":{"line":195,"column":12},"end":{"line":198,"column":34}},"line":195},"12":{"name":"(anonymous_12)","decl":{"start":{"line":225,"column":2},"end":{"line":225,"column":3}},"loc":{"start":{"line":225,"column":25},"end":{"line":227,"column":3}},"line":225},"13":{"name":"(anonymous_13)","decl":{"start":{"line":237,"column":2},"end":{"line":237,"column":3}},"loc":{"start":{"line":237,"column":25},"end":{"line":241,"column":3}},"line":237},"14":{"name":"(anonymous_14)","decl":{"start":{"line":250,"column":2},"end":{"line":250,"column":3}},"loc":{"start":{"line":250,"column":24},"end":{"line":256,"column":3}},"line":250},"15":{"name":"(anonymous_15)","decl":{"start":{"line":266,"column":2},"end":{"line":266,"column":3}},"loc":{"start":{"line":266,"column":42},"end":{"line":273,"column":3}},"line":266},"16":{"name":"(anonymous_16)","decl":{"start":{"line":284,"column":2},"end":{"line":284,"column":3}},"loc":{"start":{"line":284,"column":39},"end":{"line":295,"column":3}},"line":284},"17":{"name":"(anonymous_17)","decl":{"start":{"line":302,"column":2},"end":{"line":302,"column":3}},"loc":{"start":{"line":302,"column":34},"end":{"line":305,"column":3}},"line":302},"18":{"name":"(anonymous_18)","decl":{"start":{"line":311,"column":2},"end":{"line":311,"column":3}},"loc":{"start":{"line":311,"column":19},"end":{"line":313,"column":3}},"line":311},"19":{"name":"(anonymous_19)","decl":{"start":{"line":319,"column":2},"end":{"line":319,"column":3}},"loc":{"start":{"line":319,"column":15},"end":{"line":324,"column":3}},"line":319},"20":{"name":"(anonymous_20)","decl":{"start":{"line":321,"column":28},"end":{"line":321,"column":29}},"loc":{"start":{"line":321,"column":36},"end":{"line":321,"column":44}},"line":321},"21":{"name":"(anonymous_21)","decl":{"start":{"line":327,"column":2},"end":{"line":327,"column":3}},"loc":{"start":{"line":327,"column":14},"end":{"line":329,"column":3}},"line":327},"22":{"name":"(anonymous_22)","decl":{"start":{"line":331,"column":2},"end":{"line":331,"column":3}},"loc":{"start":{"line":331,"column":17},"end":{"line":333,"column":3}},"line":331},"23":{"name":"(anonymous_23)","decl":{"start":{"line":335,"column":2},"end":{"line":335,"column":3}},"loc":{"start":{"line":335,"column":31},"end":{"line":337,"column":3}},"line":335},"24":{"name":"(anonymous_24)","decl":{"start":{"line":343,"column":2},"end":{"line":343,"column":3}},"loc":{"start":{"line":343,"column":23},"end":{"line":345,"column":3}},"line":343},"25":{"name":"(anonymous_25)","decl":{"start":{"line":347,"column":2},"end":{"line":347,"column":3}},"loc":{"start":{"line":347,"column":21},"end":{"line":349,"column":3}},"line":347}},"branchMap":{"0":{"loc":{"start":{"line":20,"column":14},"end":{"line":20,"column":32}},"type":"default-arg","locations":[{"start":{"line":20,"column":27},"end":{"line":20,"column":32}}],"line":20},"1":{"loc":{"start":{"line":38,"column":6},"end":{"line":40,"column":7}},"type":"if","locations":[{"start":{"line":38,"column":6},"end":{"line":40,"column":7}},{"start":{},"end":{}}],"line":38},"2":{"loc":{"start":{"line":41,"column":6},"end":{"line":43,"column":7}},"type":"if","locations":[{"start":{"line":41,"column":6},"end":{"line":43,"column":7}},{"start":{},"end":{}}],"line":41},"3":{"loc":{"start":{"line":45,"column":6},"end":{"line":45,"column":72}},"type":"if","locations":[{"start":{"line":45,"column":6},"end":{"line":45,"column":72}},{"start":{},"end":{}}],"line":45},"4":{"loc":{"start":{"line":58,"column":6},"end":{"line":59,"column":64}},"type":"if","locations":[{"start":{"line":58,"column":6},"end":{"line":59,"column":64}},{"start":{},"end":{}}],"line":58},"5":{"loc":{"start":{"line":65,"column":10},"end":{"line":71,"column":11}},"type":"if","locations":[{"start":{"line":65,"column":10},"end":{"line":71,"column":11}},{"start":{},"end":{}}],"line":65},"6":{"loc":{"start":{"line":75,"column":6},"end":{"line":78,"column":10}},"type":"if","locations":[{"start":{"line":75,"column":6},"end":{"line":78,"column":10}},{"start":{},"end":{}}],"line":75},"7":{"loc":{"start":{"line":93,"column":33},"end":{"line":93,"column":47}},"type":"default-arg","locations":[{"start":{"line":93,"column":45},"end":{"line":93,"column":47}}],"line":93},"8":{"loc":{"start":{"line":94,"column":4},"end":{"line":98,"column":5}},"type":"if","locations":[{"start":{"line":94,"column":4},"end":{"line":98,"column":5}},{"start":{},"end":{}}],"line":94},"9":{"loc":{"start":{"line":104,"column":8},"end":{"line":104,"column":79}},"type":"if","locations":[{"start":{"line":104,"column":8},"end":{"line":104,"column":79}},{"start":{},"end":{}}],"line":104},"10":{"loc":{"start":{"line":108,"column":8},"end":{"line":115,"column":9}},"type":"if","locations":[{"start":{"line":108,"column":8},"end":{"line":115,"column":9}},{"start":{"line":111,"column":15},"end":{"line":115,"column":9}}],"line":108},"11":{"loc":{"start":{"line":112,"column":10},"end":{"line":114,"column":11}},"type":"if","locations":[{"start":{"line":112,"column":10},"end":{"line":114,"column":11}},{"start":{},"end":{}}],"line":112},"12":{"loc":{"start":{"line":119,"column":4},"end":{"line":122,"column":8}},"type":"if","locations":[{"start":{"line":119,"column":4},"end":{"line":122,"column":8}},{"start":{},"end":{}}],"line":119},"13":{"loc":{"start":{"line":140,"column":4},"end":{"line":140,"column":53}},"type":"if","locations":[{"start":{"line":140,"column":4},"end":{"line":140,"column":53}},{"start":{},"end":{}}],"line":140},"14":{"loc":{"start":{"line":146,"column":8},"end":{"line":148,"column":9}},"type":"if","locations":[{"start":{"line":146,"column":8},"end":{"line":148,"column":9}},{"start":{},"end":{}}],"line":146},"15":{"loc":{"start":{"line":162,"column":4},"end":{"line":162,"column":38}},"type":"if","locations":[{"start":{"line":162,"column":4},"end":{"line":162,"column":38}},{"start":{},"end":{}}],"line":162},"16":{"loc":{"start":{"line":163,"column":4},"end":{"line":163,"column":38}},"type":"if","locations":[{"start":{"line":163,"column":4},"end":{"line":163,"column":38}},{"start":{},"end":{}}],"line":163},"17":{"loc":{"start":{"line":164,"column":4},"end":{"line":164,"column":38}},"type":"if","locations":[{"start":{"line":164,"column":4},"end":{"line":164,"column":38}},{"start":{},"end":{}}],"line":164},"18":{"loc":{"start":{"line":165,"column":4},"end":{"line":165,"column":38}},"type":"if","locations":[{"start":{"line":165,"column":4},"end":{"line":165,"column":38}},{"start":{},"end":{}}],"line":165},"19":{"loc":{"start":{"line":179,"column":11},"end":{"line":214,"column":26}},"type":"cond-expr","locations":[{"start":{"line":180,"column":8},"end":{"line":189,"column":9}},{"start":{"line":191,"column":8},"end":{"line":214,"column":26}}],"line":179},"20":{"loc":{"start":{"line":195,"column":12},"end":{"line":198,"column":34}},"type":"binary-expr","locations":[{"start":{"line":195,"column":12},"end":{"line":195,"column":34}},{"start":{"line":196,"column":12},"end":{"line":196,"column":34}},{"start":{"line":197,"column":12},"end":{"line":197,"column":34}},{"start":{"line":198,"column":12},"end":{"line":198,"column":34}}],"line":195},"21":{"loc":{"start":{"line":204,"column":10},"end":{"line":208,"column":24}},"type":"if","locations":[{"start":{"line":204,"column":10},"end":{"line":208,"column":24}},{"start":{},"end":{}}],"line":204},"22":{"loc":{"start":{"line":205,"column":12},"end":{"line":206,"column":64}},"type":"binary-expr","locations":[{"start":{"line":205,"column":14},"end":{"line":205,"column":22}},{"start":{"line":205,"column":26},"end":{"line":205,"column":35}},{"start":{"line":205,"column":41},"end":{"line":205,"column":50}},{"start":{"line":205,"column":54},"end":{"line":205,"column":62}},{"start":{"line":206,"column":14},"end":{"line":206,"column":22}},{"start":{"line":206,"column":26},"end":{"line":206,"column":35}},{"start":{"line":206,"column":41},"end":{"line":206,"column":50}},{"start":{"line":206,"column":54},"end":{"line":206,"column":62}}],"line":205},"23":{"loc":{"start":{"line":209,"column":10},"end":{"line":209,"column":70}},"type":"if","locations":[{"start":{"line":209,"column":10},"end":{"line":209,"column":70}},{"start":{},"end":{}}],"line":209},"24":{"loc":{"start":{"line":209,"column":14},"end":{"line":209,"column":56}},"type":"binary-expr","locations":[{"start":{"line":209,"column":14},"end":{"line":209,"column":32}},{"start":{"line":209,"column":36},"end":{"line":209,"column":56}}],"line":209},"25":{"loc":{"start":{"line":210,"column":10},"end":{"line":210,"column":70}},"type":"if","locations":[{"start":{"line":210,"column":10},"end":{"line":210,"column":70}},{"start":{},"end":{}}],"line":210},"26":{"loc":{"start":{"line":210,"column":14},"end":{"line":210,"column":56}},"type":"binary-expr","locations":[{"start":{"line":210,"column":14},"end":{"line":210,"column":32}},{"start":{"line":210,"column":36},"end":{"line":210,"column":56}}],"line":210},"27":{"loc":{"start":{"line":211,"column":10},"end":{"line":211,"column":70}},"type":"if","locations":[{"start":{"line":211,"column":10},"end":{"line":211,"column":70}},{"start":{},"end":{}}],"line":211},"28":{"loc":{"start":{"line":211,"column":14},"end":{"line":211,"column":56}},"type":"binary-expr","locations":[{"start":{"line":211,"column":14},"end":{"line":211,"column":32}},{"start":{"line":211,"column":36},"end":{"line":211,"column":56}}],"line":211},"29":{"loc":{"start":{"line":212,"column":10},"end":{"line":212,"column":70}},"type":"if","locations":[{"start":{"line":212,"column":10},"end":{"line":212,"column":70}},{"start":{},"end":{}}],"line":212},"30":{"loc":{"start":{"line":212,"column":14},"end":{"line":212,"column":56}},"type":"binary-expr","locations":[{"start":{"line":212,"column":14},"end":{"line":212,"column":32}},{"start":{"line":212,"column":36},"end":{"line":212,"column":56}}],"line":212},"31":{"loc":{"start":{"line":240,"column":11},"end":{"line":240,"column":71}},"type":"binary-expr","locations":[{"start":{"line":240,"column":11},"end":{"line":240,"column":23}},{"start":{"line":240,"column":27},"end":{"line":240,"column":39}},{"start":{"line":240,"column":43},"end":{"line":240,"column":55}},{"start":{"line":240,"column":59},"end":{"line":240,"column":71}}],"line":240},"32":{"loc":{"start":{"line":268,"column":6},"end":{"line":270,"column":7}},"type":"if","locations":[{"start":{"line":268,"column":6},"end":{"line":270,"column":7}},{"start":{},"end":{}}],"line":268},"33":{"loc":{"start":{"line":287,"column":6},"end":{"line":289,"column":7}},"type":"if","locations":[{"start":{"line":287,"column":6},"end":{"line":289,"column":7}},{"start":{},"end":{}}],"line":287},"34":{"loc":{"start":{"line":291,"column":4},"end":{"line":293,"column":5}},"type":"if","locations":[{"start":{"line":291,"column":4},"end":{"line":293,"column":5}},{"start":{},"end":{}}],"line":291},"35":{"loc":{"start":{"line":291,"column":8},"end":{"line":291,"column":56}},"type":"binary-expr","locations":[{"start":{"line":291,"column":8},"end":{"line":291,"column":30}},{"start":{"line":291,"column":34},"end":{"line":291,"column":56}}],"line":291}},"s":{"0":2,"1":2,"2":2,"3":2,"4":2,"5":2,"6":2,"7":5,"8":5,"9":0,"10":5,"11":0,"12":5,"13":5,"14":0,"15":5,"16":0,"17":2,"18":2,"19":0,"20":2,"21":5,"22":2,"23":2,"24":2,"25":5,"26":5,"27":4,"28":3,"29":3,"30":2,"31":2,"32":0,"33":2,"34":0,"35":1,"36":0,"37":1,"38":3,"39":1,"40":1,"41":1,"42":3,"43":3,"44":3,"45":1,"46":2,"47":2,"48":2,"49":1,"50":1,"51":1,"52":0,"53":1,"54":1,"55":0,"56":7,"57":7,"58":7,"59":0,"60":7,"61":7,"62":7,"63":11,"64":23,"65":5,"66":2,"67":7,"68":0,"69":7,"70":0,"71":7,"72":0,"73":7,"74":0,"75":7,"76":29,"77":29,"78":116,"79":29,"80":17,"81":29,"82":29,"83":29,"84":29,"85":29,"86":29,"87":1,"88":28,"89":0,"90":28,"91":5,"92":23,"93":0,"94":23,"95":0,"96":23,"97":0,"98":0,"99":0,"100":0,"101":4,"102":4,"103":4,"104":4,"105":4,"106":2,"107":2,"108":1,"109":1,"110":2,"111":2,"112":6,"113":1,"114":1,"115":0,"116":1,"117":2,"118":2,"119":0,"120":0,"121":0,"122":17,"123":39,"124":0,"125":0,"126":0},"f":{"0":2,"1":5,"2":2,"3":5,"4":1,"5":3,"6":7,"7":7,"8":29,"9":29,"10":116,"11":17,"12":0,"13":0,"14":4,"15":2,"16":2,"17":2,"18":0,"19":0,"20":0,"21":17,"22":39,"23":0,"24":0,"25":0},"b":{"0":[2],"1":[0,5],"2":[0,5],"3":[0,5],"4":[0,2],"5":[3,1],"6":[0,2],"7":[0],"8":[0,1],"9":[1,2],"10":[1,1],"11":[0,1],"12":[0,1],"13":[0,7],"14":[5,18],"15":[0,7],"16":[0,7],"17":[0,7],"18":[0,7],"19":[0,29],"20":[17,9,5,5],"21":[1,28],"22":[29,18,27,7,2,1,2,1],"23":[0,28],"24":[28,4],"25":[5,23],"26":[28,7],"27":[0,23],"28":[23,3],"29":[0,23],"30":[23,3],"31":[0,0,0,0],"32":[1,1],"33":[1,5],"34":[0,1],"35":[1,1]},"_coverageSchema":"1a1c01bbd47fc00a2c39e90264f33305004495a9","hash":"1a19205b4d278b475420858b8e065ab09e152c8d"}
,"C:\\Users\\Windows 11\\tcc\\src\\navmesh\\Polygon.js": {"path":"C:\\Users\\Windows 11\\tcc\\src\\navmesh\\Polygon.js","statementMap":{"0":{"start":{"line":15,"column":4},"end":{"line":17,"column":5}},"1":{"start":{"line":16,"column":6},"end":{"line":16,"column":61}},"2":{"start":{"line":18,"column":4},"end":{"line":18,"column":29}},"3":{"start":{"line":19,"column":4},"end":{"line":19,"column":27}},"4":{"start":{"line":20,"column":4},"end":{"line":20,"column":28}},"5":{"start":{"line":21,"column":4},"end":{"line":21,"column":29}},"6":{"start":{"line":22,"column":4},"end":{"line":22,"column":44}},"7":{"start":{"line":23,"column":4},"end":{"line":23,"column":72}},"8":{"start":{"line":24,"column":4},"end":{"line":24,"column":29}},"9":{"start":{"line":32,"column":4},"end":{"line":32,"column":48}},"10":{"start":{"line":32,"column":25},"end":{"line":32,"column":48}},"11":{"start":{"line":33,"column":15},"end":{"line":33,"column":23}},"12":{"start":{"line":34,"column":13},"end":{"line":34,"column":22}},"13":{"start":{"line":35,"column":15},"end":{"line":35,"column":23}},"14":{"start":{"line":36,"column":13},"end":{"line":36,"column":22}},"15":{"start":{"line":37,"column":4},"end":{"line":42,"column":5}},"16":{"start":{"line":38,"column":6},"end":{"line":38,"column":31}},"17":{"start":{"line":39,"column":6},"end":{"line":39,"column":31}},"18":{"start":{"line":40,"column":6},"end":{"line":40,"column":31}},"19":{"start":{"line":41,"column":6},"end":{"line":41,"column":31}},"20":{"start":{"line":43,"column":4},"end":{"line":43,"column":49}},"21":{"start":{"line":44,"column":4},"end":{"line":44,"column":27}},"22":{"start":{"line":52,"column":4},"end":{"line":52,"column":50}},"23":{"start":{"line":52,"column":26},"end":{"line":52,"column":50}},"24":{"start":{"line":53,"column":4},"end":{"line":53,"column":26}},"25":{"start":{"line":54,"column":15},"end":{"line":54,"column":28}},"26":{"start":{"line":55,"column":4},"end":{"line":60,"column":5}},"27":{"start":{"line":55,"column":17},"end":{"line":55,"column":18}},"28":{"start":{"line":56,"column":6},"end":{"line":59,"column":9}},"29":{"start":{"line":61,"column":4},"end":{"line":61,"column":28}},"30":{"start":{"line":69,"column":4},"end":{"line":69,"column":52}},"31":{"start":{"line":69,"column":27},"end":{"line":69,"column":52}},"32":{"start":{"line":70,"column":13},"end":{"line":70,"column":14}},"33":{"start":{"line":71,"column":11},"end":{"line":71,"column":12}},"34":{"start":{"line":72,"column":4},"end":{"line":75,"column":5}},"35":{"start":{"line":73,"column":6},"end":{"line":73,"column":14}},"36":{"start":{"line":74,"column":6},"end":{"line":74,"column":14}},"37":{"start":{"line":76,"column":14},"end":{"line":76,"column":34}},"38":{"start":{"line":77,"column":4},"end":{"line":77,"column":49}},"39":{"start":{"line":78,"column":4},"end":{"line":78,"column":29}},"40":{"start":{"line":86,"column":27},"end":{"line":86,"column":48}},"41":{"start":{"line":87,"column":4},"end":{"line":87,"column":23}},"42":{"start":{"line":95,"column":4},"end":{"line":95,"column":27}},"43":{"start":{"line":96,"column":4},"end":{"line":96,"column":28}},"44":{"start":{"line":97,"column":4},"end":{"line":97,"column":29}},"45":{"start":{"line":106,"column":17},"end":{"line":106,"column":22}},"46":{"start":{"line":107,"column":4},"end":{"line":120,"column":5}},"47":{"start":{"line":108,"column":14},"end":{"line":108,"column":15}},"48":{"start":{"line":108,"column":21},"end":{"line":108,"column":45}},"49":{"start":{"line":112,"column":17},"end":{"line":112,"column":35}},"50":{"start":{"line":113,"column":13},"end":{"line":113,"column":31}},"51":{"start":{"line":114,"column":17},"end":{"line":114,"column":35}},"52":{"start":{"line":115,"column":13},"end":{"line":115,"column":31}},"53":{"start":{"line":117,"column":8},"end":{"line":118,"column":63}},"54":{"start":{"line":119,"column":6},"end":{"line":119,"column":38}},"55":{"start":{"line":119,"column":21},"end":{"line":119,"column":38}},"56":{"start":{"line":121,"column":4},"end":{"line":121,"column":18}},"57":{"start":{"line":130,"column":4},"end":{"line":130,"column":65}}},"fnMap":{"0":{"name":"(anonymous_0)","decl":{"start":{"line":14,"column":2},"end":{"line":14,"column":3}},"loc":{"start":{"line":14,"column":38},"end":{"line":25,"column":3}},"line":14},"1":{"name":"(anonymous_1)","decl":{"start":{"line":31,"column":2},"end":{"line":31,"column":3}},"loc":{"start":{"line":31,"column":19},"end":{"line":45,"column":3}},"line":31},"2":{"name":"(anonymous_2)","decl":{"start":{"line":51,"column":2},"end":{"line":51,"column":3}},"loc":{"start":{"line":51,"column":13},"end":{"line":62,"column":3}},"line":51},"3":{"name":"(anonymous_3)","decl":{"start":{"line":68,"column":2},"end":{"line":68,"column":3}},"loc":{"start":{"line":68,"column":14},"end":{"line":79,"column":3}},"line":68},"4":{"name":"(anonymous_4)","decl":{"start":{"line":85,"column":2},"end":{"line":85,"column":3}},"loc":{"start":{"line":85,"column":13},"end":{"line":88,"column":3}},"line":85},"5":{"name":"(anonymous_5)","decl":{"start":{"line":94,"column":2},"end":{"line":94,"column":3}},"loc":{"start":{"line":94,"column":20},"end":{"line":98,"column":3}},"line":94},"6":{"name":"(anonymous_6)","decl":{"start":{"line":105,"column":2},"end":{"line":105,"column":3}},"loc":{"start":{"line":105,"column":23},"end":{"line":122,"column":3}},"line":105},"7":{"name":"(anonymous_7)","decl":{"start":{"line":129,"column":2},"end":{"line":129,"column":3}},"loc":{"start":{"line":129,"column":18},"end":{"line":131,"column":3}},"line":129}},"branchMap":{"0":{"loc":{"start":{"line":14,"column":24},"end":{"line":14,"column":36}},"type":"default-arg","locations":[{"start":{"line":14,"column":34},"end":{"line":14,"column":36}}],"line":14},"1":{"loc":{"start":{"line":15,"column":4},"end":{"line":17,"column":5}},"type":"if","locations":[{"start":{"line":15,"column":4},"end":{"line":17,"column":5}},{"start":{},"end":{}}],"line":15},"2":{"loc":{"start":{"line":15,"column":8},"end":{"line":15,"column":55}},"type":"binary-expr","locations":[{"start":{"line":15,"column":8},"end":{"line":15,"column":32}},{"start":{"line":15,"column":36},"end":{"line":15,"column":55}}],"line":15},"3":{"loc":{"start":{"line":22,"column":17},"end":{"line":22,"column":43}},"type":"binary-expr","locations":[{"start":{"line":22,"column":17},"end":{"line":22,"column":30}},{"start":{"line":22,"column":34},"end":{"line":22,"column":43}}],"line":22},"4":{"loc":{"start":{"line":23,"column":25},"end":{"line":23,"column":71}},"type":"binary-expr","locations":[{"start":{"line":23,"column":25},"end":{"line":23,"column":46}},{"start":{"line":23,"column":50},"end":{"line":23,"column":71}}],"line":23},"5":{"loc":{"start":{"line":32,"column":4},"end":{"line":32,"column":48}},"type":"if","locations":[{"start":{"line":32,"column":4},"end":{"line":32,"column":48}},{"start":{},"end":{}}],"line":32},"6":{"loc":{"start":{"line":52,"column":4},"end":{"line":52,"column":50}},"type":"if","locations":[{"start":{"line":52,"column":4},"end":{"line":52,"column":50}},{"start":{},"end":{}}],"line":52},"7":{"loc":{"start":{"line":69,"column":4},"end":{"line":69,"column":52}},"type":"if","locations":[{"start":{"line":69,"column":4},"end":{"line":69,"column":52}},{"start":{},"end":{}}],"line":69},"8":{"loc":{"start":{"line":117,"column":8},"end":{"line":118,"column":63}},"type":"binary-expr","locations":[{"start":{"line":117,"column":8},"end":{"line":117,"column":37}},{"start":{"line":118,"column":8},"end":{"line":118,"column":63}}],"line":117},"9":{"loc":{"start":{"line":119,"column":6},"end":{"line":119,"column":38}},"type":"if","locations":[{"start":{"line":119,"column":6},"end":{"line":119,"column":38}},{"start":{},"end":{}}],"line":119},"10":{"loc":{"start":{"line":130,"column":11},"end":{"line":130,"column":64}},"type":"binary-expr","locations":[{"start":{"line":130,"column":11},"end":{"line":130,"column":31}},{"start":{"line":130,"column":35},"end":{"line":130,"column":64}}],"line":130}},"s":{"0":6,"1":0,"2":6,"3":6,"4":6,"5":6,"6":6,"7":6,"8":6,"9":14,"10":9,"11":5,"12":5,"13":5,"14":5,"15":5,"16":15,"17":15,"18":15,"19":15,"20":5,"21":5,"22":21,"23":15,"24":6,"25":6,"26":6,"27":6,"28":19,"29":6,"30":22,"31":17,"32":5,"33":5,"34":5,"35":15,"36":15,"37":5,"38":5,"39":5,"40":0,"41":0,"42":0,"43":0,"44":0,"45":2,"46":2,"47":2,"48":2,"49":8,"50":8,"51":8,"52":8,"53":8,"54":8,"55":0,"56":2,"57":0},"f":{"0":6,"1":14,"2":21,"3":22,"4":0,"5":0,"6":2,"7":0},"b":{"0":[6],"1":[0,6],"2":[6,6],"3":[6,6],"4":[6,6],"5":[9,5],"6":[15,6],"7":[17,5],"8":[8,2],"9":[0,8],"10":[0,0]},"_coverageSchema":"1a1c01bbd47fc00a2c39e90264f33305004495a9","hash":"7573324ddeca537fcad23d0a6a488045396ffa91"}
,"C:\\Users\\Windows 11\\tcc\\src\\pathfinding\\AgentManager.js": {"path":"C:\\Users\\Windows 11\\tcc\\src\\pathfinding\\AgentManager.js","statementMap":{"0":{"start":{"line":12,"column":4},"end":{"line":12,"column":12}},"1":{"start":{"line":13,"column":4},"end":{"line":13,"column":27}},"2":{"start":{"line":14,"column":4},"end":{"line":14,"column":35}},"3":{"start":{"line":15,"column":4},"end":{"line":15,"column":34}},"4":{"start":{"line":16,"column":4},"end":{"line":16,"column":34}},"5":{"start":{"line":18,"column":4},"end":{"line":33,"column":7}},"6":{"start":{"line":19,"column":6},"end":{"line":19,"column":71}},"7":{"start":{"line":20,"column":6},"end":{"line":20,"column":32}},"8":{"start":{"line":21,"column":6},"end":{"line":32,"column":9}},"9":{"start":{"line":22,"column":8},"end":{"line":31,"column":9}},"10":{"start":{"line":23,"column":10},"end":{"line":23,"column":80}},"11":{"start":{"line":24,"column":10},"end":{"line":24,"column":52}},"12":{"start":{"line":25,"column":10},"end":{"line":30,"column":12}},"13":{"start":{"line":41,"column":4},"end":{"line":43,"column":5}},"14":{"start":{"line":42,"column":6},"end":{"line":42,"column":71}},"15":{"start":{"line":44,"column":4},"end":{"line":44,"column":49}},"16":{"start":{"line":45,"column":4},"end":{"line":45,"column":69}},"17":{"start":{"line":55,"column":20},"end":{"line":55,"column":55}},"18":{"start":{"line":56,"column":4},"end":{"line":56,"column":74}},"19":{"start":{"line":56,"column":18},"end":{"line":56,"column":74}},"20":{"start":{"line":58,"column":18},"end":{"line":67,"column":5}},"21":{"start":{"line":69,"column":4},"end":{"line":69,"column":42}},"22":{"start":{"line":70,"column":4},"end":{"line":70,"column":45}},"23":{"start":{"line":71,"column":4},"end":{"line":71,"column":17}},"24":{"start":{"line":81,"column":18},"end":{"line":81,"column":48}},"25":{"start":{"line":82,"column":4},"end":{"line":82,"column":23}},"26":{"start":{"line":82,"column":16},"end":{"line":82,"column":23}},"27":{"start":{"line":83,"column":4},"end":{"line":83,"column":33}},"28":{"start":{"line":84,"column":4},"end":{"line":84,"column":48}},"29":{"start":{"line":91,"column":18},"end":{"line":91,"column":48}},"30":{"start":{"line":92,"column":4},"end":{"line":92,"column":40}},"31":{"start":{"line":92,"column":33},"end":{"line":92,"column":40}},"32":{"start":{"line":94,"column":4},"end":{"line":94,"column":53}},"33":{"start":{"line":95,"column":19},"end":{"line":100,"column":6}},"34":{"start":{"line":101,"column":4},"end":{"line":101,"column":38}},"35":{"start":{"line":103,"column":4},"end":{"line":103,"column":41}},"36":{"start":{"line":104,"column":4},"end":{"line":108,"column":7}},"37":{"start":{"line":117,"column":18},"end":{"line":117,"column":48}},"38":{"start":{"line":118,"column":4},"end":{"line":118,"column":52}},"39":{"start":{"line":118,"column":45},"end":{"line":118,"column":52}},"40":{"start":{"line":119,"column":17},"end":{"line":119,"column":37}},"41":{"start":{"line":120,"column":15},"end":{"line":120,"column":40}},"42":{"start":{"line":121,"column":15},"end":{"line":121,"column":40}},"43":{"start":{"line":122,"column":17},"end":{"line":122,"column":35}},"44":{"start":{"line":124,"column":4},"end":{"line":136,"column":5}},"45":{"start":{"line":125,"column":6},"end":{"line":125,"column":32}},"46":{"start":{"line":126,"column":6},"end":{"line":126,"column":32}},"47":{"start":{"line":127,"column":6},"end":{"line":127,"column":32}},"48":{"start":{"line":128,"column":6},"end":{"line":132,"column":7}},"49":{"start":{"line":131,"column":8},"end":{"line":131,"column":28}},"50":{"start":{"line":134,"column":6},"end":{"line":134,"column":45}},"51":{"start":{"line":135,"column":6},"end":{"line":135,"column":45}},"52":{"start":{"line":138,"column":4},"end":{"line":142,"column":7}},"53":{"start":{"line":146,"column":4},"end":{"line":146,"column":42}},"54":{"start":{"line":155,"column":26},"end":{"line":157,"column":5}},"55":{"start":{"line":156,"column":6},"end":{"line":156,"column":43}},"56":{"start":{"line":158,"column":26},"end":{"line":158,"column":28}},"57":{"start":{"line":159,"column":25},"end":{"line":159,"column":51}},"58":{"start":{"line":160,"column":4},"end":{"line":175,"column":7}},"59":{"start":{"line":161,"column":6},"end":{"line":174,"column":9}},"60":{"start":{"line":162,"column":8},"end":{"line":173,"column":9}},"61":{"start":{"line":163,"column":27},"end":{"line":163,"column":69}},"62":{"start":{"line":164,"column":27},"end":{"line":164,"column":74}},"63":{"start":{"line":165,"column":24},"end":{"line":165,"column":60}},"64":{"start":{"line":166,"column":24},"end":{"line":166,"column":60}},"65":{"start":{"line":167,"column":29},"end":{"line":167,"column":48}},"66":{"start":{"line":168,"column":10},"end":{"line":172,"column":13}},"67":{"start":{"line":176,"column":4},"end":{"line":176,"column":51}},"68":{"start":{"line":180,"column":4},"end":{"line":180,"column":57}},"69":{"start":{"line":185,"column":4},"end":{"line":185,"column":16}},"70":{"start":{"line":189,"column":4},"end":{"line":193,"column":7}},"71":{"start":{"line":221,"column":4},"end":{"line":221,"column":25}},"72":{"start":{"line":222,"column":4},"end":{"line":222,"column":37}},"73":{"start":{"line":223,"column":4},"end":{"line":223,"column":29}},"74":{"start":{"line":224,"column":4},"end":{"line":224,"column":39}},"75":{"start":{"line":225,"column":4},"end":{"line":225,"column":33}},"76":{"start":{"line":226,"column":4},"end":{"line":226,"column":33}},"77":{"start":{"line":227,"column":4},"end":{"line":227,"column":37}},"78":{"start":{"line":228,"column":4},"end":{"line":228,"column":21}},"79":{"start":{"line":232,"column":4},"end":{"line":234,"column":5}},"80":{"start":{"line":233,"column":6},"end":{"line":233,"column":76}},"81":{"start":{"line":235,"column":4},"end":{"line":237,"column":5}},"82":{"start":{"line":236,"column":6},"end":{"line":236,"column":66}}},"fnMap":{"0":{"name":"(anonymous_0)","decl":{"start":{"line":11,"column":2},"end":{"line":11,"column":3}},"loc":{"start":{"line":11,"column":23},"end":{"line":34,"column":3}},"line":11},"1":{"name":"(anonymous_1)","decl":{"start":{"line":18,"column":36},"end":{"line":18,"column":37}},"loc":{"start":{"line":18,"column":46},"end":{"line":33,"column":5}},"line":18},"2":{"name":"(anonymous_2)","decl":{"start":{"line":21,"column":32},"end":{"line":21,"column":33}},"loc":{"start":{"line":21,"column":43},"end":{"line":32,"column":7}},"line":21},"3":{"name":"(anonymous_3)","decl":{"start":{"line":40,"column":2},"end":{"line":40,"column":3}},"loc":{"start":{"line":40,"column":40},"end":{"line":46,"column":3}},"line":40},"4":{"name":"(anonymous_4)","decl":{"start":{"line":54,"column":2},"end":{"line":54,"column":3}},"loc":{"start":{"line":54,"column":53},"end":{"line":72,"column":3}},"line":54},"5":{"name":"(anonymous_5)","decl":{"start":{"line":80,"column":2},"end":{"line":80,"column":3}},"loc":{"start":{"line":80,"column":50},"end":{"line":85,"column":3}},"line":80},"6":{"name":"(anonymous_6)","decl":{"start":{"line":90,"column":2},"end":{"line":90,"column":3}},"loc":{"start":{"line":90,"column":48},"end":{"line":109,"column":3}},"line":90},"7":{"name":"(anonymous_7)","decl":{"start":{"line":116,"column":2},"end":{"line":116,"column":3}},"loc":{"start":{"line":116,"column":33},"end":{"line":143,"column":3}},"line":116},"8":{"name":"(anonymous_8)","decl":{"start":{"line":145,"column":2},"end":{"line":145,"column":3}},"loc":{"start":{"line":145,"column":20},"end":{"line":147,"column":3}},"line":145},"9":{"name":"(anonymous_9)","decl":{"start":{"line":153,"column":2},"end":{"line":153,"column":3}},"loc":{"start":{"line":153,"column":26},"end":{"line":177,"column":3}},"line":153},"10":{"name":"(anonymous_10)","decl":{"start":{"line":155,"column":58},"end":{"line":155,"column":59}},"loc":{"start":{"line":156,"column":6},"end":{"line":156,"column":43}},"line":156},"11":{"name":"(anonymous_11)","decl":{"start":{"line":160,"column":39},"end":{"line":160,"column":40}},"loc":{"start":{"line":160,"column":58},"end":{"line":175,"column":5}},"line":160},"12":{"name":"(anonymous_12)","decl":{"start":{"line":161,"column":20},"end":{"line":161,"column":21}},"loc":{"start":{"line":161,"column":30},"end":{"line":174,"column":7}},"line":161},"13":{"name":"(anonymous_13)","decl":{"start":{"line":179,"column":2},"end":{"line":179,"column":3}},"loc":{"start":{"line":179,"column":35},"end":{"line":181,"column":3}},"line":179},"14":{"name":"(anonymous_14)","decl":{"start":{"line":183,"column":2},"end":{"line":183,"column":3}},"loc":{"start":{"line":183,"column":36},"end":{"line":186,"column":3}},"line":183},"15":{"name":"(anonymous_15)","decl":{"start":{"line":188,"column":2},"end":{"line":188,"column":3}},"loc":{"start":{"line":188,"column":31},"end":{"line":194,"column":3}},"line":188},"16":{"name":"(anonymous_16)","decl":{"start":{"line":212,"column":2},"end":{"line":212,"column":3}},"loc":{"start":{"line":220,"column":5},"end":{"line":229,"column":3}},"line":220},"17":{"name":"(anonymous_17)","decl":{"start":{"line":231,"column":2},"end":{"line":231,"column":3}},"loc":{"start":{"line":231,"column":14},"end":{"line":238,"column":3}},"line":231}},"branchMap":{"0":{"loc":{"start":{"line":22,"column":8},"end":{"line":31,"column":9}},"type":"if","locations":[{"start":{"line":22,"column":8},"end":{"line":31,"column":9}},{"start":{},"end":{}}],"line":22},"1":{"loc":{"start":{"line":41,"column":4},"end":{"line":43,"column":5}},"type":"if","locations":[{"start":{"line":41,"column":4},"end":{"line":43,"column":5}},{"start":{},"end":{}}],"line":41},"2":{"loc":{"start":{"line":56,"column":4},"end":{"line":56,"column":74}},"type":"if","locations":[{"start":{"line":56,"column":4},"end":{"line":56,"column":74}},{"start":{},"end":{}}],"line":56},"3":{"loc":{"start":{"line":80,"column":34},"end":{"line":80,"column":48}},"type":"default-arg","locations":[{"start":{"line":80,"column":44},"end":{"line":80,"column":48}}],"line":80},"4":{"loc":{"start":{"line":82,"column":4},"end":{"line":82,"column":23}},"type":"if","locations":[{"start":{"line":82,"column":4},"end":{"line":82,"column":23}},{"start":{},"end":{}}],"line":82},"5":{"loc":{"start":{"line":90,"column":32},"end":{"line":90,"column":46}},"type":"default-arg","locations":[{"start":{"line":90,"column":42},"end":{"line":90,"column":46}}],"line":90},"6":{"loc":{"start":{"line":92,"column":4},"end":{"line":92,"column":40}},"type":"if","locations":[{"start":{"line":92,"column":4},"end":{"line":92,"column":40}},{"start":{},"end":{}}],"line":92},"7":{"loc":{"start":{"line":92,"column":8},"end":{"line":92,"column":31}},"type":"binary-expr","locations":[{"start":{"line":92,"column":8},"end":{"line":92,"column":14}},{"start":{"line":92,"column":18},"end":{"line":92,"column":31}}],"line":92},"8":{"loc":{"start":{"line":116,"column":23},"end":{"line":116,"column":31}},"type":"default-arg","locations":[{"start":{"line":116,"column":30},"end":{"line":116,"column":31}}],"line":116},"9":{"loc":{"start":{"line":118,"column":4},"end":{"line":118,"column":52}},"type":"if","locations":[{"start":{"line":118,"column":4},"end":{"line":118,"column":52}},{"start":{},"end":{}}],"line":118},"10":{"loc":{"start":{"line":118,"column":8},"end":{"line":118,"column":43}},"type":"binary-expr","locations":[{"start":{"line":118,"column":8},"end":{"line":118,"column":14}},{"start":{"line":118,"column":18},"end":{"line":118,"column":43}}],"line":118},"11":{"loc":{"start":{"line":124,"column":4},"end":{"line":136,"column":5}},"type":"if","locations":[{"start":{"line":124,"column":4},"end":{"line":136,"column":5}},{"start":{"line":133,"column":11},"end":{"line":136,"column":5}}],"line":124},"12":{"loc":{"start":{"line":128,"column":6},"end":{"line":132,"column":7}},"type":"if","locations":[{"start":{"line":128,"column":6},"end":{"line":132,"column":7}},{"start":{},"end":{}}],"line":128},"13":{"loc":{"start":{"line":128,"column":10},"end":{"line":128,"column":51}},"type":"binary-expr","locations":[{"start":{"line":128,"column":10},"end":{"line":128,"column":35}},{"start":{"line":128,"column":39},"end":{"line":128,"column":51}}],"line":128},"14":{"loc":{"start":{"line":159,"column":25},"end":{"line":159,"column":51}},"type":"binary-expr","locations":[{"start":{"line":159,"column":25},"end":{"line":159,"column":45}},{"start":{"line":159,"column":49},"end":{"line":159,"column":51}}],"line":159},"15":{"loc":{"start":{"line":162,"column":8},"end":{"line":173,"column":9}},"type":"if","locations":[{"start":{"line":162,"column":8},"end":{"line":173,"column":9}},{"start":{},"end":{}}],"line":162},"16":{"loc":{"start":{"line":165,"column":24},"end":{"line":165,"column":60}},"type":"binary-expr","locations":[{"start":{"line":165,"column":24},"end":{"line":165,"column":52}},{"start":{"line":165,"column":56},"end":{"line":165,"column":60}}],"line":165},"17":{"loc":{"start":{"line":166,"column":24},"end":{"line":166,"column":60}},"ty
[...]
art":{"line":309,"column":4},"end":{"line":312,"column":5}},"143":{"start":{"line":310,"column":6},"end":{"line":310,"column":28}},"144":{"start":{"line":311,"column":6},"end":{"line":311,"column":38}},"145":{"start":{"line":313,"column":4},"end":{"line":313,"column":16}},"146":{"start":{"line":321,"column":22},"end":{"line":321,"column":24}},"147":{"start":{"line":322,"column":4},"end":{"line":326,"column":5}},"148":{"start":{"line":323,"column":19},"end":{"line":323,"column":40}},"149":{"start":{"line":324,"column":6},"end":{"line":324,"column":23}},"150":{"start":{"line":324,"column":17},"end":{"line":324,"column":23}},"151":{"start":{"line":325,"column":6},"end":{"line":325,"column":25}},"152":{"start":{"line":327,"column":22},"end":{"line":327,"column":66}},"153":{"start":{"line":327,"column":44},"end":{"line":327,"column":65}},"154":{"start":{"line":328,"column":19},"end":{"line":328,"column":62}},"155":{"start":{"line":328,"column":40},"end":{"line":328,"column":61}},"156":{"start":{"line":329,"column":19},"end":{"line":329,"column":54}},"157":{"start":{"line":331,"column":4},"end":{"line":340,"column":6}},"158":{"start":{"line":348,"column":15},"end":{"line":348,"column":16}},"159":{"start":{"line":349,"column":4},"end":{"line":353,"column":5}},"160":{"start":{"line":349,"column":17},"end":{"line":349,"column":18}},"161":{"start":{"line":350,"column":19},"end":{"line":350,"column":32}},"162":{"start":{"line":351,"column":19},"end":{"line":351,"column":28}},"163":{"start":{"line":352,"column":6},"end":{"line":352,"column":59}},"164":{"start":{"line":354,"column":4},"end":{"line":354,"column":16}},"165":{"start":{"line":363,"column":4},"end":{"line":363,"column":23}},"166":{"start":{"line":366,"column":4},"end":{"line":366,"column":46}},"167":{"start":{"line":367,"column":4},"end":{"line":367,"column":58}},"168":{"start":{"line":367,"column":33},"end":{"line":367,"column":56}},"169":{"start":{"line":370,"column":4},"end":{"line":370,"column":41}},"170":{"start":{"line":373,"column":4},"end":{"line":373,"column":38}},"171":{"start":{"line":376,"column":4},"end":{"line":376,"column":60}},"172":{"start":{"line":376,"column":37},"end":{"line":376,"column":58}},"173":{"start":{"line":384,"column":21},"end":{"line":384,"column":39}},"174":{"start":{"line":386,"column":4},"end":{"line":386,"column":47}},"175":{"start":{"line":389,"column":4},"end":{"line":389,"column":50}},"176":{"start":{"line":404,"column":28},"end":{"line":407,"column":5}},"177":{"start":{"line":405,"column":28},"end":{"line":405,"column":72}},"178":{"start":{"line":406,"column":6},"end":{"line":406,"column":30}},"179":{"start":{"line":408,"column":4},"end":{"line":408,"column":53}},"180":{"start":{"line":409,"column":4},"end":{"line":409,"column":27}},"181":{"start":{"line":418,"column":4},"end":{"line":424,"column":7}},"182":{"start":{"line":420,"column":8},"end":{"line":420,"column":51}},"183":{"start":{"line":420,"column":27},"end":{"line":420,"column":51}},"184":{"start":{"line":421,"column":8},"end":{"line":421,"column":53}},"185":{"start":{"line":421,"column":28},"end":{"line":421,"column":53}},"186":{"start":{"line":422,"column":8},"end":{"line":422,"column":25}}},"fnMap":{"0":{"name":"(anonymous_0)","decl":{"start":{"line":13,"column":2},"end":{"line":13,"column":3}},"loc":{"start":{"line":13,"column":29},"end":{"line":15,"column":3}},"line":13},"1":{"name":"(anonymous_1)","decl":{"start":{"line":22,"column":2},"end":{"line":22,"column":3}},"loc":{"start":{"line":22,"column":30},"end":{"line":24,"column":3}},"line":22},"2":{"name":"(anonymous_2)","decl":{"start":{"line":55,"column":2},"end":{"line":55,"column":3}},"loc":{"start":{"line":55,"column":26},"end":{"line":114,"column":3}},"line":55},"3":{"name":"(anonymous_3)","decl":{"start":{"line":64,"column":17},"end":{"line":64,"column":18}},"loc":{"start":{"line":64,"column":27},"end":{"line":64,"column":59}},"line":64},"4":{"name":"(anonymous_4)","decl":{"start":{"line":65,"column":20},"end":{"line":65,"column":21}},"loc":{"start":{"line":65,"column":30},"end":{"line":65,"column":39}},"line":65},"5":{"name":"(anonymous_5)","decl":{"start":{"line":71,"column":17},"end":{"line":71,"column":18}},"loc":{"start":{"line":71,"column":23},"end":{"line":71,"column":27}},"line":71},"6":{"name":"(anonymous_6)","decl":{"start":{"line":117,"column":2},"end":{"line":117,"column":3}},"loc":{"start":{"line":117,"column":41},"end":{"line":164,"column":3}},"line":117},"7":{"name":"(anonymous_7)","decl":{"start":{"line":167,"column":2},"end":{"line":167,"column":3}},"loc":{"start":{"line":167,"column":39},"end":{"line":189,"column":3}},"line":167},"8":{"name":"(anonymous_8)","decl":{"start":{"line":192,"column":2},"end":{"line":192,"column":3}},"loc":{"start":{"line":192,"column":44},"end":{"line":234,"column":3}},"line":192},"9":{"name":"(anonymous_9)","decl":{"start":{"line":201,"column":28},"end":{"line":201,"column":29}},"loc":{"start":{"line":201,"column":38},"end":{"line":204,"column":5}},"line":201},"10":{"name":"(anonymous_10)","decl":{"start":{"line":237,"column":2},"end":{"line":237,"column":3}},"loc":{"start":{"line":237,"column":39},"end":{"line":259,"column":3}},"line":237},"11":{"name":"(anonymous_11)","decl":{"start":{"line":269,"column":2},"end":{"line":269,"column":3}},"loc":{"start":{"line":269,"column":28},"end":{"line":282,"column":3}},"line":269},"12":{"name":"(anonymous_12)","decl":{"start":{"line":270,"column":24},"end":{"line":270,"column":25}},"loc":{"start":{"line":270,"column":36},"end":{"line":275,"column":5}},"line":270},"13":{"name":"(anonymous_13)","decl":{"start":{"line":288,"column":2},"end":{"line":288,"column":3}},"loc":{"start":{"line":288,"column":40},"end":{"line":300,"column":3}},"line":288},"14":{"name":"(anonymous_14)","decl":{"start":{"line":306,"column":2},"end":{"line":306,"column":3}},"loc":{"start":{"line":306,"column":43},"end":{"line":314,"column":3}},"line":306},"15":{"name":"(anonymous_15)","decl":{"start":{"line":320,"column":2},"end":{"line":320,"column":3}},"loc":{"start":{"line":320,"column":40},"end":{"line":341,"column":3}},"line":320},"16":{"name":"(anonymous_16)","decl":{"start":{"line":327,"column":36},"end":{"line":327,"column":37}},"loc":{"start":{"line":327,"column":44},"end":{"line":327,"column":65}},"line":327},"17":{"name":"(anonymous_17)","decl":{"start":{"line":328,"column":33},"end":{"line":328,"column":34}},"loc":{"start":{"line":328,"column":40},"end":{"line":328,"column":61}},"line":328},"18":{"name":"(anonymous_18)","decl":{"start":{"line":347,"column":2},"end":{"line":347,"column":3}},"loc":{"start":{"line":347,"column":40},"end":{"line":355,"column":3}},"line":347},"19":{"name":"(anonymous_19)","decl":{"start":{"line":362,"column":2},"end":{"line":362,"column":3}},"loc":{"start":{"line":362,"column":16},"end":{"line":364,"column":3}},"line":362},"20":{"name":"(anonymous_20)","decl":{"start":{"line":365,"column":2},"end":{"line":365,"column":3}},"loc":{"start":{"line":365,"column":29},"end":{"line":368,"column":3}},"line":365},"21":{"name":"(anonymous_21)","decl":{"start":{"line":367,"column":23},"end":{"line":367,"column":24}},"loc":{"start":{"line":367,"column":33},"end":{"line":367,"column":56}},"line":367},"22":{"name":"(anonymous_22)","decl":{"start":{"line":369,"column":2},"end":{"line":369,"column":3}},"loc":{"start":{"line":369,"column":12},"end":{"line":371,"column":3}},"line":369},"23":{"name":"(anonymous_23)","decl":{"start":{"line":372,"column":2},"end":{"line":372,"column":3}},"loc":{"start":{"line":372,"column":12},"end":{"line":374,"column":3}},"line":372},"24":{"name":"(anonymous_24)","decl":{"start":{"line":375,"column":2},"end":{"line":375,"column":3}},"loc":{"start":{"line":375,"column":20},"end":{"line":377,"column":3}},"line":375},"25":{"name":"(anonymous_25)","decl":{"start":{"line":376,"column":30},"end":{"line":376,"column":31}},"loc":{"start":{"line":376,"column":37},"end":{"line":376,"column":58}},"line":376},"26":{"name":"(anonymous_26)","decl":{"start":{"line":385,"column":2},"end":{"line":385,"column":3}},"loc":{"start":{"line":385,"column":37},"end":{"line":387,"column":3}},"line":385},"27":{"name":"(anonymous_27)","decl":{"start":{"line":388,"column":2},"end":{"line":388,"column":3}},"loc":{"start":{"line":388,"column":40},"end":{"line":390,"column":3}},"line":388},"28":{"name":"(anonymous_28)","decl":{"start":{"line":403,"column":2},"end":{"line":403,"column":3}},"loc":{"start":{"line":403,"column":51},"end":{"line":410,"column":3}},"line":403},"29":{"name":"(anonymous_29)","decl":{"start":{"line":404,"column":28},"end":{"line":404,"column":29}},"loc":{"start":{"line":404,"column":39},"end":{"line":407,"column":5}},"line":404},"30":{"name":"(anonymous_30)","decl":{"start":{"line":417,"column":2},"end":{"line":417,"column":3}},"loc":{"start":{"line":417,"column":34},"end":{"line":425,"column":3}},"line":417},"31":{"name":"(anonymous_31)","decl":{"start":{"line":419,"column":6},"end":{"line":419,"column":7}},"loc":{"start":{"line":419,"column":21},"end":{"line":423,"column":7}},"line":419}},"branchMap":{"0":{"loc":{"start":{"line":77,"column":4},"end":{"line":79,"column":5}},"type":"if","locations":[{"start":{"line":77,"column":4},"end":{"line":79,"column":5}},{"start":{},"end":{}}],"line":77},"1":{"loc":{"start":{"line":88,"column":4},"end":{"line":103,"column":5}},"type":"switch","locations":[{"start":{"line":89,"column":6},"end":{"line":91,"column":14}},{"start":{"line":92,"column":6},"end":{"line":94,"column":14}},{"start":{"line":95,"column":6},"end":{"line":97,"column":14}},{"start":{"line":98,"column":6},"end":{"line":100,"column":14}},{"start":{"line":101,"column":6},"end":{"line":102,"column":65}}],"line":88},"2":{"loc":{"start":{"line":106,"column":4},"end":{"line":110,"column":5}},"type":"if","locations":[{"start":{"line":106,"column":4},"end":{"line":110,"column":5}},{"start":{"line":108,"column":11},"end":{"line":110,"column":5}}],"line":106},"3":{"loc":{"start":{"line":113,"column":11},"end":{"line":113,"column":46}},"type":"cond-expr","locations":[{"start":{"line":113,"column":26},"end":{"line":113,"column":32}},{"start":{"line":113,"column":35},"end":{"line":113,"column":46}}],"line":113},"4":{"loc":{"start":{"line":132,"column":11},"end":{"line":132,"column":65}},"type":"binary-expr","locations":[{"start":{"line":132,"column":11},"end":{"line":132,"column":29}},{"start":{"line":132,"column":33},"end":{"line":132,"column":65}}],"line":132},"5":{"loc":{"start":{"line":134,"column":6},"end":{"line":136,"column":7}},"type":"if","locations":[{"start":{"line":134,"column":6},"end":{"line":136,"column":7}},{"start":{},"end":{}}],"line":134},"6":{"loc":{"start":{"line":139,"column":8},"end":{"line":139,"column":56}},"type":"if","locations":[{"start":{"line":139,"column":8},"end":{"line":139,"column":56}},{"start":{},"end":{}}],"line":139},"7":{"loc":{"start":{"line":142,"column":11},"end":{"line":142,"column":37}},"type":"binary-expr","locations":[{"start":{"line":142,"column":11},"end":{"line":142,"column":32}},{"start":{"line":142,"column":36},"end":{"line":142,"column":37}}],"line":142},"8":{"loc":{"start":{"line":145,"column":8},"end":{"line":145,"column":36}},"type":"if","locations":[{"start":{"line":145,"column":8},"end":{"line":145,"column":36}},{"start":{},"end":{}}],"line":145},"9":{"loc":{"start":{"line":147,"column":25},"end":{"line":147,"column":59}},"type":"binary-expr","locations":[{"start":{"line":147,"column":25},"end":{"line":147,"column":47}},{"start":{"line":147,"column":51},"end":{"line":147,"column":59}}],"line":147},"10":{"loc":{"start":{"line":148,"column":8},"end":{"line":160,"column":9}},"type":"if","locations":[{"start":{"line":148,"column":8},"end":{"line":160,"column":9}},{"start":{},"end":{}}],"line":148},"11":{"loc":{"start":{"line":157,"column":10},"end":{"line":159,"column":11}},"type":"if","locations":[{"start":{"line":157,"column":10},"end":{"line":159,"column":11}},{"start":{},"end":{}}],"line":157},"12":{"loc":{"start":{"line":163,"column":11},"end":{"line":163,"column":76}},"type":"cond-expr","locations":[{"start":{"line":163,"column":29},"end":{"line":163,"column":71}},{"start":{"line":163,"column":74},"end":{"line":163,"column":76}}],"line":163},"13":{"loc":{"start":{"line":174,"column":11},"end":{"line":174,"column":63}},"type":"binary-expr","locations":[{"start":{"line":174,"column":11},"end":{"line":174,"column":27}},{"start":{"line":174,"column":31},"end":{"line":174,"column":63}}],"line":174},"14":{"loc":{"start":{"line":176,"column":6},"end":{"line":178,"column":7}},"type":"if","locations":[{"start":{"line":176,"column":6},"end":{"line":178,"column":7}},{"start":{},"end":{}}],"line":176},"15":{"loc":{"start":{"line":181,"column":8},"end":{"line":185,"column":9}},"type":"if","locations":[{"start":{"line":181,"column":8},"end":{"line":185,"column":9}},{"start":{},"end":{}}],"line":181},"16":{"loc":{"start":{"line":181,"column":12},"end":{"line":181,"column":73}},"type":"binary-expr","locations":[{"start":{"line":181,"column":12},"end":{"line":181,"column":37}},{"start":{"line":181,"column":41},"end":{"line":181,"column":73}}],"line":181},"17":{"loc":{"start":{"line":188,"column":11},"end":{"line":188,"column":76}},"type":"cond-expr","locations":[{"start":{"line":188,"column":29},"end":{"line":188,"column":71}},{"start":{"line":188,"column":74},"end":{"line":188,"column":76}}],"line":188},"18":{"loc":{"start":{"line":208,"column":11},"end":{"line":208,"column":63}},"type":"binary-expr","locations":[{"start":{"line":208,"column":11},"end":{"line":208,"column":27}},{"start":{"line":208,"column":31},"end":{"line":208,"column":63}}],"line":208},"19":{"loc":{"start":{"line":210,"column":6},"end":{"line":213,"column":7}},"type":"if","locations":[{"start":{"line":210,"column":6},"end":{"line":213,"column":7}},{"start":{},"end":{}}],"line":210},"20":{"loc":{"start":{"line":216,"column":8},"end":{"line":216,"column":56}},"type":"if","locations":[{"start":{"line":216,"column":8},"end":{"line":216,"column":56}},{"start":{},"end":{}}],"line":216},"21":{"loc":{"start":{"line":220,"column":8},"end":{"line":224,"column":9}},"type":"if","locations":[{"start":{"line":220,"column":8},"end":{"line":224,"column":9}},{"start":{},"end":{}}],"line":220},"22":{"loc":{"start":{"line":228,"column":4},"end":{"line":232,"column":5}},"type":"if","locations":[{"start":{"line":228,"column":4},"end":{"line":232,"column":5}},{"start":{"line":230,"column":11},"end":{"line":232,"column":5}}],"line":228},"23":{"loc":{"start":{"line":230,"column":11},"end":{"line":232,"column":5}},"type":"if","locations":[{"start":{"line":230,"column":11},"end":{"line":232,"column":5}},{"start":{},"end":{}}],"line":230},"24":{"loc":{"start":{"line":244,"column":11},"end":{"line":244,"column":63}},"type":"binary-expr","locations":[{"start":{"line":244,"column":11},"end":{"line":244,"column":27}},{"start":{"line":244,"column":31},"end":{"line":244,"column":63}}],"line":244},"25":{"loc":{"start":{"line":246,"column":6},"end":{"line":248,"column":7}},"type":"if","locations":[{"start":{"line":246,"column":6},"end":{"line":248,"column":7}},{"start":{},"end":{}}],"line":246},"26":{"loc":{"start":{"line":251,"column":8},"end":{"line":255,"column":9}},"type":"if","locations":[{"start":{"line":251,"column":8},"end":{"line":255,"column":9}},{"start":{},"end":{}}],"line":251},"27":{"loc":{"start":{"line":251,"column":12},"end":{"line":251,"column":73}},"type":"binary-expr","locations":[{"start":{"line":251,"column":12},"end":{"line":251,"column":37}},{"start":{"line":251,"column":41},"end":{"line":251,"column":73}}],"line":251},"28":{"loc":{"start":{"line":258,"column":11},"end":{"line":258,"column":76}},"type":"cond-expr","locations":[{"start":{"line":258,"column":29},"end":{"line":258,"column":71}},{"start":{"line":258,"column":74},"end":{"line":258,"column":76}}],"line":258},"29":{"loc":{"start":{"line":271,"column":6},"end":{"line":273,"column":7}},"type":"if","locations":[{"start":{"line":271,"column":6},"end":{"line":273,"column":7}},{"start":{},"end":{}}],"line":271},"30":{"loc":{"start":{"line":278,"column":4},"end":{"line":280,"column":5}},"type":"if","locations":[{"start":{"line":278,"column":4},"end":{"line":280,"column":5}},{"start":{},"end":{}}],"line":278},"31":{"loc":{"start":{"line":278,"column":8},"end":{"line":278,"column":30}},"type":"binary-expr","locations":[{"start":{"line":278,"column":8},"end":{"line":278,"column":18}},{"start":{"line":278,"column":22},"end":{"line":278,"column":30}}],"line":278},"32":{"loc":{"start":{"line":294,"column":6},"end":{"line":297,"column":7}},"type":"if","locations":[{"start":{"line":294,"column":6},"end":{"line":297,"column":7}},{"start":{},"end":{}}],"line":294},"33":{"loc":{"start":{"line":309,"column":11},"end":{"line":309,"column":52}},"type":"binary-expr","locations":[{"start":{"line":309,"column":11},"end":{"line":309,"column":32}},{"start":{"line":309,"column":36},"end":{"line":309,"column":52}}],"line":309},"34":{"loc":{"start":{"line":324,"column":6},"end":{"line":324,"column":23}},"type":"if","locations":[{"start":{"line":324,"column":6},"end":{"line":324,"column":23}},{"start":{},"end":{}}],"line":324},"35":{"loc":{"start":{"line":336,"column":8},"end":{"line":337,"column":58}},"type":"binary-expr","locations":[{"start":{"line":336,"column":8},"end":{"line":336,"column":28}},{"start":{"line":337,"column":8},"end":{"line":337,"column":58}}],"line":336},"36":{"loc":{"start":{"line":420,"column":8},"end":{"line":420,"column":51}},"type":"if","locations":[{"start":{"line":420,"column":8},"end":{"line":420,"column":51}},{"start":{},"end":{}}],"line":420},"37":{"loc":{"start":{"line":421,"column":8},"end":{"line":421,"column":53}},"type":"if","locations":[{"start":{"line":421,"column":8},"end":{"line":421,"column":53}},{"start":{},"end":{}}],"line":421}},"s":{"0":0,"1":0,"2":3,"3":1,"4":1,"5":2,"6":1,"7":1,"8":1,"9":1,"10":1,"11":1,"12":1,"13":1,"14":1,"15":1,"16":1,"17":0,"18":0,"19":0,"20":0,"21":0,"22":0,"23":0,"24":1,"25":1,"26":0,"27":1,"28":1,"29":1,"30":1,"31":1,"32":1,"33":1,"34":1,"35":1,"36":1,"37":1,"38":2,"39":2,"40":1,"41":1,"42":1,"43":1,"44":0,"45":1,"46":1,"47":1,"48":1,"49":0,"50":1,"51":1,"52":1,"53":1,"54":1,"55":1,"56":1,"57":1,"58":1,"59":0,"60":0,"61":0,"62":0,"63":0,"64":0,"65":0,"66":0,"67":0,"68":0,"69":0,"70":0,"71":0,"72":0,"73":0,"74":0,"75":0,"76":0,"77":0,"78":0,"79":0,"80":0,"81":0,"82":0,"83":0,"84":0,"85":0,"86":0,"87":0,"88":0,"89":0,"90":0,"91":0,"92":0,"93":0,"94":0,"95":0,"96":0,"97":0,"98":0,"99":0,"100":0,"101":0,"102":0,"103":0,"104":0,"105":0,"106":0,"107":0,"108":0,"109":0,"110":0,"111":0,"112":0,"113":0,"114":0,"115":0,"116":0,"117":0,"118":0,"119":0,"120":0,"121":0,"122":1,"123":2,"124":0,"125":2,"126":1,"127":1,"128":1,"129":0,"130":1,"131":2,"132":2,"133":2,"134":4,"135":4,"136":4,"137":3,"138":3,"139":2,"140":1,"141":1,"142":1,"143":2,"144":2,"145":1,"146":1,"147":1,"148":2,"149":2,"150":0,"151":2,"152":1,"153":2,"154":1,"155":2,"156":1,"157":1,"158":1,"159":1,"160":1,"161":1,"162":1,"163":1,"164":1,"165":1,"166":2,"167":2,"168":0,"169":2,"170":2,"171":1,"172":0,"173":3,"174":0,"175":0,"176":0,"177":0,"178":0,"179":0,"180":0,"181":0,"182":0,"183":0,"184":0,"185":0,"186":0},"f":{"0":0,"1":0,"2":1,"3":2,"4":1,"5":1,"6":1,"7":0,"8":0,"9":0,"10":0,"11":1,"12":2,"13":2,"14":1,"15":1,"16":2,"17":2,"18":1,"19":1,"20":2,"21":0,"22":2,"23":2,"24":1,"25":0,"26":0,"27":0,"28":0,"29":0,"30":0,"31":0},"b":{"0":[1,0],"1":[1,0,0,0,0],"2":[1,0],"3":[0,1],"4":[2,2],"5":[1,1],"6":[0,1],"7":[1,1],"8":[0,1],"9":[1,1],"10":[1,0],"11":[1,0],"12":[0,0],"13":[0,0],"14":[0,0],"15":[0,0],"16":[0,0],"17":[0,0],"18":[0,0],"19":[0,0],"20":[0,0],"21":[0,0],"22":[0,0],"23":[0,0],"24":[0,0],"25":[0,0],"26":[0,0],"27":[0,0],"28":[0,0],"29":[0,2],"30":[0,1],"31":[1,1],"32":[3,1],"33":[3,2],"34":[0,2],"35":[1,1],"36":[0,0],"37":[0,0]},"_coverageSchema":"1a1c01bbd47fc00a2c39e90264f33305004495a9","hash":"23fa11bf89375c53c3b5e391b4190d0afeb8cda8"}
}
