TN:
SF:src\geometryLoader.js
FN:4,(anonymous_0)
FN:6,(anonymous_1)
FN:8,createGeometry
FN:14,(anonymous_3)
FN:33,segmentsIntersect
FNF:5
FNH:3
FNDA:0,(anonymous_0)
FNDA:4,(anonymous_1)
FNDA:1,createGeometry
FNDA:4,(anonymous_3)
FNDA:0,segmentsIntersect
DA:4,4
DA:6,4
DA:10,1
DA:11,1
DA:14,4
DA:16,4
DA:17,4
DA:18,4
DA:19,4
DA:21,0
DA:22,0
DA:23,0
DA:24,0
DA:26,0
DA:27,0
DA:29,0
DA:34,0
LF:17
LH:9
BRDA:16,0,0,4
BRDA:16,0,1,0
BRDA:18,1,0,4
BRDA:18,1,1,0
BRDA:18,1,2,0
BRDA:24,2,0,0
BRDA:24,2,1,0
BRDA:24,2,2,0
BRDA:27,3,0,0
BRDA:27,3,1,0
BRDA:27,3,2,0
BRF:11
BRH:2
end_of_record
TN:
SF:src\geometry_js_fallback.js
FN:2,segmentsIntersect
FN:3,(anonymous_1)
FNF:2
FNH:0
FNDA:0,segmentsIntersect
FNDA:0,(anonymous_1)
DA:3,0
DA:4,0
DA:5,0
DA:6,0
DA:7,0
DA:8,0
LF:6
LH:0
BRDA:5,0,0,0
BRDA:5,0,1,0
BRDA:8,1,0,0
BRDA:8,1,1,0
BRDA:8,1,2,0
BRDA:8,1,3,0
BRF:6
BRH:0
end_of_record
TN:
SF:src\index.js
FNF:0
FNH:0
LF:0
LH:0
BRF:0
BRH:0
end_of_record
TN:
SF:src\navmesh\DynamicObstacleManager.js
FN:17,(anonymous_0)
FN:36,(anonymous_1)
FN:45,(anonymous_2)
FN:47,(anonymous_3)
FN:54,(anonymous_4)
FN:55,(anonymous_5)
FN:66,(anonymous_6)
FN:74,(anonymous_7)
FN:100,(anonymous_8)
FN:105,(anonymous_9)
FN:116,(anonymous_10)
FN:136,(anonymous_11)
FN:147,(anonymous_12)
FN:154,(anonymous_13)
FN:172,(anonymous_14)
FN:183,(anonymous_15)
FN:191,(anonymous_16)
FN:194,(anonymous_17)
FN:197,(anonymous_18)
FN:205,(anonymous_19)
FN:210,(anonymous_20)
FN:215,(anonymous_21)
FN:231,(anonymous_22)
FN:250,(anonymous_23)
FN:260,(anonymous_24)
FN:264,(anonymous_25)
FN:278,(anonymous_26)
FN:282,(anonymous_27)
FN:285,(anonymous_28)
FN:298,(anonymous_29)
FN:313,(anonymous_30)
FN:334,(anonymous_31)
FNF:32
FNH:12
FNDA:2,(anonymous_0)
FNDA:2,(anonymous_1)
FNDA:4,(anonymous_2)
FNDA:2,(anonymous_3)
FNDA:5,(anonymous_4)
FNDA:15,(anonymous_5)
FNDA:0,(anonymous_6)
FNDA:0,(anonymous_7)
FNDA:0,(anonymous_8)
FNDA:0,(anonymous_9)
FNDA:0,(anonymous_10)
FNDA:0,(anonymous_11)
FNDA:0,(anonymous_12)
FNDA:0,(anonymous_13)
FNDA:0,(anonymous_14)
FNDA:0,(anonymous_15)
FNDA:0,(anonymous_16)
FNDA:0,(anonymous_17)
FNDA:0,(anonymous_18)
FNDA:0,(anonymous_19)
FNDA:0,(anonymous_20)
FNDA:0,(anonymous_21)
FNDA:0,(anonymous_22)
FNDA:2,(anonymous_23)
FNDA:15,(anonymous_24)
FNDA:15,(anonymous_25)
FNDA:0,(anonymous_26)
FNDA:0,(anonymous_27)
FNDA:0,(anonymous_28)
FNDA:15,(anonymous_29)
FNDA:15,(anonymous_30)
FNDA:15,(anonymous_31)
DA:18,2
DA:19,2
DA:20,2
DA:26,2
DA:27,2
DA:28,2
DA:29,2
DA:30,2
DA:37,2
DA:46,4
DA:47,2
DA:48,2
DA:49,2
DA:51,2
DA:52,2
DA:54,2
DA:55,5
DA:56,15
DA:67,0
DA:68,0
DA:69,0
DA:71,0
DA:72,0
DA:74,0
DA:75,0
DA:76,0
DA:78,0
DA:81,0
DA:82,0
DA:84,0
DA:89,0
DA:90,0
DA:92,0
DA:101,0
DA:102,0
DA:104,0
DA:105,0
DA:106,0
DA:107,0
DA:108,0
DA:109,0
DA:110,0
DA:115,0
DA:116,0
DA:118,0
DA:119,0
DA:121,0
DA:125,0
DA:127,0
DA:137,0
DA:138,0
DA:148,0
DA:149,0
DA:152,0
DA:154,0
DA:155,0
DA:156,0
DA:157,0
DA:161,0
DA:173,0
DA:184,0
DA:192,0
DA:194,0
DA:196,0
DA:197,0
DA:198,0
DA:199,0
DA:203,0
DA:205,0
DA:209,0
DA:210,0
DA:211,0
DA:212,0
DA:213,0
DA:215,0
DA:220,0
DA:232,0
DA:251,2
DA:252,2
DA:261,15
DA:262,15
DA:264,15
DA:265,15
DA:266,15
DA:267,2
DA:269,15
DA:279,0
DA:280,0
DA:282,0
DA:283,0
DA:284,0
DA:285,0
DA:289,0
DA:299,15
DA:314,15
DA:315,15
DA:316,15
DA:317,15
DA:318,15
DA:320,15
DA:321,15
DA:322,15
DA:325,15
DA:335,15
LF:104
LH:38
BRDA:17,0,0,2
BRDA:46,1,0,2
BRDA:46,1,1,2
BRDA:75,2,0,0
BRDA:75,2,1,0
BRDA:81,3,0,0
BRDA:81,3,1,0
BRDA:102,4,0,0
BRDA:102,4,1,0
BRDA:106,5,0,0
BRDA:106,5,1,0
BRDA:108,6,0,0
BRDA:108,6,1,0
BRDA:118,7,0,0
BRDA:118,7,1,0
BRDA:156,8,0,0
BRDA:156,8,1,0
BRDA:233,9,0,0
BRDA:233,9,1,0
BRDA:233,9,2,0
BRDA:233,9,3,0
BRDA:250,10,0,0
BRDA:266,11,0,2
BRDA:266,11,1,13
BRDA:284,12,0,0
BRDA:284,12,1,0
BRF:26
BRH:5
end_of_record
TN:
SF:src\navmesh\EventEmitter.js
FN:7,(anonymous_0)
FN:17,(anonymous_1)
FN:29,(anonymous_2)
FN:40,(anonymous_3)
FN:42,(anonymous_4)
FN:52,(anonymous_5)
FN:66,(anonymous_6)
FN:74,(anonymous_7)
FNF:8
FNH:5
FNDA:12,(anonymous_0)
FNDA:4,(anonymous_1)
FNDA:2,(anonymous_2)
FNDA:11,(anonymous_3)
FNDA:0,(anonymous_4)
FNDA:2,(anonymous_5)
FNDA:0,(anonymous_6)
FNDA:0,(anonymous_7)
DA:8,12
DA:9,12
DA:18,4
DA:19,4
DA:21,4
DA:30,2
DA:31,2
DA:42,11
DA:43,0
DA:44,0
DA:46,0
DA:51,11
DA:52,2
DA:53,2
DA:54,2
DA:56,0
DA:67,0
DA:75,0
LF:18
LH:12
BRDA:18,0,0,4
BRDA:18,0,1,0
BRDA:30,1,0,2
BRDA:30,1,1,0
BRDA:51,2,0,2
BRDA:51,2,1,9
BRF:6
BRH:4
end_of_record
TN:
SF:src\navmesh\LayerSystem.js
FN:23,(anonymous_0)
FN:34,(anonymous_1)
FN:48,(anonymous_2)
FN:70,(anonymous_3)
FN:89,(anonymous_4)
FN:90,(anonymous_5)
FN:104,(anonymous_6)
FN:106,(anonymous_7)
FN:131,(anonymous_8)
FNF:9
FNH:3
FNDA:2,(anonymous_0)
FNDA:2,(anonymous_1)
FNDA:2,(anonymous_2)
FNDA:0,(anonymous_3)
FNDA:0,(anonymous_4)
FNDA:0,(anonymous_5)
FNDA:0,(anonymous_6)
FNDA:0,(anonymous_7)
FNDA:0,(anonymous_8)
DA:13,3
DA:24,2
DA:25,2
DA:26,2
DA:27,2
DA:35,2
DA:49,2
DA:50,0
DA:52,2
DA:54,2
DA:60,2
DA:71,0
DA:72,0
DA:74,0
DA:79,0
DA:80,0
DA:90,0
DA:91,0
DA:92,0
DA:105,0
DA:106,0
DA:107,0
DA:109,0
DA:110,0
DA:112,0
DA:113,0
DA:115,0
DA:118,0
DA:121,0
DA:132,0
DA:133,0
DA:134,0
DA:135,0
DA:136,0
LF:34
LH:10
BRDA:49,0,0,0
BRDA:49,0,1,2
BRDA:55,1,0,2
BRDA:55,1,1,0
BRDA:56,2,0,2
BRDA:56,2,1,0
BRDA:57,3,0,2
BRDA:57,3,1,2
BRDA:71,4,0,0
BRDA:71,4,1,0
BRDA:77,5,0,0
BRDA:77,5,1,0
BRDA:89,6,0,0
BRDA:107,7,0,0
BRDA:107,7,1,0
BRDA:107,7,2,0
BRDA:109,8,0,0
BRDA:109,8,1,0
BRDA:112,9,0,0
BRDA:112,9,1,0
BRDA:115,10,0,0
BRDA:115,10,1,0
BRF:22
BRH:5
end_of_record
TN:
SF:src\navmesh\NavMesh.js
FN:20,(anonymous_0)
FN:36,(anonymous_1)
FN:56,(anonymous_2)
FN:60,(anonymous_3)
FN:93,(anonymous_4)
FN:99,(anonymous_5)
FN:137,(anonymous_6)
FN:161,(anonymous_7)
FN:178,(anonymous_8)
FN:191,(anonymous_9)
FN:192,(anonymous_10)
FN:194,(anonymous_11)
FN:225,(anonymous_12)
FN:237,(anonymous_13)
FN:250,(anonymous_14)
FN:266,(anonymous_15)
FN:284,(anonymous_16)
FN:302,(anonymous_17)
FN:311,(anonymous_18)
FN:319,(anonymous_19)
FN:321,(anonymous_20)
FN:327,(anonymous_21)
FN:331,(anonymous_22)
FN:335,(anonymous_23)
FN:343,(anonymous_24)
FN:347,(anonymous_25)
FNF:26
FNH:18
FNDA:2,(anonymous_0)
FNDA:5,(anonymous_1)
FNDA:2,(anonymous_2)
FNDA:5,(anonymous_3)
FNDA:1,(anonymous_4)
FNDA:3,(anonymous_5)
FNDA:7,(anonymous_6)
FNDA:7,(anonymous_7)
FNDA:29,(anonymous_8)
FNDA:29,(anonymous_9)
FNDA:116,(anonymous_10)
FNDA:17,(anonymous_11)
FNDA:0,(anonymous_12)
FNDA:0,(anonymous_13)
FNDA:4,(anonymous_14)
FNDA:2,(anonymous_15)
FNDA:2,(anonymous_16)
FNDA:2,(anonymous_17)
FNDA:0,(anonymous_18)
FNDA:0,(anonymous_19)
FNDA:0,(anonymous_20)
FNDA:17,(anonymous_21)
FNDA:39,(anonymous_22)
FNDA:0,(anonymous_23)
FNDA:0,(anonymous_24)
FNDA:0,(anonymous_25)
DA:21,2
DA:22,2
DA:23,2
DA:24,2
DA:25,2
DA:27,2
DA:29,2
DA:37,5
DA:38,5
DA:39,0
DA:41,5
DA:42,0
DA:44,5
DA:45,5
DA:46,5
DA:48,0
DA:57,2
DA:58,2
DA:59,0
DA:60,5
DA:61,2
DA:63,2
DA:64,5
DA:65,4
DA:66,3
DA:70,3
DA:74,2
DA:75,2
DA:76,0
DA:79,2
DA:84,0
DA:94,1
DA:95,0
DA:99,3
DA:100,1
DA:101,1
DA:102,3
DA:104,3
DA:106,2
DA:107,2
DA:108,2
DA:109,1
DA:110,1
DA:112,1
DA:113,0
DA:118,1
DA:119,1
DA:120,0
DA:138,7
DA:139,7
DA:140,7
DA:142,7
DA:143,7
DA:144,7
DA:145,11
DA:146,23
DA:147,5
DA:151,2
DA:162,7
DA:163,7
DA:164,7
DA:165,7
DA:166,7
DA:179,29
DA:192,29
DA:193,116
DA:194,29
DA:195,17
DA:199,29
DA:200,29
DA:201,29
DA:202,29
DA:203,29
DA:204,29
DA:208,1
DA:209,28
DA:210,28
DA:211,23
DA:212,23
DA:213,23
DA:226,0
DA:238,0
DA:239,0
DA:240,0
DA:251,4
DA:252,4
DA:253,4
DA:254,4
DA:255,4
DA:267,2
DA:268,2
DA:269,1
DA:272,1
DA:285,2
DA:286,2
DA:287,6
DA:288,1
DA:291,1
DA:292,0
DA:294,1
DA:303,2
DA:304,2
DA:312,0
DA:320,0
DA:321,0
DA:328,17
DA:332,39
DA:336,0
DA:344,0
DA:348,0
LF:110
LH:90
BRDA:20,0,0,2
BRDA:38,1,0,0
BRDA:38,1,1,5
BRDA:41,2,0,0
BRDA:41,2,1,5
BRDA:45,3,0,0
BRDA:45,3,1,5
BRDA:58,4,0,0
BRDA:58,4,1,2
BRDA:65,5,0,3
BRDA:65,5,1,1
BRDA:75,6,0,0
BRDA:75,6,1,2
BRDA:93,7,0,0
BRDA:94,8,0,0
BRDA:94,8,1,1
BRDA:104,9,0,1
BRDA:104,9,1,2
BRDA:108,10,0,1
BRDA:108,10,1,1
BRDA:112,11,0,0
BRDA:112,11,1,1
BRDA:119,12,0,0
BRDA:119,12,1,1
BRDA:140,13,0,0
BRDA:140,13,1,7
BRDA:146,14,0,5
BRDA:146,14,1,18
BRDA:162,15,0,0
BRDA:162,15,1,7
BRDA:163,16,0,0
BRDA:163,16,1,7
BRDA:164,17,0,0
BRDA:164,17,1,7
BRDA:165,18,0,0
BRDA:165,18,1,7
BRDA:179,19,0,0
BRDA:179,19,1,29
BRDA:195,20,0,17
BRDA:195,20,1,9
BRDA:195,20,2,5
BRDA:195,20,3,5
BRDA:204,21,0,1
BRDA:204,21,1,28
BRDA:205,22,0,29
BRDA:205,22,1,18
BRDA:205,22,2,27
BRDA:205,22,3,7
BRDA:205,22,4,2
BRDA:205,22,5,1
BRDA:205,22,6,2
BRDA:205,22,7,1
BRDA:209,23,0,0
BRDA:209,23,1,28
BRDA:209,24,0,28
BRDA:209,24,1,4
BRDA:210,25,0,5
BRDA:210,25,1,23
BRDA:210,26,0,28
BRDA:210,26,1,7
BRDA:211,27,0,0
BRDA:211,27,1,23
BRDA:211,28,0,23
BRDA:211,28,1,3
BRDA:212,29,0,0
BRDA:212,29,1,23
BRDA:212,30,0,23
BRDA:212,30,1,3
BRDA:240,31,0,0
BRDA:240,31,1,0
BRDA:240,31,2,0
BRDA:240,31,3,0
BRDA:268,32,0,1
BRDA:268,32,1,1
BRDA:287,33,0,1
BRDA:287,33,1,5
BRDA:291,34,0,0
BRDA:291,34,1,1
BRDA:291,35,0,1
BRDA:291,35,1,1
BRF:80
BRH:57
end_of_record
TN:
SF:src\navmesh\Polygon.js
FN:14,(anonymous_0)
FN:31,(anonymous_1)
FN:51,(anonymous_2)
FN:68,(anonymous_3)
FN:85,(anonymous_4)
FN:94,(anonymous_5)
FN:105,(anonymous_6)
FN:129,(anonymous_7)
FNF:8
FNH:5
FNDA:6,(anonymous_0)
FNDA:14,(anonymous_1)
FNDA:21,(anonymous_2)
FNDA:22,(anonymous_3)
FNDA:0,(anonymous_4)
FNDA:0,(anonymous_5)
FNDA:2,(anonymous_6)
FNDA:0,(anonymous_7)
DA:15,6
DA:16,0
DA:18,6
DA:19,6
DA:20,6
DA:21,6
DA:22,6
DA:23,6
DA:24,6
DA:32,14
DA:33,5
DA:34,5
DA:35,5
DA:36,5
DA:37,5
DA:38,15
DA:39,15
DA:40,15
DA:41,15
DA:43,5
DA:44,5
DA:52,21
DA:53,6
DA:54,6
DA:55,6
DA:56,19
DA:61,6
DA:69,22
DA:70,5
DA:71,5
DA:72,5
DA:73,15
DA:74,15
DA:76,5
DA:77,5
DA:78,5
DA:86,0
DA:87,0
DA:95,0
DA:96,0
DA:97,0
DA:106,2
DA:107,2
DA:108,2
DA:112,8
DA:113,8
DA:114,8
DA:115,8
DA:117,8
DA:119,8
DA:121,2
DA:130,0
LF:52
LH:45
BRDA:14,0,0,6
BRDA:15,1,0,0
BRDA:15,1,1,6
BRDA:15,2,0,6
BRDA:15,2,1,6
BRDA:22,3,0,6
BRDA:22,3,1,6
BRDA:23,4,0,6
BRDA:23,4,1,6
BRDA:32,5,0,9
BRDA:32,5,1,5
BRDA:52,6,0,15
BRDA:52,6,1,6
BRDA:69,7,0,17
BRDA:69,7,1,5
BRDA:117,8,0,8
BRDA:117,8,1,2
BRDA:119,9,0,0
BRDA:119,9,1,8
BRDA:130,10,0,0
BRDA:130,10,1,0
BRF:21
BRH:17
end_of_record
TN:
SF:src\pathfinding\AgentManager.js
FN:11,(anonymous_0)
FN:18,(anonymous_1)
FN:21,(anonymous_2)
FN:40,(anonymous_3)
FN:54,(anonymous_4)
FN:80,(anonymous_5)
FN:90,(anonymous_6)
FN:116,(anonymous_7)
FN:145,(anonymous_8)
FN:153,(anonymous_9)
FN:155,(anonymous_10)
FN:160,(anonymous_11)
FN:161,(anonymous_12)
FN:179,(anonymous_13)
FN:183,(anonymous_14)
FN:188,(anonymous_15)
FN:212,(anonymous_16)
FN:231,(anonymous_17)
FNF:18
FNH:1
FNDA:2,(anonymous_0)
FNDA:0,(anonymous_1)
FNDA:0,(anonymous_2)
FNDA:0,(anonymous_3)
FNDA:0,(anonymous_4)
FNDA:0,(anonymous_5)
FNDA:0,(anonymous_6)
FNDA:0,(anonymous_7)
FNDA:0,(anonymous_8)
FNDA:0,(anonymous_9)
FNDA:0,(anonymous_10)
FNDA:0,(anonymous_11)
FNDA:0,(anonymous_12)
FNDA:0,(anonymous_13)
FNDA:0,(anonymous_14)
FNDA:0,(anonymous_15)
FNDA:0,(anonymous_16)
FNDA:0,(anonymous_17)
DA:12,2
DA:13,2
DA:14,2
DA:15,2
DA:16,2
DA:18,2
DA:19,0
DA:20,0
DA:21,0
DA:22,0
DA:23,0
DA:24,0
DA:25,0
DA:41,0
DA:42,0
DA:44,0
DA:45,0
DA:55,0
DA:56,0
DA:58,0
DA:69,0
DA:70,0
DA:71,0
DA:81,0
DA:82,0
DA:83,0
DA:84,0
DA:91,0
DA:92,0
DA:94,0
DA:95,0
DA:101,0
DA:103,0
DA:104,0
DA:117,0
DA:118,0
DA:119,0
DA:120,0
DA:121,0
DA:122,0
DA:124,0
DA:125,0
DA:126,0
DA:127,0
DA:128,0
DA:131,0
DA:134,0
DA:135,0
DA:138,0
DA:146,0
DA:155,0
DA:156,0
DA:158,0
DA:159,0
DA:160,0
DA:161,0
DA:162,0
DA:163,0
DA:164,0
DA:165,0
DA:166,0
DA:167,0
DA:168,0
DA:176,0
DA:180,0
DA:185,0
DA:189,0
DA:221,0
DA:222,0
DA:223,0
DA:224,0
DA:225,0
DA:226,0
DA:227,0
DA:228,0
DA:232,0
DA:233,0
DA:235,0
DA:236,0
LF:79
LH:6
BRDA:22,0,0,0
BRDA:22,0,1,0
BRDA:41,1,0,0
BRDA:41,1,1,0
BRDA:56,2,0,0
BRDA:56,2,1,0
BRDA:80,3,0,0
BRDA:82,4,0,0
BRDA:82,4,1,0
BRDA:90,5,0,0
BRDA:92,6,0,0
BRDA:92,6,1,0
BRDA:92,7,0,0
BRDA:92,7,1,0
BRDA:116,8,0,0
BRDA:118,9,0,0
BRDA:118,9,1,0
BRDA:118,10,0,0
BRDA:118,10,1,0
BRDA:124,11,0,0
BRDA:124,11,1,0
BRDA:128,12,0,0
BRDA:128,12,1,0
BRDA:128,13,0,0
BRDA:128,13,1,0
BRDA:159,14,0,0
BRDA:159,14,1,0
BRDA:162,15,0,0
BRDA:162,15,1,0
BRDA:165,16,0,0
BRDA:165,16,1,0
BRDA:166,17,0,0
BRDA:166,17,1,0
BRDA:213,18,0,0
BRDA:214,19,0,0
BRDA:215,20,0,0
BRDA:216,21,0,0
BRDA:217,22,0,0
BRDA:218,23,0,0
BRDA:219,24,0,0
BRDA:232,25,0,0
BRDA:232,25,1,0
BRDA:235,26,0,0
BRDA:235,26,1,0
BRDA:235,27,0,0
BRDA:235,27,1,0
BRF:46
BRH:0
end_of_record
TN:
SF:src\pathfinding\DebugVisualizer.js
FN:15,(anonymous_0)
FN:48,(anonymous_1)
FN:50,(anonymous_2)
FN:55,(anonymous_3)
FN:60,(anonymous_4)
FN:65,(anonymous_5)
FN:72,(anonymous_6)
FN:78,(anonymous_7)
FN:87,(anonymous_8)
FN:93,(anonymous_9)
FN:102,(anonymous_10)
FN:106,(anonymous_11)
FN:110,(anonymous_12)
FN:118,(anonymous_13)
FN:129,(anonymous_14)
FN:138,(anonymous_15)
FN:146,(anonymous_16)
FN:161,(anonymous_17)
FN:169,(anonymous_18)
FN:170,(anonymous_19)
FN:173,(anonymous_20)
FN:185,(anonymous_21)
FN:188,(anonymous_22)
FN:190,(anonymous_23)
FN:206,(anonymous_24)
FN:208,(anonymous_25)
FN:210,(anonymous_26)
FN:222,(anonymous_27)
FN:227,(anonymous_28)
FN:233,(anonymous_29)
FN:244,(anonymous_30)
FN:246,(anonymous_31)
FN:258,(anonymous_32)
FN:263,(anonymous_33)
FN:275,(anonymous_34)
FN:280,(anonymous_35)
FN:285,(anonymous_36)
FN:305,(anonymous_37)
FN:316,(anonymous_38)
FN:319,(anonymous_39)
FN:342,(anonymous_40)
FN:344,(anonymous_41)
FN:350,(anonymous_42)
FN:361,(anonymous_43)
FN:362,(anonymous_44)
FN:366,(anonymous_45)
FN:379,(anonymous_46)
FN:380,(anonymous_47)
FNF:48
FNH:0
FNDA:0,(anonymous_0)
FNDA:0,(anonymous_1)
FNDA:0,(anonymous_2)
FNDA:0,(anonymous_3)
FNDA:0,(anonymous_4)
FNDA:0,(anonymous_5)
FNDA:0,(anonymous_6)
FNDA:0,(anonymous_7)
FNDA:0,(anonymous_8)
FNDA:0,(anonymous_9)
FNDA:0,(anonymous_10)
FNDA:0,(anonymous_11)
FNDA:0,(anonymous_12)
FNDA:0,(anonymous_13)
FNDA:0,(anonymous_14)
FNDA:0,(anonymous_15)
FNDA:0,(anonymous_16)
FNDA:0,(anonymous_17)
FNDA:0,(anonymous_18)
FNDA:0,(anonymous_19)
FNDA:0,(anonymous_20)
FNDA:0,(anonymous_21)
FNDA:0,(anonymous_22)
FNDA:0,(anonymous_23)
FNDA:0,(anonymous_24)
FNDA:0,(anonymous_25)
FNDA:0,(anonymous_26)
FNDA:0,(anonymous_27)
FNDA:0,(anonymous_28)
FNDA:0,(anonymous_29)
FNDA:0,(anonymous_30)
FNDA:0,(anonymous_31)
FNDA:0,(anonymous_32)
FNDA:0,(anonymous_33)
FNDA:0,(anonymous_34)
FNDA:0,(anonymous_35)
FNDA:0,(anonymous_36)
FNDA:0,(anonymous_37)
FNDA:0,(anonymous_38)
FNDA:0,(anonymous_39)
FNDA:0,(anonymous_40)
FNDA:0,(anonymous_41)
FNDA:0,(anonymous_42)
FNDA:0,(anonymous_43)
FNDA:0,(anonymous_44)
FNDA:0,(anonymous_45)
FNDA:0,(anonymous_46)
FNDA:0,(anonymous_47)
DA:16,0
DA:17,0
DA:18,0
DA:38,0
DA:39,0
DA:40,0
DA:41,0
DA:50,0
DA:51,0
DA:52,0
DA:53,0
DA:55,0
DA:56,0
DA:57,0
DA:58,0
DA:60,0
DA:61,0
DA:62,0
DA:63,0
DA:65,0
DA:66,0
DA:67,0
DA:71,0
DA:72,0
DA:73,0
DA:74,0
DA:75,0
DA:76,0
DA:78,0
DA:79,0
DA:80,0
DA:81,0
DA:82,0
DA:87,0
DA:88,0
DA:89,0
DA:90,0
DA:91,0
DA:93,0
DA:94,0
DA:95,0
DA:96,0
DA:97,0
DA:101,0
DA:102,0
DA:103,0
DA:104,0
DA:106,0
DA:107,0
DA:108,0
DA:110,0
DA:111,0
DA:112,0
DA:117,0
DA:118,0
DA:119,0
DA:120,0
DA:130,0
DA:131,0
DA:139,0
DA:140,0
DA:147,0
DA:148,0
DA:149,0
DA:150,0
DA:151,0
DA:152,0
DA:153,0
DA:154,0
DA:162,0
DA:170,0
DA:171,0
DA:172,0
DA:173,0
DA:174,0
DA:176,0
DA:177,0
DA:186,0
DA:187,0
DA:188,0
DA:189,0
DA:190,0
DA:191,0
DA:192,0
DA:193,0
DA:194,0
DA:195,0
DA:196,0
DA:197,0
DA:207,0
DA:208,0
DA:209,0
DA:210,0
DA:211,0
DA:213,0
DA:214,0
DA:223,0
DA:224,0
DA:225,0
DA:226,0
DA:227,0
DA:228,0
DA:230,0
DA:232,0
DA:233,0
DA:234,0
DA:235,0
DA:236,0
DA:245,0
DA:246,0
DA:247,0
DA:248,0
DA:249,0
DA:250,0
DA:259,0
DA:260,0
DA:261,0
DA:262,0
DA:264,0
DA:265,0
DA:266,0
DA:276,0
DA:277,0
DA:278,0
DA:280,0
DA:281,0
DA:282,0
DA:285,0
DA:286,0
DA:287,0
DA:290,0
DA:291,0
DA:292,0
DA:306,0
DA:307,0
DA:308,0
DA:309,0
DA:317,0
DA:319,0
DA:324,0
DA:343,0
DA:345,0
DA:349,0
DA:350,0
DA:351,0
DA:352,0
DA:353,0
DA:354,0
DA:362,0
DA:363,0
DA:364,0
DA:365,0
DA:366,0
DA:367,0
DA:369,0
DA:380,0
DA:381,0
DA:382,0
DA:383,0
DA:384,0
DA:385,0
DA:386,0
LF:162
LH:0
BRDA:15,0,0,0
BRDA:71,1,0,0
BRDA:71,1,1,0
BRDA:101,2,0,0
BRDA:101,2,1,0
BRDA:117,3,0,0
BRDA:117,3,1,0
BRDA:139,4,0,0
BRDA:139,4,1,0
BRDA:148,5,0,0
BRDA:148,5,1,0
BRDA:149,6,0,0
BRDA:149,6,1,0
BRDA:150,7,0,0
BRDA:150,7,1,0
BRDA:151,8,0,0
BRDA:151,8,1,0
BRDA:152,9,0,0
BRDA:152,9,1,0
BRDA:153,10,0,0
BRDA:153,10,1,0
BRDA:154,11,0,0
BRDA:154,11,1,0
BRDA:174,12,0,0
BRDA:174,12,1,0
BRDA:211,13,0,0
BRDA:211,13,1,0
BRDA:223,14,0,0
BRDA:223,14,1,0
BRDA:228,15,0,0
BRDA:228,15,1,0
BRDA:259,16,0,0
BRDA:259,16,1,0
BRDA:290,17,0,0
BRDA:290,17,1,0
BRDA:305,18,0,0
BRDA:305,19,0,0
BRDA:307,20,0,0
BRDA:307,20,1,0
BRDA:308,21,0,0
BRDA:308,21,1,0
BRDA:322,22,0,0
BRDA:322,22,1,0
BRDA:345,23,0,0
BRDA:345,23,1,0
BRDA:345,23,2,0
BRDA:363,24,0,0
BRDA:363,24,1,0
BRDA:364,25,0,0
BRDA:364,25,1,0
BRDA:367,26,0,0
BRDA:367,26,1,0
BRDA:379,27,0,0
BRDA:381,28,0,0
BRDA:381,28,1,0
BRF:55
BRH:0
end_of_record
TN:
SF:src\pathfinding\Graph.js
FN:14,(anonymous_0)
FN:33,(anonymous_1)
FN:45,(anonymous_2)
FN:54,(anonymous_3)
FN:55,(anonymous_4)
FN:62,(anonymous_5)
FN:63,(anonymous_6)
FN:65,(anonymous_7)
FN:66,(anonymous_8)
FNF:9
FNH:5
FNDA:3,(anonymous_0)
FNDA:8,(anonymous_1)
FNDA:1,(anonymous_2)
FNDA:6,(anonymous_3)
FNDA:9,(anonymous_4)
FNDA:0,(anonymous_5)
FNDA:0,(anonymous_6)
FNDA:0,(anonymous_7)
FNDA:0,(anonymous_8)
DA:15,3
DA:16,3
DA:18,3
DA:19,3
DA:20,8
DA:23,3
DA:24,4
DA:25,4
DA:34,8
DA:35,0
DA:37,8
DA:46,1
DA:55,9
DA:63,0
DA:64,0
DA:65,0
DA:66,0
DA:68,0
DA:69,0
DA:70,0
LF:20
LH:12
BRDA:14,0,0,0
BRDA:14,1,0,0
BRDA:33,2,0,0
BRDA:34,3,0,0
BRDA:34,3,1,8
BRDA:46,4,0,1
BRDA:46,4,1,0
BRF:7
BRH:2
end_of_record
TN:
SF:src\pathfinding\Pathfinder.js
FN:13,(anonymous_0)
FN:22,(anonymous_1)
FN:55,(anonymous_2)
FN:64,(anonymous_3)
FN:65,(anonymous_4)
FN:71,(anonymous_5)
FN:117,(anonymous_6)
FN:167,(anonymous_7)
FN:192,(anonymous_8)
FN:201,(anonymous_9)
FN:237,(anonymous_10)
FN:269,(anonymous_11)
FN:270,(anonymous_12)
FN:288,(anonymous_13)
FN:306,(anonymous_14)
FN:320,(anonymous_15)
FN:327,(anonymous_16)
FN:328,(anonymous_17)
FN:347,(anonymous_18)
FN:362,(anonymous_19)
FN:365,(anonymous_20)
FN:367,(anonymous_21)
FN:369,(anonymous_22)
FN:372,(anonymous_23)
FN:375,(anonymous_24)
FN:376,(anonymous_25)
FN:385,(anonymous_26)
FN:388,(anonymous_27)
FN:403,(anonymous_28)
FN:404,(anonymous_29)
FN:417,(anonymous_30)
FN:419,(anonymous_31)
FNF:32
FNH:18
FNDA:0,(anonymous_0)
FNDA:0,(anonymous_1)
FNDA:1,(anonymous_2)
FNDA:2,(anonymous_3)
FNDA:1,(anonymous_4)
FNDA:1,(anonymous_5)
FNDA:1,(anonymous_6)
FNDA:0,(anonymous_7)
FNDA:0,(anonymous_8)
FNDA:0,(anonymous_9)
FNDA:0,(anonymous_10)
FNDA:1,(anonymous_11)
FNDA:2,(anonymous_12)
FNDA:2,(anonymous_13)
FNDA:1,(anonymous_14)
FNDA:1,(anonymous_15)
FNDA:2,(anonymous_16)
FNDA:2,(anonymous_17)
FNDA:1,(anonymous_18)
FNDA:1,(anonymous_19)
FNDA:2,(anonymous_20)
FNDA:0,(anonymous_21)
FNDA:2,(anonymous_22)
FNDA:2,(anonymous_23)
FNDA:1,(anonymous_24)
FNDA:0,(anonymous_25)
FNDA:0,(anonymous_26)
FNDA:0,(anonymous_27)
FNDA:0,(anonymous_28)
FNDA:0,(anonymous_29)
FNDA:0,(anonymous_30)
FNDA:0,(anonymous_31)
DA:14,0
DA:23,0
DA:29,3
DA:57,1
DA:62,1
DA:64,2
DA:65,1
DA:71,1
DA:74,1
DA:77,1
DA:78,1
DA:82,1
DA:83,1
DA:84,1
DA:88,1
DA:90,1
DA:91,1
DA:93,0
DA:94,0
DA:96,0
DA:97,0
DA:99,0
DA:100,0
DA:102,0
DA:106,1
DA:107,1
DA:109,0
DA:112,1
DA:113,1
DA:118,1
DA:119,1
DA:120,1
DA:121,1
DA:122,1
DA:125,1
DA:126,1
DA:130,1
DA:132,1
DA:133,2
DA:134,2
DA:135,1
DA:137,1
DA:138,1
DA:139,1
DA:142,1
DA:143,1
DA:144,1
DA:145,1
DA:147,1
DA:148,1
DA:149,1
DA:150,1
DA:151,1
DA:155,1
DA:156,1
DA:157,1
DA:158,1
DA:163,0
DA:168,0
DA:169,0
DA:170,0
DA:171,0
DA:172,0
DA:174,0
DA:175,0
DA:176,0
DA:177,0
DA:179,0
DA:180,0
DA:181,0
DA:182,0
DA:183,0
DA:184,0
DA:188,0
DA:193,0
DA:194,0
DA:195,0
DA:196,0
DA:197,0
DA:198,0
DA:201,0
DA:202,0
DA:203,0
DA:205,0
DA:206,0
DA:208,0
DA:209,0
DA:210,0
DA:211,0
DA:212,0
DA:214,0
DA:215,0
DA:216,0
DA:218,0
DA:219,0
DA:220,0
DA:221,0
DA:222,0
DA:223,0
DA:228,0
DA:229,0
DA:230,0
DA:231,0
DA:233,0
DA:238,0
DA:239,0
DA:240,0
DA:241,0
DA:244,0
DA:245,0
DA:246,0
DA:247,0
DA:249,0
DA:250,0
DA:251,0
DA:252,0
DA:253,0
DA:254,0
DA:258,0
DA:270,1
DA:271,2
DA:272,0
DA:274,2
DA:276,1
DA:277,1
DA:278,1
DA:279,0
DA:281,1
DA:289,2
DA:290,2
DA:291,2
DA:292,4
DA:293,4
DA:294,4
DA:295,3
DA:296,3
DA:299,2
DA:307,1
DA:308,1
DA:309,1
DA:310,2
DA:311,2
DA:313,1
DA:321,1
DA:322,1
DA:323,2
DA:324,2
DA:325,2
DA:327,2
DA:328,2
DA:329,1
DA:331,1
DA:348,1
DA:349,1
DA:350,1
DA:351,1
DA:352,1
DA:354,1
DA:363,1
DA:366,2
DA:367,2
DA:370,2
DA:373,2
DA:376,1
DA:384,3
DA:386,0
DA:389,0
DA:404,0
DA:405,0
DA:406,0
DA:408,0
DA:409,0
DA:418,0
DA:420,0
DA:421,0
DA:422,0
LF:176
LH:91
BRDA:77,0,0,1
BRDA:77,0,1,0
BRDA:88,1,0,1
BRDA:88,1,1,0
BRDA:88,1,2,0
BRDA:88,1,3,0
BRDA:88,1,4,0
BRDA:106,2,0,1
BRDA:106,2,1,0
BRDA:113,3,0,0
BRDA:113,3,1,1
BRDA:132,4,0,2
BRDA:132,4,1,2
BRDA:134,5,0,1
BRDA:134,5,1,1
BRDA:139,6,0,0
BRDA:139,6,1,1
BRDA:142,7,0,1
BRDA:142,7,1,1
BRDA:145,8,0,0
BRDA:145,8,1,1
BRDA:147,9,0,1
BRDA:147,9,1,1
BRDA:148,10,0,1
BRDA:148,10,1,0
BRDA:157,11,0,1
BRDA:157,11,1,0
BRDA:163,12,0,0
BRDA:163,12,1,0
BRDA:174,13,0,0
BRDA:174,13,1,0
BRDA:176,14,0,0
BRDA:176,14,1,0
BRDA:181,15,0,0
BRDA:181,15,1,0
BRDA:181,16,0,0
BRDA:181,16,1,0
BRDA:188,17,0,0
BRDA:188,17,1,0
BRDA:208,18,0,0
BRDA:208,18,1,0
BRDA:210,19,0,0
BRDA:210,19,1,0
BRDA:216,20,0,0
BRDA:216,20,1,0
BRDA:220,21,0,0
BRDA:220,21,1,0
BRDA:228,22,0,0
BRDA:228,22,1,0
BRDA:230,23,0,0
BRDA:230,23,1,0
BRDA:244,24,0,0
BRDA:244,24,1,0
BRDA:246,25,0,0
BRDA:246,25,1,0
BRDA:251,26,0,0
BRDA:251,26,1,0
BRDA:251,27,0,0
BRDA:251,27,1,0
BRDA:258,28,0,0
BRDA:258,28,1,0
BRDA:271,29,0,0
BRDA:271,29,1,2
BRDA:278,30,0,0
BRDA:278,30,1,1
BRDA:278,31,0,1
BRDA:278,31,1,1
BRDA:294,32,0,3
BRDA:294,32,1,1
BRDA:309,33,0,3
BRDA:309,33,1,2
BRDA:324,34,0,0
BRDA:324,34,1,2
BRDA:336,35,0,1
BRDA:336,35,1,1
BRDA:420,36,0,0
BRDA:420,36,1,0
BRDA:421,37,0,0
BRDA:421,37,1,0
BRF:79
BRH:27
end_of_record
