TN:
SF:dist\geometry_wasm.js
FNF:0
FNH:0
DA:1,1
DA:2,1
DA:3,1
DA:4,1
DA:5,0
DA:6,0
DA:7,0
DA:8,0
DA:9,0
DA:10,0
DA:11,0
DA:12,0
DA:13,1
DA:14,1
DA:15,1
DA:16,1
DA:17,1
DA:18,1
DA:19,1
DA:20,1
DA:21,0
LF:21
LH:12
BRDA:20,0,0,0
BRDA:1,1,0,1
BRDA:2,2,0,0
BRF:3
BRH:1
end_of_record
TN:
SF:dist\mesh-pilot.umd.js
FN:1,d
FN:1,o
FN:1,r
FN:1,n
FN:1,n
FN:1,n
FN:1,r
FN:1,o
FN:1,AgentManager
FN:1,AgentProfile
FN:1,DebugVisualizer
FN:1,NavMesh
FN:1,PathFinder
FN:1,Polygon
FN:1,e
FN:1,value
FN:1,value
FN:1,value
FN:1,value
FN:1,value
FN:1,i
FN:1,i
FN:1,i
FN:1,c
FN:1,o
FN:1,n
FN:1,e
FN:1,s
FN:1,n
FN:1,e
FN:1,f
FN:1,s
FN:1,l
FN:1,u
FN:1,e
FN:1,value
FN:1,value
FN:1,value
FN:1,value
FN:1,value
FN:1,value
FN:1,value
FN:1,h
FN:1,h
FN:1,h
FN:1,y
FN:1,d
FN:1,p
FN:1,g
FN:1,v
FN:1,b
FN:1,m
FN:1,w
FN:1,O
FN:1,P
FN:1,x
FN:1,_
FN:1,j
FN:1,S
FN:1,S
FN:1,M
FN:1,M.M
FN:1,E
FN:1,E.E
FN:1,t
FN:1,n.options.cellSize
FN:1,value
FN:1,value
FN:1,t
FN:1,value
FN:1,value
FN:1,value
FN:1,value
FN:1,value
FN:1,value
FN:1,value
FN:1,value
FN:1,e
FN:1,value
FN:1,value
FN:1,value
FN:1,value
FN:1,value
FN:1,C
FN:1,C.C
FN:1,C.C
FN:1,I
FN:1,L
FN:1,T
FN:1,D
FN:1,N
FN:1,o
FN:1,n
FN:1,e
FN:1,s
FN:1,n
FN:1,e
FN:1,f
FN:1,R
FN:1,G
FN:1,B
FN:1,F
FN:1,q
FN:1,q
FN:1,z
FN:1,z
FN:1,U
FN:1,U.U
FN:1,t
FN:1,value
FN:1,value
FN:1,value
FN:1,value
FN:1,W
FN:1,W.W
FN:1,W.W
FN:1,K
FN:1,o
FN:1,n
FN:1,e
FN:1,s
FN:1,n
FN:1,e
FN:1,f
FN:1,$
FN:1,H
FN:1,J
FN:1,Y
FN:1,X
FN:1,Q
FN:1,Z
FN:1,ee
FN:1,e
FN:1,value
FN:1,value
FN:1,value
FN:1,heuristic
FN:1,costFunction
FN:1,validator
FN:1,value
FN:1,value
FN:1,value
FN:1,value
FN:1,value
FN:1,n
FN:1,value
FN:1,value
FN:1,value
FN:1,value
FN:1,e
FN:1,value
FN:1,value
FN:1,value
FN:1,value
FN:1,e
FN:1,value
FN:1,value
FN:1,ae
FN:1,ae
FN:1,ae
FN:1,ie
FN:1,ce
FN:1,se
FN:1,le
FN:1,ue
FN:1,fe
FN:1,he
FN:1,ye
FN:1,de
FN:1,pe
FN:1,pe
FN:1,ge
FN:1,ge
FN:1,ve
FN:1,ve
FN:1,t
FN:1,value
FN:1,value
FN:1,value
FN:1,value
FN:1,value
FN:1,value
FN:1,value
FN:1,value
FN:1,value
FN:1,value
FN:1,e
FN:1,value
FN:1,we
FN:1,we
FN:1,we
FN:1,Oe
FN:1,Pe
FN:1,e
FN:1,value
FN:1,value
FN:1,value
FN:1,value
FN:1,value
FN:1,value
FN:1,Me
FN:1,Me.Me
FN:1,Me.Me
FN:1,Ee
FN:1,ke
FN:1,Ae
FN:1,o
FN:1,n
FN:1,e
FN:1,s
FN:1,n
FN:1,e
FN:1,f
FN:1,Ce
FN:1,Ie
FN:1,Le
FN:1,Te
FN:1,Te
FN:1,De
FN:1,De.De
FN:1,Ne
FN:1,Ne.Ne
FN:1,t
FN:1,Re.key
FN:1,value
FN:1,value
FN:1,value
FN:1,value
FN:1,value
FN:1,value
FN:1,h
FN:1,y
FN:1,value
FN:1,value
FN:1,value
FN:1,value
FN:1,value
FN:1,value
FN:1,value
FN:1,value
FN:1,get
FN:1,get
FN:1,get
FN:1,value
FN:1,get
FN:1,Ge
FN:1,Ge.Ge
FN:1,Ge.Ge
FN:1,Be
FN:1,Fe
FN:1,qe
FN:1,ze
FN:1,Ue
FN:1,Ve
FN:1,We.key
FN:1,e
FN:1,value
FN:1,value
FN:1,value
FN:1,value
FN:1,value
FN:1,value
FN:1,value
FN:1,value
FN:1,value
FN:1,value
FN:1,value
FN:1,value
FN:1,value
FN:1,value
FN:1,value
FN:1,value
FN:1,value
FNF:273
FNH:140
FNDA:1,d
FNDA:12,o
FNDA:1,r
FNDA:1,n
FNDA:10,n
FNDA:0,n
FNDA:1,r
FNDA:5,o
FNDA:0,AgentManager
FNDA:0,AgentProfile
FNDA:0,DebugVisualizer
FNDA:1,NavMesh
FNDA:1,PathFinder
FNDA:1,Polygon
FNDA:5,e
FNDA:2,value
FNDA:1,value
FNDA:6,value
FNDA:0,value
FNDA:0,value
FNDA:1,i
FNDA:14,i
FNDA:0,i
FNDA:4,c
FNDA:0,o
FNDA:0,n
FNDA:0,e
FNDA:4,s
FNDA:16,n
FNDA:0,e
FNDA:4,f
FNDA:0,s
FNDA:1,l
FNDA:7,u
FNDA:2,e
FNDA:2,value
FNDA:4,value
FNDA:8,value
FNDA:0,value
FNDA:0,value
FNDA:0,value
FNDA:0,value
FNDA:1,h
FNDA:31,h
FNDA:0,h
FNDA:0,y
FNDA:0,d
FNDA:0,p
FNDA:0,g
FNDA:0,v
FNDA:0,b
FNDA:0,m
FNDA:1,w
FNDA:0,O
FNDA:2,P
FNDA:2,x
FNDA:2,_
FNDA:15,j
FNDA:1,S
FNDA:1,S
FNDA:1,M
FNDA:0,M.M
FNDA:1,E
FNDA:0,E.E
FNDA:1,t
FNDA:1,n.options.cellSize
FNDA:1,value
FNDA:2,value
FNDA:1,t
FNDA:0,value
FNDA:0,value
FNDA:0,value
FNDA:0,value
FNDA:0,value
FNDA:0,value
FNDA:0,value
FNDA:0,value
FNDA:1,e
FNDA:6,value
FNDA:0,value
FNDA:6,value
FNDA:6,value
FNDA:6,value
FNDA:1,C
FNDA:9,C.C
FNDA:0,C.C
FNDA:0,I
FNDA:0,L
FNDA:0,T
FNDA:1,D
FNDA:2,N
FNDA:0,o
FNDA:0,n
FNDA:0,e
FNDA:2,s
FNDA:5,n
FNDA:0,e
FNDA:2,f
FNDA:0,R
FNDA:0,G
FNDA:1,B
FNDA:4,F
FNDA:1,q
FNDA:1,q
FNDA:1,z
FNDA:0,z
FNDA:1,U
FNDA:0,U.U
FNDA:1,t
FNDA:2,value
FNDA:1,value
FNDA:8,value
FNDA:0,value
FNDA:1,W
FNDA:64,W.W
FNDA:0,W.W
FNDA:2,K
FNDA:0,o
FNDA:0,n
FNDA:0,e
FNDA:2,s
FNDA:5,n
FNDA:0,e
FNDA:2,f
FNDA:0,$
FNDA:2,H
FNDA:2,J
FNDA:1,Y
FNDA:3,X
FNDA:3,Q
FNDA:14,Z
FNDA:32,ee
FNDA:0,e
FNDA:0,value
FNDA:0,value
FNDA:1,value
FNDA:2,heuristic
FNDA:1,costFunction
FNDA:1,validator
FNDA:1,value
FNDA:0,value
FNDA:0,value
FNDA:0,value
FNDA:1,value
FNDA:2,n
FNDA:0,value
FNDA:1,value
FNDA:1,value
FNDA:1,value
FNDA:1,e
FNDA:2,value
FNDA:2,value
FNDA:2,value
FNDA:1,value
FNDA:0,e
FNDA:0,value
FNDA:0,value
FNDA:1,ae
FNDA:23,ae
FNDA:0,ae
FNDA:0,ie
FNDA:0,ce
FNDA:0,se
FNDA:0,le
FNDA:0,ue
FNDA:1,fe
FNDA:2,he
FNDA:2,ye
FNDA:11,de
FNDA:1,pe
FNDA:1,pe
FNDA:1,ge
FNDA:0,ge
FNDA:1,ve
FNDA:0,ve
FNDA:1,t
FNDA:0,value
FNDA:0,value
FNDA:0,value
FNDA:0,value
FNDA:0,value
FNDA:0,value
FNDA:0,value
FNDA:0,value
FNDA:0,value
FNDA:0,value
FNDA:0,e
FNDA:0,value
FNDA:1,we
FNDA:14,we
FNDA:0,we
FNDA:1,Oe
FNDA:7,Pe
FNDA:1,e
FNDA:1,value
FNDA:1,value
FNDA:0,value
FNDA:0,value
FNDA:0,value
FNDA:0,value
FNDA:1,Me
FNDA:39,Me.Me
FNDA:0,Me.Me
FNDA:0,Ee
FNDA:0,ke
FNDA:2,Ae
FNDA:0,o
FNDA:0,n
FNDA:0,e
FNDA:2,s
FNDA:2,n
FNDA:0,e
FNDA:2,f
FNDA:0,Ce
FNDA:1,Ie
FNDA:19,Le
FNDA:1,Te
FNDA:1,Te
FNDA:1,De
FNDA:0,De.De
FNDA:1,Ne
FNDA:0,Ne.Ne
FNDA:1,t
FNDA:1,Re.key
FNDA:2,value
FNDA:1,value
FNDA:0,value
FNDA:1,value
FNDA:1,value
FNDA:1,value
FNDA:4,h
FNDA:1,y
FNDA:0,value
FNDA:0,value
FNDA:1,value
FNDA:0,value
FNDA:0,value
FNDA:1,value
FNDA:0,value
FNDA:0,value
FNDA:6,get
FNDA:9,get
FNDA:0,get
FNDA:0,value
FNDA:0,get
FNDA:1,Ge
FNDA:34,Ge.Ge
FNDA:0,Ge.Ge
FNDA:0,Be
FNDA:0,Fe
FNDA:0,qe
FNDA:0,ze
FNDA:1,Ue
FNDA:17,Ve
FNDA:1,We.key
FNDA:0,e
FNDA:0,value
FNDA:0,value
FNDA:0,value
FNDA:0,value
FNDA:0,value
FNDA:0,value
FNDA:0,value
FNDA:0,value
FNDA:0,value
FNDA:0,value
FNDA:0,value
FNDA:0,value
FNDA:0,value
FNDA:0,value
FNDA:0,value
FNDA:0,value
FNDA:0,value
DA:1,1
LF:1
LH:1
BRDA:1,0,0,1
BRDA:1,1,0,0
BRDA:1,2,0,1
BRDA:1,3,0,1
BRDA:1,4,0,0
BRDA:1,5,0,1
BRDA:1,6,0,6
BRDA:1,7,0,12
BRDA:1,8,0,1
BRDA:1,9,0,1
BRDA:1,10,0,0
BRDA:1,11,0,10
BRDA:1,12,0,1
BRDA:1,13,0,5
BRDA:1,14,0,5
BRDA:1,15,0,0
BRDA:1,16,0,5
BRDA:1,17,0,0
BRDA:1,18,0,0
BRDA:1,19,0,1
BRDA:1,20,0,1
BRDA:1,21,0,1
BRDA:1,22,0,1
BRDA:1,23,0,0
BRDA:1,24,0,5
BRDA:1,25,0,5
BRDA:1,26,0,0
BRDA:1,27,0,2
BRDA:1,28,0,1
BRDA:1,29,0,6
BRDA:1,30,0,0
BRDA:1,31,0,1
BRDA:1,32,0,1
BRDA:1,33,0,0
BRDA:1,34,0,1
BRDA:1,35,0,0
BRDA:1,36,0,14
BRDA:1,37,0,4
BRDA:1,38,0,0
BRDA:1,39,0,0
BRDA:1,40,0,4
BRDA:1,41,0,16
BRDA:1,42,0,4
BRDA:1,43,0,0
BRDA:1,44,0,0
BRDA:1,45,0,0
BRDA:1,46,0,1
BRDA:1,47,0,7
BRDA:1,48,0,7
BRDA:1,49,0,0
BRDA:1,50,0,7
BRDA:1,51,0,0
BRDA:1,52,0,0
BRDA:1,53,0,1
BRDA:1,54,0,0
BRDA:1,55,0,2
BRDA:1,56,0,0
BRDA:1,57,0,0
BRDA:1,58,0,0
BRDA:1,59,0,2
BRDA:1,60,0,0
BRDA:1,61,0,2
BRDA:1,62,0,0
BRDA:1,63,0,6
BRDA:1,64,0,0
BRDA:1,65,0,4
BRDA:1,66,0,2
BRDA:1,67,0,6
BRDA:1,68,0,2
BRDA:1,69,0,8
BRDA:1,70,0,6
BRDA:1,71,0,2
BRDA:1,72,0,6
BRDA:1,73,0,0
BRDA:1,74,0,2
BRDA:1,75,0,1
BRDA:1,76,0,0
BRDA:1,77,0,31
BRDA:1,78,0,1
BRDA:1,79,0,2
BRDA:1,80,0,0
BRDA:1,81,0,2
BRDA:1,82,0,15
BRDA:1,83,0,2
BRDA:1,84,0,0
BRDA:1,85,0,15
BRDA:1,86,0,0
BRDA:1,87,0,15
BRDA:1,88,0,0
BRDA:1,89,0,0
BRDA:1,90,0,1
BRDA:1,91,0,0
BRDA:1,92,0,0
BRDA:1,93,0,1
BRDA:1,94,0,1
BRDA:1,95,0,0
BRDA:1,96,0,1
BRDA:1,97,0,0
BRDA:1,98,0,1
BRDA:1,99,0,1
BRDA:1,100,0,0
BRDA:1,101,0,1
BRDA:1,102,0,0
BRDA:1,103,0,1
BRDA:1,104,0,0
BRDA:1,105,0,0
BRDA:1,106,0,1
BRDA:1,107,0,0
BRDA:1,108,0,0
BRDA:1,109,0,1
BRDA:1,110,0,0
BRDA:1,111,0,0
BRDA:1,112,0,1
BRDA:1,113,0,2
BRDA:1,114,0,1
BRDA:1,115,0,2
BRDA:1,116,0,6
BRDA:1,117,0,1
BRDA:1,118,0,1
BRDA:1,119,0,1
BRDA:1,120,0,0
BRDA:1,121,0,6
BRDA:1,122,0,6
BRDA:1,123,0,1
BRDA:1,124,0,6
BRDA:1,125,0,6
BRDA:1,126,0,6
BRDA:1,127,0,1
BRDA:1,128,0,0
BRDA:1,129,0,9
BRDA:1,130,0,1
BRDA:1,131,0,0
BRDA:1,132,0,0
BRDA:1,133,0,0
BRDA:1,134,0,1
BRDA:1,135,0,2
BRDA:1,136,0,0
BRDA:1,137,0,0
BRDA:1,138,0,2
BRDA:1,139,0,5
BRDA:1,140,0,2
BRDA:1,141,0,0
BRDA:1,142,0,0
BRDA:1,143,0,0
BRDA:1,144,0,1
BRDA:1,145,0,4
BRDA:1,146,0,4
BRDA:1,147,0,0
BRDA:1,148,0,4
BRDA:1,149,0,0
BRDA:1,150,0,0
BRDA:1,151,0,1
BRDA:1,152,0,0
BRDA:1,153,0,0
BRDA:1,154,0,1
BRDA:1,155,0,1
BRDA:1,156,0,0
BRDA:1,157,0,1
BRDA:1,158,0,0
BRDA:1,159,0,1
BRDA:1,160,0,0
BRDA:1,161,0,1
BRDA:1,162,0,0
BRDA:1,163,0,0
BRDA:1,164,0,2
BRDA:1,165,0,0
BRDA:1,166,0,0
BRDA:1,167,0,1
BRDA:1,168,0,0
BRDA:1,169,0,1
BRDA:1,170,0,0
BRDA:1,171,0,1
BRDA:1,172,0,0
BRDA:1,173,0,0
BRDA:1,174,0,1
BRDA:1,175,0,0
BRDA:1,176,0,0
BRDA:1,177,0,2
BRDA:1,178,0,0
BRDA:1,179,0,0
BRDA:1,180,0,1
BRDA:1,181,0,0
BRDA:1,182,0,8
BRDA:1,183,0,12
BRDA:1,184,0,1
BRDA:1,185,0,0
BRDA:1,186,0,64
BRDA:1,187,0,2
BRDA:1,188,0,0
BRDA:1,189,0,0
BRDA:1,190,0,2
BRDA:1,191,0,5
BRDA:1,192,0,2
BRDA:1,193,0,0
BRDA:1,194,0,0
BRDA:1,195,0,0
BRDA:1,196,0,2
BRDA:1,197,0,2
BRDA:1,198,0,0
BRDA:1,199,0,0
BRDA:1,200,0,12
BRDA:1,201,0,1
BRDA:1,202,0,0
BRDA:1,203,0,3
BRDA:1,204,0,18
BRDA:1,205,0,3
BRDA:1,206,0,1
BRDA:1,207,0,2
BRDA:1,208,0,14
BRDA:1,209,0,0
BRDA:1,210,0,32
BRDA:1,211,0,0
BRDA:1,212,0,32
BRDA:1,213,0,0
BRDA:1,214,0,0
BRDA:1,215,0,1
BRDA:1,216,0,1
BRDA:1,217,0,0
BRDA:1,218,0,0
BRDA:1,219,0,0
BRDA:1,220,0,0
BRDA:1,221,0,0
BRDA:1,222,0,2
BRDA:1,223,0,1
BRDA:1,224,0,1
BRDA:1,225,0,1
BRDA:1,226,0,2
BRDA:1,227,0,2
BRDA:1,228,0,1
BRDA:1,229,0,0
BRDA:1,230,0,0
BRDA:1,231,0,1
BRDA:1,232,0,0
BRDA:1,233,0,0
BRDA:1,234,0,1
BRDA:1,235,0,0
BRDA:1,236,0,2
BRDA:1,237,0,0
BRDA:1,238,0,1
BRDA:1,239,0,2
BRDA:1,240,0,1
BRDA:1,241,0,2
BRDA:1,242,0,0
BRDA:1,243,0,0
BRDA:1,244,0,2
BRDA:1,245,0,2
BRDA:1,246,0,1
BRDA:1,247,0,1
BRDA:1,248,0,1
BRDA:1,249,0,2
BRDA:1,250,0,2
BRDA:1,251,0,2
BRDA:1,252,0,1
BRDA:1,253,0,1
BRDA:1,254,0,1
BRDA:1,255,0,0
BRDA:1,256,0,23
BRDA:1,257,0,1
BRDA:1,258,0,0
BRDA:1,259,0,2
BRDA:1,260,0,11
BRDA:1,261,0,2
BRDA:1,262,0,0
BRDA:1,263,0,11
BRDA:1,264,0,0
BRDA:1,265,0,11
BRDA:1,266,0,0
BRDA:1,267,0,0
BRDA:1,268,0,1
BRDA:1,269,0,0
BRDA:1,270,0,0
BRDA:1,271,0,1
BRDA:1,272,0,1
BRDA:1,273,0,0
BRDA:1,274,0,1
BRDA:1,275,0,0
BRDA:1,276,0,1
BRDA:1,277,0,1
BRDA:1,278,0,1
BRDA:1,279,0,0
BRDA:1,280,0,1
BRDA:1,281,0,0
BRDA:1,282,0,0
BRDA:1,283,0,1
BRDA:1,284,0,0
BRDA:1,285,0,0
BRDA:1,286,0,1
BRDA:1,287,0,1
BRDA:1,288,0,0
BRDA:1,289,0,14
BRDA:1,290,0,1
BRDA:1,291,0,6
BRDA:1,292,0,7
BRDA:1,293,0,0
BRDA:1,294,0,7
BRDA:1,295,0,0
BRDA:1,296,0,0
BRDA:1,297,0,1
BRDA:1,298,0,0
BRDA:1,299,0,1
BRDA:1,300,0,1
BRDA:1,301,0,0
BRDA:1,302,0,1
BRDA:1,303,0,1
BRDA:1,304,0,0
BRDA:1,305,0,0
BRDA:1,306,0,0
BRDA:1,307,0,1
BRDA:1,308,0,0
BRDA:1,309,0,39
BRDA:1,310,0,2
BRDA:1,311,0,0
BRDA:1,312,0,0
BRDA:1,313,0,2
BRDA:1,314,0,2
BRDA:1,315,0,2
BRDA:1,316,0,0
BRDA:1,317,0,0
BRDA:1,318,0,1
BRDA:1,319,0,19
BRDA:1,320,0,15
BRDA:1,321,0,19
BRDA:1,322,0,0
BRDA:1,323,0,19
BRDA:1,324,0,0
BRDA:1,325,0,0
BRDA:1,326,0,1
BRDA:1,327,0,0
BRDA:1,328,0,0
BRDA:1,329,0,1
BRDA:1,330,0,1
BRDA:1,331,0,0
BRDA:1,332,0,1
BRDA:1,333,0,0
BRDA:1,334,0,1
BRDA:1,335,0,1
BRDA:1,336,0,0
BRDA:1,337,0,0
BRDA:1,338,0,1
BRDA:1,339,0,0
BRDA:1,340,0,1
BRDA:1,341,0,0
BRDA:1,342,0,1
BRDA:1,343,0,0
BRDA:1,344,0,0
BRDA:1,345,0,1
BRDA:1,346,0,0
BRDA:1,347,0,0
BRDA:1,348,0,1
BRDA:1,349,0,2
BRDA:1,350,0,0
BRDA:1,351,0,0
BRDA:1,352,0,0
BRDA:1,353,0,0
BRDA:1,354,0,1
BRDA:1,355,0,0
BRDA:1,356,0,2
BRDA:1,357,0,1
BRDA:1,358,0,0
BRDA:1,359,0,0
BRDA:1,360,0,2
BRDA:1,361,0,1
BRDA:1,362,0,0
BRDA:1,363,0,0
BRDA:1,364,0,0
BRDA:1,365,0,0
BRDA:1,366,0,1
BRDA:1,367,0,1
BRDA:1,368,0,0
BRDA:1,369,0,1
BRDA:1,370,0,0
BRDA:1,371,0,0
BRDA:1,372,0,0
BRDA:1,373,0,0
BRDA:1,374,0,0
BRDA:1,375,0,0
BRDA:1,376,0,4
BRDA:1,377,0,1
BRDA:1,378,0,1
BRDA:1,379,0,1
BRDA:1,380,0,6
BRDA:1,381,0,9
BRDA:1,382,0,1
BRDA:1,383,0,0
BRDA:1,384,0,34
BRDA:1,385,0,1
BRDA:1,386,0,17
BRDA:1,387,0,17
BRDA:1,388,0,0
BRDA:1,389,0,17
BRDA:1,390,0,0
BRDA:1,391,0,0
BRDA:1,392,0,1
BRDA:1,393,0,1
BRF:394
BRH:226
end_of_record
TN:
SF:example\smoke-test\node-smoke.js
FN:13,locateFile
FNF:1
FNH:0
FNDA:0,locateFile
DA:1,1
DA:2,1
DA:3,1
DA:4,1
DA:5,1
DA:6,1
DA:7,1
DA:8,1
DA:9,1
DA:10,1
DA:11,1
DA:12,1
DA:13,1
DA:14,0
DA:15,0
DA:16,0
DA:17,0
DA:18,0
DA:19,0
DA:20,1
DA:21,1
DA:22,1
DA:23,1
DA:24,1
DA:25,1
DA:26,1
DA:27,1
DA:28,1
DA:29,1
DA:30,1
DA:31,1
DA:32,1
DA:33,1
DA:34,1
DA:35,1
DA:36,1
DA:37,1
DA:38,1
DA:39,1
DA:40,1
DA:41,1
DA:42,1
DA:43,1
DA:44,1
DA:45,1
DA:46,1
LF:46
LH:40
BRDA:37,0,0,3
BRDA:38,1,0,3
BRDA:41,2,0,2
BRF:3
BRH:3
end_of_record
